 Goodness |  Improvement/step |  Step Size  |  Iterations  |  CPU Time
  0.8163         1.041e+00       6.000e-03          1          0.78 
  0.8669         9.933e-01       1.200e-02          2          1.71 
  0.9272         9.464e-01       8.051e-03          3          2.47 
  0.9608         8.980e-01       7.232e-03          4          3.25 
  0.9788         8.489e-01       4.195e-03          5          3.95 
  0.9877         7.994e-01       4.031e-03          6          4.92 
  0.9886         7.494e-01       8.062e-03          7          6.08 
  0.9912         6.996e-01       5.807e-03          8          6.94 
  0.9920         6.496e-01       8.953e-03          9          8.05 
  0.9926         5.996e-01       5.853e-03         10          8.99 
  0.9930         5.497e-01       8.237e-03         11          9.67 
  0.9932         4.997e-01       9.110e-03         12         10.46 
  0.9937         4.497e-01       5.764e-03         13         11.31 
  0.9938         3.997e-01       1.035e-02         14         12.31 
  0.9938         3.497e-01       8.621e-03         15         13.43 
  0.9940         2.997e-01       5.560e-03         16         14.19 
  0.9940         2.497e-01       1.084e-02         17         15.14 
  0.9940         1.997e-01       7.210e-03         18         15.91 
  0.9941         1.497e-01       5.823e-03         19         16.76 
  0.9941         9.970e-02       1.165e-02         20         17.71 
  0.9941         8.890e-03       6.966e-03         21         18.28 
  0.9941         6.356e-03       9.427e-03         22         18.84 
  0.9941         3.343e-03       7.179e-03         23         19.33 
  0.9941         1.662e-03       6.674e-03         24         19.89 
  0.9941         7.658e-04       1.335e-02         25         20.57 
  0.9941         3.180e-04       7.752e-03         26         21.12 
  0.9941         2.731e-04       7.145e-03         27         21.62 
  0.9941         1.431e-04       6.968e-03         28         22.18 
  0.9941         1.073e-04       6.567e-03         29         22.72 
  0.9941         7.690e-05       8.239e-03         30         23.25 
  0.9941         5.534e-05       6.253e-03         31         23.81 
  0.9941         4.783e-05       7.030e-03         32         24.35 
  0.9942         2.524e-05       6.738e-03         33         24.86 
  0.9942         2.066e-05       7.009e-03         34         25.41 
  0.9942         1.820e-05       6.964e-03         35         25.95 
  0.9942         1.118e-05       5.492e-03         36         26.47 
  0.9942         1.147e-05       7.073e-03         37         26.98 
  0.9943         1.159e-05       6.360e-03         38         27.56 
  0.9943         1.159e-05       6.443e-03         39         28.11 
  0.9943         1.297e-05       5.872e-03         40         28.70 
  0.9943         1.346e-05       6.041e-03         41         29.27 
  0.9943         1.428e-05       7.240e-03         42         29.83 
  0.9944         1.548e-05       5.273e-03         43         30.39 
  0.9944         1.608e-05       5.323e-03         44         30.90 
  0.9944         1.641e-05       5.604e-03         45         31.45 
  0.9944         1.598e-05       5.941e-03         46         31.97 
  0.9944         1.592e-05       5.778e-03         47         32.54 
  0.9944         1.588e-05       5.268e-03         48         33.11 
  0.9944         1.570e-05       7.348e-03         49         33.65 
  0.9944         1.555e-05       8.221e-03         50         34.20 
  0.9944         1.532e-05       6.745e-03         51         34.77 
  0.9944         1.535e-05       6.978e-03         52         35.31 
  0.9945         1.509e-05       6.794e-03         53         35.87 
  0.9945         1.503e-05       7.803e-03         54         36.42 
  0.9945         1.520e-05       6.113e-03         55         36.92 
  0.9945         1.487e-05       5.423e-03         56         37.50 
  0.9945         1.463e-05       7.370e-03         57         38.01 
  0.9945         1.430e-05       5.994e-03         58         38.58 
  0.9946         1.397e-05       5.696e-03         59         39.15 
  0.9946         1.306e-05       5.170e-03         60         39.74 
  0.9946         1.251e-05       6.135e-03         61         40.28 
  0.9946         1.188e-05       6.433e-03         62         40.81 
  0.9946         1.087e-05       4.932e-03         63         41.33 
  0.9946         1.029e-05       6.126e-03         64         41.92 
  0.9946         9.968e-06       6.554e-03         65         42.43 
  0.9946         9.826e-06       6.927e-03         66         42.99 
  0.9946         9.695e-06       6.062e-03         67         43.54 
  0.9946         9.574e-06       5.883e-03         68         44.14 
  0.9946         9.543e-06       8.016e-03         69         44.71 
  0.9946         9.497e-06       6.486e-03         70         45.22 
  0.9946         9.171e-06       5.548e-03         71         45.79 
  0.9946         8.647e-06       6.452e-03         72         46.37 
  0.9946         8.160e-06       6.675e-03         73         46.97 
  0.9946         7.645e-06       6.818e-03         74         47.53 
  0.9946         6.404e-06       5.746e-03         75         48.04 
  0.9946         5.697e-06       6.661e-03         76         48.62 
  0.9946         5.270e-06       8.831e-03         77         49.15 
  0.9946         4.884e-06       6.504e-03         78         49.68 
  0.9947         4.536e-06       6.514e-03         79         50.22 
  0.9947         4.318e-06       6.414e-03         80         50.77 
  0.9947         4.386e-06       7.362e-03         81         51.33 
  0.9947         4.667e-06       6.018e-03         82         51.91 
  0.9947         4.712e-06       4.831e-03         83         52.44 
  0.9947         4.731e-06       6.209e-03         84         53.01 
  0.9947         4.743e-06       5.566e-03         85         53.50 
  0.9947         4.719e-06       5.741e-03         86         54.06 
  0.9947         4.585e-06       4.993e-03         87         54.58 
  0.9947         4.487e-06       6.170e-03         88         55.17 
  0.9947         4.418e-06       7.935e-03         89         55.71 
  0.9947         4.259e-06       6.209e-03         90         56.25 
  0.9947         4.125e-06       6.660e-03         91         56.81 
  0.9947         4.052e-06       6.572e-03         92         57.35 
  0.9947         4.012e-06       8.553e-03         93         57.88 
  0.9947         4.072e-06       7.113e-03         94         58.45 
  0.9947         4.047e-06       6.040e-03         95         58.98 
  0.9947         4.116e-06       7.929e-03         96         59.54 
  0.9947         4.235e-06       7.641e-03         97         60.12 
  0.9947         4.340e-06       6.572e-03         98         60.67 
  0.9947         4.495e-06       5.395e-03         99         61.21 
  0.9947         4.392e-06       5.773e-03        100         61.77 
  0.9948         4.331e-06       7.324e-03        101         62.32 
  0.9948         4.131e-06       5.506e-03        102         62.88 
  0.9948         4.039e-06       5.384e-03        103         63.43 
  0.9948         4.024e-06       6.894e-03        104         63.98 
  0.9948         4.058e-06       7.095e-03        105         64.52 
  0.9948         4.265e-06       6.259e-03        106         65.06 
  0.9948         4.389e-06       4.779e-03        107         65.62 
  0.9948         4.436e-06       7.117e-03        108         66.24 
  0.9948         4.513e-06       6.736e-03        109         66.78 
  0.9948         4.570e-06       5.539e-03        110         67.33 
  0.9948         4.596e-06       5.437e-03        111         67.86 
  0.9948         4.554e-06       6.069e-03        112         68.44 
  0.9948         4.523e-06       7.627e-03        113         68.97 
  0.9948         4.382e-06       5.242e-03        114         69.50 
  0.9948         4.206e-06       6.016e-03        115         70.06 
  0.9948         4.051e-06       8.381e-03        116         70.60 
  0.9948         3.826e-06       8.747e-03        117         71.19 
  0.9948         3.526e-06       7.104e-03        118         71.75 
  0.9948         3.132e-06       6.280e-03        119         72.33 
  0.9948         3.025e-06       9.486e-03        120         73.00 
  0.9948         3.194e-06       8.842e-03        121         73.51 
  0.9948         3.556e-06       5.903e-03        122         74.05 
  0.9948         3.784e-06       6.097e-03        123         74.60 
  0.9948         3.895e-06       6.655e-03        124         75.19 
  0.9949         4.059e-06       6.750e-03        125         75.70 
  0.9949         4.263e-06       4.986e-03        126         76.28 
  0.9949         4.181e-06       4.799e-03        127         76.66 
  0.9949         4.177e-06       7.240e-03        128         77.12 
  0.9949         4.167e-06       6.003e-03        129         77.50 
  0.9949         4.151e-06       5.420e-03        130         77.89 
  0.9949         4.100e-06       4.858e-03        131         78.29 
  0.9949         4.084e-06       7.507e-03        132         78.74 
  0.9949         4.094e-06       7.357e-03        133         79.13 
  0.9949         4.079e-06       5.516e-03        134         79.52 
  0.9949         4.097e-06       5.989e-03        135         79.90 
  0.9949         4.093e-06       6.663e-03        136         80.30 
  0.9949         4.068e-06       7.325e-03        137         80.69 
  0.9949         3.951e-06       5.280e-03        138         81.07 
  0.9949         3.821e-06       5.088e-03        139         81.46 
  0.9949         3.721e-06       7.511e-03        140         81.91 
  0.9949         3.374e-06       6.980e-03        141         82.30 
  0.9949         2.685e-06       5.797e-03        142         82.70 
  0.9949         2.268e-06       5.475e-03        143         83.09 
  0.9949         2.023e-06       7.169e-03        144         83.48 
  0.9949         1.726e-06       8.722e-03        145         83.87 
  0.9949         1.272e-06       5.743e-03        146         84.25 
  0.9949         1.169e-06       5.961e-03        147         84.64 
  0.9949         1.115e-06       6.433e-03        148         85.03 
  0.9949         1.021e-06       7.072e-03        149         85.42 
  0.9949         9.391e-07       5.161e-03        150         85.81 
  0.9949         8.817e-07       4.561e-03        151         86.19 
  0.9949         8.627e-07       7.438e-03        152         86.65 
  0.9949         8.085e-07       6.979e-03        153         87.03 
  0.9949         7.389e-07       6.212e-03        154         87.42 
  0.9949         6.915e-07       5.511e-03        155         87.81 
  0.9949         6.649e-07       8.373e-03        156         88.27 
  0.9949         6.337e-07       1.004e-02        157         88.65 
  0.9949         5.980e-07       7.028e-03        158         89.04 
  0.9949         6.176e-07       6.634e-03        159         89.43 
  0.9949         6.374e-07       8.292e-03        160         89.83 
  0.9949         6.747e-07       9.105e-03        161         90.21 
  0.9949         8.374e-07       6.913e-03        162         90.61 
  0.9949         9.658e-07       5.175e-03        163         91.00 
  0.9949         1.020e-06       7.748e-03        164         91.45 
  0.9949         1.107e-06       7.473e-03        165         91.84 
  0.9949         1.220e-06       6.043e-03        166         92.24 
  0.9949         1.352e-06       4.872e-03        167         92.62 
  0.9949         1.361e-06       5.449e-03        168         93.01 
  0.9949         1.367e-06       8.208e-03        169         93.46 
  0.9949         1.390e-06       5.550e-03        170         93.85 
  0.9949         1.424e-06       5.471e-03        171         94.26 
  0.9949         1.441e-06       6.227e-03        172         94.65 
  0.9949         1.451e-06       7.766e-03        173         95.03 
  0.9949         1.490e-06       5.677e-03        174         95.42 
  0.9949         1.500e-06       4.461e-03        175         95.81 
  0.9949         1.502e-06       6.848e-03        176         96.26 
  0.9949         1.493e-06       7.114e-03        177         96.65 
  0.9949         1.456e-06       5.999e-03        178         97.04 
  0.9949         1.416e-06       4.797e-03        179         97.42 
  0.9949         1.380e-06       5.756e-03        180         97.81 
  0.9949         1.313e-06       9.229e-03        181         98.26 
  0.9949         1.109e-06       6.987e-03        182         98.65 
  0.9949         9.544e-07       6.068e-03        183         99.04 
  0.9949         8.934e-07       8.683e-03        184         99.49 
  0.9949         7.875e-07       9.832e-03        185         99.88 
  0.9949         6.524e-07       8.569e-03        186         100.26 
  0.9949         5.484e-07       5.381e-03        187         100.65 
  0.9949         5.376e-07       7.595e-03        188         101.11 
  0.9949         5.392e-07       8.709e-03        189         101.49 
  0.9949         5.383e-07       7.344e-03        190         101.88 
  0.9949         6.096e-07       5.478e-03        191         102.27 
  0.9949         6.134e-07       5.288e-03        192         102.66 
  0.9949         6.119e-07       8.371e-03        193         103.11 
  0.9949         6.015e-07       5.558e-03        194         103.50 
  0.9949         6.028e-07       4.879e-03        195         103.89 
  0.9949         6.037e-07       6.491e-03        196         104.28 
  0.9949         6.022e-07       8.942e-03        197         104.67 
  0.9949         6.137e-07       7.692e-03        198         105.06 
  0.9949         6.349e-07       5.549e-03        199         105.45 
  0.9949         6.448e-07       7.392e-03        200         105.84 
  0.9949         6.623e-07       9.234e-03        201         106.23 
  0.9949         7.047e-07       5.885e-03        202         106.62 
  0.9949         7.285e-07       5.304e-03        203         107.01 
  0.9949         7.305e-07       6.399e-03        204         107.40 
  0.9949         7.264e-07       9.720e-03        205         107.85 
  0.9949         7.193e-07       6.718e-03        206         108.24 
  0.9949         6.708e-07       5.327e-03        207         108.63 
  0.9949         6.589e-07       9.725e-03        208         109.08 
  0.9949         6.555e-07       7.998e-03        209         109.47 
  0.9949         6.372e-07       6.142e-03        210         109.85 
  0.9949         5.531e-07       4.879e-03        211         110.24 
  0.9949         5.317e-07       7.069e-03        212         110.70 
  0.9949         5.258e-07       7.078e-03        213         111.08 
  0.9949         4.962e-07       4.710e-03        214         111.48 
  0.9949         4.764e-07       5.675e-03        215         111.87 
  0.9949         4.695e-07       8.248e-03        216         112.32 
  0.9949         4.683e-07       8.644e-03        217         112.71 
  0.9949         4.571e-07       6.260e-03        218         113.10 
  0.9949         4.290e-07       6.314e-03        219         113.49 
  0.9949         4.210e-07       1.237e-02        220         113.94 
  0.9949         4.349e-07       1.017e-02        221         114.33 
  0.9949         4.528e-07       6.410e-03        222         114.72 
  0.9949         4.643e-07       7.436e-03        223         115.10 
  0.9949         4.809e-07       8.189e-03        224         115.49 
  0.9950         5.331e-07       7.454e-03        225         115.88 
  0.9950         5.752e-07       4.728e-03        226         116.27 
  0.9950         5.606e-07       6.158e-03        227         116.66 
  0.9950         5.582e-07       9.072e-03        228         117.11 
  0.9950         5.533e-07       5.968e-03        229         117.50 
  0.9950         5.176e-07       5.830e-03        230         117.89 
  0.9950         4.868e-07       7.567e-03        231         118.28 
  0.9950         4.905e-07       9.743e-03        232         118.67 
  0.9950         5.173e-07       6.128e-03        233         119.05 
  0.9950         5.150e-07       5.689e-03        234         119.44 
  0.9950         5.164e-07       1.074e-02        235         119.89 
  0.9950         5.437e-07       8.304e-03        236         120.28 
  0.9950         5.815e-07       5.377e-03        237         120.67 
  0.9950         5.814e-07       7.188e-03        238         121.06 
  0.9950         5.839e-07       9.523e-03        239         121.45 
  0.9950         6.124e-07       9.353e-03        240         121.83 
  0.9950         6.611e-07       6.024e-03        241         122.22 
  0.9950         6.098e-07       7.962e-03        242         122.61 
  0.9950         5.988e-07       1.126e-02        243         123.06 
  0.9950         7.019e-07       6.082e-03        244         123.45 
  0.9950         7.076e-07       5.696e-03        245         123.84 
  0.9950         6.390e-07       7.000e-03        246         124.23 
  0.9950         6.476e-07       7.948e-03        247         124.62 
  0.9950         6.890e-07       5.233e-03        248         125.01 
  0.9950         6.721e-07       4.932e-03        249         125.39 
  0.9950         6.553e-07       9.864e-03        250         125.85 
  0.9950         6.639e-07       6.849e-03        251         126.23 
  0.9950         6.680e-07       5.776e-03        252         126.63 
  0.9950         6.341e-07       7.503e-03        253         127.01 
  0.9950         6.271e-07       1.080e-02        254         127.47 
  0.9950         6.539e-07       1.017e-02        255         127.85 
  0.9950         7.088e-07       6.051e-03        256         128.24 
  0.9950         6.968e-07       5.973e-03        257         128.63 
  0.9950         7.007e-07       9.283e-03        258         129.09 
  0.9950         7.431e-07       7.093e-03        259         129.48 
  0.9950         7.825e-07       5.509e-03        260         129.87 
  0.9950         7.271e-07       4.875e-03        261         130.25 
  0.9950         7.153e-07       8.245e-03        262         130.71 
  0.9950         7.046e-07       7.024e-03        263         131.09 
  0.9950         6.003e-07       5.116e-03        264         131.48 
  0.9950         5.460e-07       7.295e-03        265         131.94 
  0.9950         5.393e-07       8.264e-03        266         132.33 
  0.9950         5.475e-07       8.234e-03        267         132.72 
  0.9950         5.480e-07       5.320e-03        268         133.12 
  0.9950         5.509e-07       6.856e-03        269         133.51 
  0.9950         5.632e-07       1.024e-02        270         133.96 
  0.9950         6.024e-07       7.435e-03        271         134.35 
  0.9950         6.649e-07       5.582e-03        272         134.74 
  0.9950         6.824e-07       5.806e-03        273         135.13 
  0.9950         6.891e-07       9.572e-03        274         135.59 
  0.9950         7.114e-07       8.444e-03        275         135.98 
  0.9950         7.198e-07       5.396e-03        276         136.36 
  0.9950         7.242e-07       6.830e-03        277         136.75 
  0.9950         7.345e-07       8.441e-03        278         137.14 
  0.9950         7.497e-07       7.050e-03        279         137.53 
  0.9950         7.772e-07       5.270e-03        280         137.92 
  0.9950         7.698e-07       5.440e-03        281         138.31 
  0.9950         7.766e-07       8.572e-03        282         138.76 
  0.9950         7.911e-07       5.193e-03        283         139.15 
  0.9950         7.806e-07       4.483e-03        284         139.55 
  0.9950         7.709e-07       5.550e-03        285         139.93 
  0.9950         7.616e-07       9.118e-03        286         140.39 
  0.9950         7.409e-07       7.556e-03        287         140.78 
  0.9950         6.967e-07       5.074e-03        288         141.17 
  0.9950         6.864e-07       8.026e-03        289         141.62 
  0.9950         6.738e-07       1.146e-02        290         142.08 
  0.9950         6.384e-07       1.010e-02        291         142.47 
  0.9950         6.134e-07       6.852e-03        292         142.86 
  0.9950         6.137e-07       6.775e-03        293         143.24 
  0.9950         6.192e-07       1.163e-02        294         143.70 
  0.9950         6.678e-07       7.829e-03        295         144.09 
  0.9950         6.765e-07       5.200e-03        296         144.47 
  0.9950         6.771e-07       7.043e-03        297         144.86 
  0.9950         6.691e-07       7.626e-03        298         145.25 
  0.9950         6.511e-07       6.564e-03        299         145.64 
Failed to find pulse because no longer improving by params.improvechk.

Found pulse of desired fidelity!
