 Goodness |  Improvement/step |  Step Size  |  Iterations  |  CPU Time
  0.7869         1.039e+00       6.000e-03          1          3.30 
  0.8363         9.918e-01       1.200e-02          2          5.24 
  0.8840         9.442e-01       9.133e-03          3          6.64 
  0.9570         8.979e-01       7.236e-03          4          7.97 
  0.9634         8.482e-01       1.103e-02          5          9.38 
  0.9757         7.988e-01       7.619e-03          6         10.52 
  0.9846         7.492e-01       9.436e-03          7         11.69 
  0.9870         6.994e-01       7.480e-03          8         12.75 
  0.9905         6.495e-01       1.097e-02          9         14.30 
  0.9915         5.996e-01       9.633e-03         10         15.55 
  0.9932         5.497e-01       6.386e-03         11         16.53 
  0.9934         4.997e-01       6.612e-03         12         18.13 
  0.9935         4.497e-01       1.019e-02         13         19.77 
  0.9938         3.997e-01       6.150e-03         14         21.08 
  0.9938         3.497e-01       1.230e-02         15         22.63 
  0.9939         2.997e-01       6.414e-03         16         23.96 
  0.9939         2.497e-01       8.675e-03         17         25.42 
  0.9939         1.997e-01       1.104e-02         18         26.87 
  0.9939         1.497e-01       5.956e-03         19         27.99 
  0.9939         9.970e-02       7.659e-03         20         29.33 
  0.9939         1.035e-02       9.372e-03         21         30.34 
  0.9939         7.881e-03       7.941e-03         22         31.75 
  0.9939         5.496e-03       5.786e-03         23         32.83 
  0.9939         1.845e-03       1.157e-02         24         34.12 
  0.9939         1.525e-03       8.237e-03         25         35.42 
  0.9939         9.131e-04       7.657e-03         26         36.92 
  0.9940         4.697e-04       5.757e-03         27         38.25 
  0.9940         3.470e-04       5.940e-03         28         39.51 
  0.9940         1.728e-04       5.488e-03         29         40.88 
  0.9940         1.264e-04       7.999e-03         30         42.33 
  0.9940         3.912e-05       7.445e-03         31         43.69 
  0.9941         3.289e-05       6.274e-03         32         44.82 
  0.9941         2.977e-05       4.766e-03         33         45.99 
  0.9941         1.441e-05       7.712e-03         34         47.70 
  0.9941         1.443e-05       6.515e-03         35         48.77 
  0.9941         1.302e-05       7.084e-03         36         49.83 
  0.9942         1.409e-05       4.801e-03         37         50.86 
  0.9942         1.415e-05       7.092e-03         38         52.22 
  0.9942         1.405e-05       7.180e-03         39         53.21 
  0.9942         1.432e-05       6.246e-03         40         54.20 
  0.9942         1.481e-05       5.782e-03         41         55.13 
  0.9942         1.466e-05       5.928e-03         42         56.09 
  0.9942         1.456e-05       9.033e-03         43         57.23 
  0.9942         1.491e-05       6.131e-03         44         58.24 
  0.9942         1.456e-05       6.008e-03         45         59.18 
  0.9942         1.438e-05       6.748e-03         46         60.25 
  0.9942         1.415e-05       9.030e-03         47         61.16 
  0.9943         1.373e-05       8.643e-03         48         62.13 
  0.9943         1.435e-05       6.453e-03         49         63.12 
  0.9943         1.455e-05       5.765e-03         50         64.24 
  0.9943         1.392e-05       9.945e-03         51         65.43 
  0.9943         1.334e-05       7.358e-03         52         66.34 
  0.9944         1.396e-05       7.053e-03         53         67.44 
  0.9944         1.481e-05       5.005e-03         54         68.57 
  0.9944         1.452e-05       9.181e-03         55         69.75 
  0.9944         1.497e-05       7.049e-03         56         70.88 
  0.9945         1.502e-05       6.499e-03         57         71.99 
  0.9945         1.632e-05       5.523e-03         58         72.87 
  0.9945         1.621e-05       6.616e-03         59         73.84 
  0.9945         1.638e-05       8.074e-03         60         74.79 
  0.9945         1.661e-05       5.483e-03         61         75.75 
  0.9945         1.704e-05       6.128e-03         62         76.79 
  0.9946         1.711e-05       6.065e-03         63         77.68 
  0.9946         1.692e-05       8.034e-03         64         78.67 
  0.9946         1.718e-05       6.140e-03         65         79.60 
  0.9946         1.746e-05       5.488e-03         66         80.76 
  0.9946         1.741e-05       6.455e-03         67         81.73 
  0.9946         1.702e-05       8.959e-03         68         82.88 
  0.9946         1.602e-05       6.488e-03         69         83.79 
  0.9946         1.606e-05       6.409e-03         70         84.73 
  0.9946         1.578e-05       5.445e-03         71         85.86 
  0.9946         1.469e-05       1.089e-02         72         87.01 
  0.9946         1.368e-05       7.138e-03         73         88.02 
  0.9947         1.306e-05       7.240e-03         74         88.93 
  0.9947         1.341e-05       5.314e-03         75         89.88 
  0.9947         1.231e-05       7.209e-03         76         90.89 
  0.9947         1.167e-05       7.267e-03         77         91.83 
  0.9947         1.074e-05       5.621e-03         78         92.86 
  0.9947         1.099e-05       4.993e-03         79         93.84 
  0.9947         1.048e-05       5.036e-03         80         94.78 
  0.9947         9.723e-06       6.918e-03         81         95.81 
  0.9947         9.261e-06       6.631e-03         82         96.87 
  0.9947         9.177e-06       5.169e-03         83         97.78 
  0.9947         8.969e-06       6.210e-03         84         98.71 
  0.9947         8.423e-06       7.082e-03         85         99.82 
  0.9947         8.028e-06       7.370e-03         86         100.77 
  0.9947         8.033e-06       6.012e-03         87         101.83 
  0.9947         7.807e-06       5.296e-03         88         102.67 
  0.9947         7.251e-06       9.527e-03         89         103.62 
  0.9948         6.662e-06       7.240e-03         90         104.41 
  0.9948         6.542e-06       7.483e-03         91         105.30 
  0.9948         6.511e-06       5.329e-03         92         106.20 
  0.9948         5.596e-06       9.810e-03         93         107.18 
  0.9948         5.002e-06       7.922e-03         94         108.00 
  0.9948         4.440e-06       7.176e-03         95         108.78 
  0.9948         4.530e-06       5.702e-03         96         109.67 
  0.9948         3.965e-06       6.604e-03         97         110.60 
  0.9948         3.478e-06       8.614e-03         98         111.53 
  0.9948         3.163e-06       6.714e-03         99         112.35 
  0.9948         3.390e-06       5.361e-03        100         113.25 
  0.9948         3.426e-06       6.111e-03        101         114.05 
  0.9948         3.407e-06       6.370e-03        102         114.90 
  0.9948         3.347e-06       6.885e-03        103         115.81 
  0.9948         3.486e-06       5.039e-03        104         116.68 
  0.9948         3.449e-06       5.412e-03        105         117.54 
  0.9948         3.397e-06       7.811e-03        106         118.52 
  0.9948         3.241e-06       6.577e-03        107         119.49 
  0.9948         3.256e-06       6.601e-03        108         120.37 
  0.9948         3.245e-06       5.265e-03        109         121.21 
  0.9948         3.154e-06       1.053e-02        110         122.30 
  0.9948         3.089e-06       7.390e-03        111         123.12 
  0.9948         3.025e-06       7.900e-03        112         123.92 
  0.9948         3.110e-06       5.464e-03        113         124.73 
  0.9948         2.940e-06       7.699e-03        114         125.58 
  0.9948         2.812e-06       8.747e-03        115         126.36 
  0.9948         2.627e-06       7.268e-03        116         127.18 
  0.9948         2.920e-06       6.041e-03        117         127.98 
  0.9948         2.885e-06       5.705e-03        118         128.78 
  0.9948         2.707e-06       8.012e-03        119         129.60 
  0.9948         2.562e-06       7.331e-03        120         130.66 
  0.9949         2.754e-06       5.373e-03        121         131.61 
  0.9949         2.774e-06       6.015e-03        122         132.46 
  0.9949         2.767e-06       6.967e-03        123         133.26 
  0.9949         2.679e-06       7.721e-03        124         134.14 
  0.9949         2.960e-06       6.065e-03        125         135.04 
  0.9949         3.030e-06       5.044e-03        126         135.83 
  0.9949         3.052e-06       8.186e-03        127         136.89 
  0.9949         3.067e-06       6.066e-03        128         137.78 
  0.9949         3.128e-06       6.227e-03        129         138.60 
  0.9949         3.169e-06       4.701e-03        130         139.66 
  0.9949         3.076e-06       8.778e-03        131         140.61 
  0.9949         3.025e-06       7.760e-03        132         141.48 
  0.9949         2.952e-06       7.028e-03        133         142.37 
  0.9949         2.996e-06       5.577e-03        134         143.28 
  0.9949         2.889e-06       7.097e-03        135         144.22 
  0.9949         2.716e-06       7.466e-03        136         145.15 
  0.9949         2.427e-06       7.847e-03        137         146.08 
  0.9949         2.460e-06       5.033e-03        138         146.96 
  0.9949         2.404e-06       7.275e-03        139         148.12 
  0.9949         2.261e-06       7.037e-03        140         148.98 
  0.9949         2.011e-06       8.475e-03        141         149.76 
  0.9949         2.088e-06       5.771e-03        142         150.78 
  0.9949         2.023e-06       5.896e-03        143         151.67 
  0.9949         1.952e-06       8.249e-03        144         152.52 
  0.9949         1.702e-06       6.323e-03        145         153.44 
  0.9949         1.688e-06       6.055e-03        146         154.36 
  0.9949         1.651e-06       4.907e-03        147         155.20 
  0.9949         1.571e-06       8.836e-03        148         156.16 
  0.9949         1.517e-06       6.829e-03        149         156.96 
  0.9949         1.504e-06       5.910e-03        150         157.93 
  0.9949         1.522e-06       5.451e-03        151         158.79 
  0.9949         1.483e-06       7.891e-03        152         159.85 
  0.9949         1.442e-06       7.660e-03        153         160.65 
  0.9949         1.411e-06       6.869e-03        154         161.61 
  0.9949         1.425e-06       4.836e-03        155         162.48 
  0.9949         1.391e-06       9.089e-03        156         163.55 
  0.9949         1.331e-06       7.460e-03        157         164.42 
  0.9949         1.236e-06       8.216e-03        158         165.20 
  0.9949         1.300e-06       5.736e-03        159         165.98 
  0.9949         1.267e-06       8.277e-03        160         167.05 
  0.9949         1.278e-06       9.195e-03        161         167.99 
  0.9949         1.204e-06       6.799e-03        162         168.84 
  0.9949         1.334e-06       6.219e-03        163         169.77 
  0.9949         1.334e-06       5.965e-03        164         170.63 
  0.9949         1.317e-06       8.208e-03        165         171.40 
  0.9949         1.344e-06       5.904e-03        166         172.28 
  0.9949         1.394e-06       4.939e-03        167         173.08 
  0.9949         1.404e-06       5.987e-03        168         173.96 
  0.9949         1.383e-06       7.409e-03        169         174.79 
  0.9949         1.372e-06       6.449e-03        170         175.66 
  0.9949         1.396e-06       5.785e-03        171         176.51 
  0.9949         1.393e-06       5.390e-03        172         177.40 
  0.9949         1.371e-06       1.048e-02        173         178.36 
  0.9949         1.342e-06       6.616e-03        174         179.30 
  0.9949         1.335e-06       6.616e-03        175         180.13 
  0.9949         1.345e-06       5.667e-03        176         181.01 
  0.9949         1.315e-06       9.820e-03        177         181.94 
  0.9949         1.314e-06       7.377e-03        178         182.90 
  0.9949         1.245e-06       5.963e-03        179         183.84 
  0.9949         1.253e-06       6.415e-03        180         184.65 
  0.9949         1.190e-06       8.888e-03        181         185.47 
  0.9949         1.120e-06       7.643e-03        182         186.44 
  0.9949         1.041e-06       6.962e-03        183         187.29 
  0.9949         1.085e-06       5.580e-03        184         188.14 
  0.9950         1.065e-06       9.348e-03        185         189.15 
  0.9950         1.095e-06       7.297e-03        186         189.98 
  0.9950         1.137e-06       5.826e-03        187         190.94 
  0.9950         1.222e-06       5.956e-03        188         191.78 
  0.9950         1.223e-06       6.709e-03        189         192.58 
  0.9950         1.240e-06       8.689e-03        190         193.34 
  0.9950         1.283e-06       5.254e-03        191         194.13 
  0.9950         1.316e-06       6.357e-03        192         195.07 
  0.9950         1.329e-06       6.148e-03        193         195.96 
  0.9950         1.305e-06       8.376e-03        194         196.89 
  0.9950         1.332e-06       5.682e-03        195         197.75 
  0.9950         1.333e-06       5.315e-03        196         198.58 
  0.9950         1.335e-06       5.982e-03        197         199.40 
  0.9950         1.290e-06       8.966e-03        198         200.45 
  0.9950         1.282e-06       6.246e-03        199         201.20 
  0.9950         1.280e-06       6.776e-03        200         201.98 
  0.9950         1.282e-06       5.990e-03        201         202.73 
  0.9950         1.228e-06       1.110e-02        202         203.68 
  0.9950         1.221e-06       6.797e-03        203         204.43 
  0.9950         1.176e-06       6.471e-03        204         205.20 
  0.9950         1.190e-06       7.626e-03        205         205.95 
  0.9950         1.080e-06       8.944e-03        206         206.76 
  0.9950         1.109e-06       7.638e-03        207         207.72 
  0.9950         1.118e-06       5.230e-03        208         208.74 
  0.9950         1.150e-06       7.128e-03        209         209.77 
  0.9950         1.146e-06       7.545e-03        210         210.76 
  0.9950         1.148e-06       6.959e-03        211         211.66 
  0.9950         1.226e-06       5.590e-03        212         212.51 
  0.9950         1.275e-06       5.524e-03        213         213.35 
  0.9950         1.281e-06       7.434e-03        214         214.14 
  0.9950         1.289e-06       7.676e-03        215         215.05 
  0.9950         1.347e-06       5.271e-03        216         215.84 
  0.9950         1.392e-06       5.983e-03        217         216.65 
  0.9950         1.395e-06       5.608e-03        218         217.39 
  0.9950         1.374e-06       8.637e-03        219         218.34 
  0.9950         1.383e-06       5.314e-03        220         219.16 
  0.9950         1.377e-06       6.496e-03        221         219.96 
  0.9950         1.375e-06       7.117e-03        222         220.73 
  0.9950         1.292e-06       8.939e-03        223         221.58 
  0.9950         1.298e-06       6.345e-03        224         222.42 
  0.9950         1.273e-06       5.714e-03        225         223.23 
  0.9950         1.249e-06       6.234e-03        226         224.08 
  0.9950         1.109e-06       9.401e-03        227         225.17 

Found pulse of desired fidelity!
