 Goodness |  Improvement/step |  Step Size  |  Iterations  |  CPU Time
  0.9048         1.045e+00       6.000e-03          1          1.55 
  0.9274         9.964e-01       1.200e-02          2          3.33 
  0.9624         9.481e-01       2.400e-02          3          4.76 
  0.9869         8.993e-01       8.397e-03          4          6.16 
  0.9911         8.496e-01       7.590e-03          5          7.27 
  0.9916         7.996e-01       1.518e-02          6          8.90 
  0.9945         7.497e-01       7.274e-03          7         10.15 
  0.9946         6.997e-01       1.132e-02          8         11.89 
  0.9947         6.497e-01       9.067e-03          9         13.17 
  0.9948         5.997e-01       1.156e-02         10         14.50 
  0.9948         5.497e-01       9.388e-03         11         15.87 
  0.9948         4.997e-01       9.571e-03         12         17.19 
  0.9948         4.497e-01       9.765e-03         13         18.29 
  0.9948         3.997e-01       7.960e-03         14         19.71 
  0.9948         3.497e-01       1.162e-02         15         21.05 
  0.9948         2.997e-01       9.108e-03         16         22.15 
  0.9948         2.497e-01       1.481e-02         17         23.52 
  0.9948         1.997e-01       1.033e-02         18         24.76 
  0.9948         1.497e-01       1.514e-02         19         26.28 
  0.9948         9.974e-02       1.149e-02         20         27.35 
  0.9948         4.500e-03       1.470e-02         21         28.69 
  0.9948         3.369e-03       1.270e-02         22         29.98 
  0.9948         1.620e-03       1.468e-02         23         31.25 
  0.9948         3.963e-04       1.078e-02         24         32.49 
  0.9948         1.878e-04       1.205e-02         25         33.85 
  0.9948         1.605e-04       1.121e-02         26         35.20 
  0.9948         1.505e-05       1.432e-02         27         36.58 
  0.9948         1.241e-05       9.878e-03         28         37.72 
  0.9949         9.630e-06       8.718e-03         29         38.92 
  0.9949         5.390e-06       8.439e-03         30         40.14 
  0.9949         5.021e-06       1.222e-02         31         41.54 
  0.9949         4.459e-06       1.099e-02         32         42.77 
  0.9949         4.792e-06       1.070e-02         33         44.01 
  0.9949         5.057e-06       1.011e-02         34         45.16 
  0.9949         5.474e-06       1.340e-02         35         46.59 
  0.9949         5.817e-06       1.043e-02         36         47.87 
  0.9949         6.240e-06       1.033e-02         37         49.12 
  0.9949         6.426e-06       8.932e-03         38         50.54 
  0.9949         6.599e-06       1.145e-02         39         51.62 
  0.9949         6.677e-06       8.504e-03         40         53.13 
  0.9949         6.690e-06       6.680e-03         41         54.51 
  0.9949         6.519e-06       9.110e-03         42         55.64 
  0.9949         6.265e-06       8.895e-03         43         56.98 
  0.9949         5.902e-06       1.066e-02         44         58.10 
  0.9949         5.648e-06       8.736e-03         45         59.34 
  0.9949         5.293e-06       1.187e-02         46         60.69 
  0.9949         4.870e-06       1.002e-02         47         61.85 
  0.9949         4.172e-06       1.219e-02         48         63.22 
  0.9949         3.790e-06       1.272e-02         49         64.39 
  0.9949         3.590e-06       1.421e-02         50         65.54 
  0.9949         3.446e-06       1.189e-02         51         66.87 
  0.9949         3.219e-06       1.173e-02         52         68.21 
  0.9949         2.850e-06       1.135e-02         53         69.63 
  0.9949         2.525e-06       1.217e-02         54         70.85 
  0.9949         2.178e-06       9.316e-03         55         72.01 
  0.9949         1.776e-06       8.450e-03         56         73.28 
  0.9949         1.378e-06       8.953e-03         57         74.61 
  0.9949         1.178e-06       1.109e-02         58         76.06 
  0.9949         9.990e-07       1.046e-02         59         77.32 
  0.9949         9.147e-07       1.035e-02         60         78.68 
  0.9949         8.586e-07       1.080e-02         61         79.82 
  0.9949         9.052e-07       1.124e-02         62         81.10 
  0.9949         9.379e-07       9.905e-03         63         82.28 
  0.9949         9.831e-07       8.383e-03         64         83.45 
  0.9950         1.001e-06       1.009e-02         65         84.54 
  0.9950         1.036e-06       1.021e-02         66         85.89 
  0.9950         1.054e-06       1.051e-02         67         87.17 
  0.9950         1.072e-06       8.425e-03         68         88.32 
  0.9950         1.064e-06       8.635e-03         69         89.48 
  0.9950         1.028e-06       8.695e-03         70         90.58 
  0.9950         9.699e-07       1.060e-02         71         91.59 
  0.9950         9.203e-07       9.510e-03         72         92.79 
  0.9950         8.708e-07       1.060e-02         73         93.86 
  0.9950         7.931e-07       1.057e-02         74         94.89 
  0.9950         6.905e-07       1.286e-02         75         96.14 
  0.9950         6.391e-07       1.122e-02         76         97.12 
  0.9950         6.226e-07       1.130e-02         77         98.10 
  0.9950         6.063e-07       1.020e-02         78         99.41 
  0.9950         5.802e-07       1.029e-02         79         100.73 
  0.9950         5.494e-07       9.352e-03         80         101.94 
  0.9950         5.301e-07       9.618e-03         81         103.05 
  0.9950         4.836e-07       9.319e-03         82         104.37 
  0.9950         4.350e-07       1.006e-02         83         105.66 
  0.9950         3.924e-07       9.462e-03         84         107.12 
  0.9950         3.730e-07       1.002e-02         85         108.35 
  0.9950         3.434e-07       1.021e-02         86         109.65 
  0.9950         3.260e-07       1.096e-02         87         110.82 
  0.9950         3.117e-07       1.187e-02         88         111.82 
  0.9950         3.265e-07       1.379e-02         89         112.99 
  0.9950         3.691e-07       1.348e-02         90         114.37 
  0.9950         4.354e-07       1.153e-02         91         115.35 
  0.9950         5.026e-07       1.038e-02         92         116.55 
  0.9950         5.893e-07       1.086e-02         93         117.88 
  0.9950         6.964e-07       1.057e-02         94         119.08 
  0.9950         7.976e-07       9.385e-03         95         120.34 
  0.9950         8.605e-07       8.464e-03         96         121.34 
  0.9950         8.935e-07       9.060e-03         97         122.35 
  0.9950         8.967e-07       9.028e-03         98         123.75 
  0.9950         8.944e-07       8.157e-03         99         125.33 
  0.9950         8.857e-07       8.346e-03        100         126.45 
  0.9950         8.743e-07       9.074e-03        101         127.76 
  0.9950         8.622e-07       1.093e-02        102         129.00 
  0.9950         8.588e-07       1.046e-02        103         130.32 
  0.9950         8.572e-07       9.935e-03        104         131.82 
  0.9950         8.556e-07       9.904e-03        105         133.21 
  0.9950         8.507e-07       1.164e-02        106         134.32 
  0.9950         8.507e-07       1.039e-02        107         135.33 
  0.9950         8.512e-07       1.075e-02        108         136.85 
  0.9950         8.438e-07       1.093e-02        109         138.15 
  0.9950         8.088e-07       1.308e-02        110         139.55 
  0.9950         7.619e-07       1.113e-02        111         140.55 
  0.9950         7.107e-07       9.443e-03        112         141.46 
  0.9950         6.373e-07       8.662e-03        113         142.28 
  0.9950         5.319e-07       9.965e-03        114         143.21 
  0.9950         4.315e-07       9.201e-03        115         144.25 
  0.9950         3.611e-07       9.249e-03        116         145.42 
  0.9950         3.161e-07       8.924e-03        117         146.30 
  0.9950         2.898e-07       1.022e-02        118         147.35 
  0.9950         2.726e-07       8.868e-03        119         148.37 
  0.9950         2.628e-07       9.412e-03        120         149.61 
  0.9950         2.547e-07       1.012e-02        121         150.61 
  0.9950         2.528e-07       1.237e-02        122         151.57 
  0.9950         2.508e-07       1.107e-02        123         152.54 
  0.9950         2.496e-07       1.115e-02        124         153.56 
  0.9950         2.488e-07       1.125e-02        125         154.55 
  0.9950         2.524e-07       1.141e-02        126         155.58 
  0.9950         2.536e-07       9.573e-03        127         156.59 
  0.9950         2.510e-07       9.741e-03        128         157.56 
  0.9950         2.446e-07       1.072e-02        129         158.61 
  0.9950         2.427e-07       1.063e-02        130         159.62 
  0.9950         2.287e-07       9.159e-03        131         160.61 
  0.9950         2.108e-07       8.464e-03        132         161.59 
  0.9950         1.911e-07       9.951e-03        133         162.51 
  0.9950         1.826e-07       9.767e-03        134         163.59 
  0.9950         1.754e-07       9.315e-03        135         164.54 
  0.9950         1.706e-07       9.453e-03        136         165.78 
  0.9950         1.655e-07       1.285e-02        137         166.73 
  0.9950         1.676e-07       1.209e-02        138         167.70 
  0.9950         1.722e-07       1.038e-02        139         168.64 
  0.9950         1.768e-07       9.351e-03        140         169.76 
  0.9950         1.808e-07       1.081e-02        141         170.77 
  0.9950         1.847e-07       1.051e-02        142         171.84 
  0.9950         1.864e-07       9.745e-03        143         172.83 
  0.9950         1.856e-07       9.595e-03        144         173.86 
  0.9950         1.828e-07       1.079e-02        145         174.80 
  0.9950         1.766e-07       1.122e-02        146         175.78 
  0.9950         1.695e-07       1.101e-02        147         176.76 
  0.9950         1.622e-07       1.009e-02        148         178.00 
  0.9950         1.551e-07       1.078e-02        149         179.04 
  0.9950         1.486e-07       1.218e-02        150         180.18 
  0.9950         1.533e-07       1.146e-02        151         181.13 
  0.9950         1.664e-07       1.025e-02        152         182.17 
  0.9950         1.842e-07       1.026e-02        153         183.19 
  0.9950         1.966e-07       1.057e-02        154         184.30 
  0.9950         2.078e-07       1.164e-02        155         185.21 
  0.9950         2.159e-07       9.492e-03        156         186.19 
  0.9950         2.204e-07       7.845e-03        157         187.14 
  0.9950         2.158e-07       8.631e-03        158         188.03 
  0.9950         2.094e-07       9.515e-03        159         189.03 
  0.9950         2.033e-07       1.015e-02        160         190.07 
  0.9950         1.980e-07       9.140e-03        161         191.23 
  0.9950         1.915e-07       1.233e-02        162         192.12 
  0.9950         1.877e-07       1.276e-02        163         193.28 
  0.9950         1.881e-07       1.262e-02        164         194.32 
  0.9950         1.902e-07       9.790e-03        165         195.31 
  0.9950         1.914e-07       1.170e-02        166         196.30 
  0.9950         1.956e-07       1.198e-02        167         197.31 
  0.9950         2.054e-07       1.155e-02        168         198.39 
  0.9950         2.146e-07       8.960e-03        169         199.36 
  0.9950         2.148e-07       8.756e-03        170         200.45 
  0.9950         2.039e-07       9.472e-03        171         201.45 
  0.9950         1.891e-07       9.203e-03        172         202.55 
  0.9950         1.695e-07       8.256e-03        173         203.48 
  0.9950         1.531e-07       8.265e-03        174         204.48 
  0.9950         1.385e-07       1.139e-02        175         205.37 
  0.9950         1.292e-07       1.092e-02        176         206.31 
  0.9950         1.225e-07       1.373e-02        177         207.25 
  0.9950         1.218e-07       1.125e-02        178         208.24 
  0.9950         1.209e-07       1.184e-02        179         209.32 
  0.9950         1.227e-07       1.087e-02        180         210.19 
  0.9950         1.244e-07       1.171e-02        181         211.09 
  0.9950         1.264e-07       9.646e-03        182         212.22 
  0.9950         1.264e-07       9.441e-03        183         213.19 
  0.9950         1.249e-07       1.116e-02        184         214.22 
  0.9950         1.235e-07       1.203e-02        185         215.16 
  0.9950         1.227e-07       1.178e-02        186         216.18 
  0.9950         1.184e-07       1.073e-02        187         217.18 
  0.9950         1.071e-07       1.052e-02        188         218.14 
  0.9950         9.695e-08       1.068e-02        189         219.21 
Failed to find pulse because no longer improving by params.improvechk.

Unable to find decent pulse.  Best one found is number 1 at a fidelity of 0.994990You might want to try fiddling with the timestep, number of points or the random guess paramaters.
