 Goodness |  Improvement/step |  Step Size  |  Iterations  |  CPU Time
  0.8575         1.043e+00       6.000e-03          1          0.92 
  0.8778         9.939e-01       1.200e-02          2          2.08 
  0.9106         9.455e-01       2.400e-02          3          3.20 
  0.9432         8.972e-01       1.617e-02          4          4.10 
  0.9736         8.487e-01       1.062e-02          5          4.97 
  0.9802         7.990e-01       8.511e-03          6          5.93 
  0.9827         7.491e-01       9.699e-03          7          6.85 
  0.9843         6.992e-01       1.636e-02          8          7.74 
  0.9908         6.495e-01       9.247e-03          9          8.71 
  0.9923         5.996e-01       7.831e-03         10          9.82 
  0.9927         5.496e-01       1.566e-02         11         10.87 
  0.9936         4.997e-01       1.112e-02         12         11.63 
  0.9942         4.497e-01       1.113e-02         13         12.40 
  0.9945         3.997e-01       6.882e-03         14         13.21 
  0.9946         3.497e-01       9.494e-03         15         13.99 
  0.9947         2.997e-01       1.697e-02         16         15.20 
  0.9948         2.497e-01       8.576e-03         17         15.95 
  0.9948         1.997e-01       1.345e-02         18         17.12 
  0.9948         1.497e-01       1.782e-02         19         17.98 
  0.9948         9.974e-02       9.467e-03         20         18.72 
  0.9948         6.866e-03       1.539e-02         21         19.65 
  0.9948         5.853e-03       1.704e-02         22         20.55 
  0.9949         4.212e-03       1.259e-02         23         21.45 
  0.9949         2.583e-03       9.945e-03         24         22.36 
  0.9949         1.063e-03       1.989e-02         25         23.73 
  0.9949         7.330e-04       1.433e-02         26         24.45 
  0.9949         6.079e-04       1.254e-02         27         25.35 
  0.9949         5.297e-04       1.137e-02         28         26.11 
  0.9949         2.022e-04       1.467e-02         29         26.99 
  0.9949         1.276e-04       1.236e-02         30         27.94 
  0.9949         1.089e-04       1.207e-02         31         28.78 
  0.9949         6.464e-05       2.133e-02         32         29.48 
  0.9949         3.206e-05       1.715e-02         33         30.36 
  0.9949         1.772e-05       1.294e-02         34         31.16 
  0.9949         1.333e-05       2.444e-02         35         32.13 
  0.9949         1.152e-05       2.054e-02         36         33.19 
  0.9949         5.353e-06       1.561e-02         37         33.82 
  0.9949         4.282e-06       1.181e-02         38         34.82 
  0.9949         3.870e-06       1.757e-02         39         35.77 
  0.9949         2.648e-06       1.871e-02         40         36.71 
  0.9949         2.337e-06       1.380e-02         41         37.56 
  0.9949         2.165e-06       1.397e-02         42         38.50 
  0.9949         1.834e-06       1.724e-02         43         39.25 
  0.9949         1.543e-06       1.465e-02         44         40.32 
  0.9949         1.465e-06       1.294e-02         45         41.17 
  0.9949         1.315e-06       1.570e-02         46         42.01 
  0.9949         1.098e-06       1.401e-02         47         43.08 
  0.9949         1.048e-06       1.182e-02         48         44.06 
  0.9949         1.033e-06       1.574e-02         49         44.86 
  0.9949         9.904e-07       1.818e-02         50         45.71 
  0.9949         9.602e-07       1.577e-02         51         46.54 
  0.9949         9.855e-07       1.518e-02         52         47.41 
  0.9949         1.014e-06       1.611e-02         53         48.27 
  0.9949         1.064e-06       1.972e-02         54         49.21 
  0.9949         1.146e-06       1.611e-02         55         49.94 
  0.9949         1.215e-06       1.274e-02         56         50.90 
  0.9949         1.248e-06       1.597e-02         57         51.88 
  0.9949         1.364e-06       1.706e-02         58         52.78 
  0.9949         1.480e-06       1.218e-02         59         53.53 
  0.9949         1.526e-06       1.309e-02         60         54.50 
  0.9949         1.581e-06       1.556e-02         61         55.41 
  0.9949         1.675e-06       1.368e-02         62         56.21 
  0.9949         1.689e-06       1.315e-02         63         56.94 
  0.9949         1.691e-06       1.286e-02         64         57.84 
  0.9949         1.718e-06       1.549e-02         65         58.66 
  0.9949         1.725e-06       1.232e-02         66         59.52 
  0.9949         1.710e-06       1.321e-02         67         60.25 
  0.9949         1.721e-06       1.618e-02         68         61.15 
  0.9949         1.751e-06       1.701e-02         69         62.31 
  0.9949         1.766e-06       1.158e-02         70         63.12 
  0.9949         1.760e-06       1.914e-02         71         64.49 
  0.9949         1.830e-06       1.632e-02         72         65.41 
  0.9949         1.869e-06       1.485e-02         73         66.66 
  0.9949         1.828e-06       1.516e-02         74         67.60 
  0.9949         1.901e-06       1.700e-02         75         68.49 
  0.9949         1.996e-06       1.373e-02         76         69.43 
  0.9949         2.002e-06       1.269e-02         77         70.56 
  0.9950         1.963e-06       1.161e-02         78         71.46 
  0.9950         1.913e-06       1.567e-02         79         72.36 
  0.9950         1.872e-06       1.209e-02         80         73.37 
  0.9950         1.829e-06       1.139e-02         81         74.27 
  0.9950         1.730e-06       1.612e-02         82         75.28 
  0.9950         1.718e-06       1.359e-02         83         76.18 
  0.9950         1.664e-06       1.144e-02         84         77.08 
  0.9950         1.632e-06       1.806e-02         85         78.14 
  0.9950         1.618e-06       1.752e-02         86         79.22 
  0.9950         1.651e-06       1.137e-02         87         80.11 
  0.9950         1.623e-06       2.013e-02         88         80.87 
  0.9950         1.667e-06       1.470e-02         89         81.78 
  0.9950         1.637e-06       1.336e-02         90         82.52 
  0.9950         1.620e-06       1.461e-02         91         83.42 
  0.9950         1.569e-06       1.606e-02         92         84.22 
  0.9950         1.547e-06       1.406e-02         93         85.26 
  0.9950         1.494e-06       1.593e-02         94         86.30 
  0.9950         1.407e-06       1.322e-02         95         87.10 
  0.9950         1.277e-06       1.905e-02         96         88.17 
  0.9950         1.244e-06       1.474e-02         97         89.02 
  0.9950         1.244e-06       1.216e-02         98         89.81 
  0.9950         1.215e-06       1.761e-02         99         91.00 
  0.9950         1.241e-06       1.327e-02        100         91.70 
  0.9950         1.260e-06       1.244e-02        101         92.54 
  0.9950         1.306e-06       1.865e-02        102         93.41 
  0.9950         1.344e-06       1.814e-02        103         94.09 
  0.9950         1.506e-06       1.130e-02        104         94.98 
  0.9950         1.589e-06       2.143e-02        105         96.03 
  0.9950         1.675e-06       1.397e-02        106         96.93 
  0.9950         1.712e-06       9.923e-03        107         97.93 
  0.9950         1.718e-06       1.985e-02        108         98.65 
  0.9950         1.751e-06       1.455e-02        109         99.39 
  0.9950         1.754e-06       1.388e-02        110         100.15 
  0.9950         1.795e-06       1.011e-02        111         100.86 
  0.9950         1.805e-06       9.268e-03        112         101.76 

Found pulse of desired fidelity!
