 Goodness |  Improvement/step |  Step Size  |  Iterations  |  CPU Time
  0.8304         1.042e+00       6.000e-03          1          0.86 
  0.8545         9.927e-01       1.200e-02          2          2.16 
  0.8945         9.447e-01       2.400e-02          3          3.05 
  0.9438         8.972e-01       1.768e-02          4          4.12 
  0.9570         8.478e-01       2.092e-02          5          4.87 
  0.9758         7.988e-01       1.072e-02          6          5.88 
  0.9866         7.493e-01       1.145e-02          7          6.52 
  0.9876         6.994e-01       2.291e-02          8          7.40 
  0.9917         6.496e-01       1.333e-02          9          8.09 
  0.9922         5.996e-01       2.665e-02         10          8.87 
  0.9931         5.497e-01       1.761e-02         11          9.73 
  0.9941         4.997e-01       2.002e-02         12         10.50 
  0.9942         4.497e-01       2.410e-02         13         11.19 
  0.9945         3.997e-01       1.294e-02         14         11.88 
  0.9945         3.497e-01       2.588e-02         15         12.71 
  0.9946         2.997e-01       1.922e-02         16         13.38 
  0.9947         2.497e-01       2.293e-02         17         14.05 
  0.9947         1.997e-01       1.309e-02         18         14.80 
  0.9948         1.497e-01       2.619e-02         19         15.71 
  0.9948         9.974e-02       1.362e-02         20         16.39 
  0.9948         8.220e-03       2.487e-02         21         17.21 
  0.9948         7.017e-03       1.499e-02         22         17.80 
  0.9948         5.020e-03       2.674e-02         23         18.50 
  0.9949         2.550e-03       1.705e-02         24         19.14 
  0.9949         1.895e-03       1.959e-02         25         19.88 
  0.9949         9.516e-04       2.130e-02         26         20.57 
  0.9949         4.139e-04       2.340e-02         27         21.41 
  0.9949         3.651e-04       2.591e-02         28         22.11 
  0.9949         1.592e-04       2.103e-02         29         22.90 
  0.9949         1.338e-04       2.165e-02         30         23.56 
  0.9949         9.061e-05       1.867e-02         31         24.15 
  0.9949         4.016e-05       2.067e-02         32         24.92 
  0.9949         3.589e-05       1.850e-02         33         25.65 
  0.9949         2.082e-05       2.376e-02         34         26.38 
  0.9949         1.905e-05       2.150e-02         35         27.02 
  0.9949         1.361e-05       2.529e-02         36         27.80 
  0.9949         1.015e-05       1.924e-02         37         28.55 
  0.9949         7.036e-06       2.233e-02         38         29.19 
  0.9949         5.476e-06       2.252e-02         39         29.90 
  0.9949         3.397e-06       2.600e-02         40         30.74 
  0.9949         3.567e-06       2.088e-02         41         31.43 
  0.9949         3.827e-06       2.305e-02         42         32.07 
  0.9949         4.132e-06       1.821e-02         43         32.85 
  0.9949         4.348e-06       3.197e-02         44         33.60 
  0.9950         4.814e-06       1.882e-02         45         34.24 
  0.9950         5.091e-06       2.391e-02         46         35.10 
  0.9950         5.287e-06       1.588e-02         47         35.99 
  0.9950         5.421e-06       2.113e-02         48         36.70 
  0.9950         5.461e-06       1.754e-02         49         37.31 
  0.9950         5.593e-06       2.659e-02         50         38.37 
  0.9950         5.694e-06       2.229e-02         51         38.95 
  0.9950         5.890e-06       3.761e-02         52         40.04 
  0.9950         6.372e-06       2.187e-02         53         40.74 
  0.9950         6.804e-06       2.959e-02         54         41.48 

Found pulse of desired fidelity!
