 Goodness |  Improvement/step |  Step Size  |  Iterations  |  CPU Time
  0.7784         1.039e+00       6.000e-03          1          0.56 
  0.8106         9.905e-01       1.200e-02          2          1.22 
  0.8651         9.433e-01       2.400e-02          3          1.81 
  0.9168         8.958e-01       1.440e-02          4          2.37 
  0.9789         8.489e-01       1.195e-02          5          2.86 
  0.9807         7.990e-01       2.390e-02          6          3.47 
  0.9908         7.495e-01       1.113e-02          7          3.93 
  0.9918         6.996e-01       1.616e-02          8          4.54 
  0.9923         6.496e-01       1.658e-02          9          5.07 
  0.9938         5.997e-01       9.298e-03         10          5.48 
  0.9939         5.497e-01       1.860e-02         11          6.10 
  0.9941         4.997e-01       1.103e-02         12          6.62 
  0.9941         4.497e-01       2.142e-02         13          7.26 
  0.9942         3.997e-01       2.105e-02         14          7.66 
  0.9943         3.497e-01       1.316e-02         15          8.25 
  0.9943         2.997e-01       1.987e-02         16          8.87 
  0.9943         2.497e-01       1.745e-02         17          9.27 
  0.9943         1.997e-01       1.381e-02         18          9.76 
  0.9943         1.497e-01       1.040e-02         19         10.21 
  0.9943         9.972e-02       2.080e-02         20         10.80 
  0.9943         1.080e-02       1.248e-02         21         11.33 
  0.9944         9.187e-03       2.340e-02         22         11.78 
  0.9944         6.464e-03       1.731e-02         23         12.30 
  0.9944         3.878e-03       1.662e-02         24         12.86 
  0.9944         7.748e-04       1.675e-02         25         13.36 
  0.9944         6.823e-04       2.429e-02         26         13.94 
  0.9944         1.767e-04       1.619e-02         27         14.44 
  0.9944         1.282e-04       1.321e-02         28         14.96 
  0.9944         1.020e-04       2.152e-02         29         15.51 
  0.9944         2.969e-05       2.517e-02         30         16.07 
  0.9944         2.674e-05       1.826e-02         31         16.62 
  0.9944         1.618e-05       1.175e-02         32         17.12 
  0.9944         1.384e-05       2.083e-02         33         17.74 
  0.9944         1.210e-05       1.645e-02         34         18.15 
  0.9944         9.480e-06       1.488e-02         35         18.57 
  0.9944         6.512e-06       1.222e-02         36         18.99 
  0.9944         6.179e-06       2.394e-02         37         19.40 
  0.9945         5.867e-06       1.314e-02         38         19.75 
  0.9945         5.896e-06       1.633e-02         39         20.13 
  0.9945         5.998e-06       1.692e-02         40         20.53 
  0.9945         5.797e-06       1.855e-02         41         20.94 
  0.9945         6.110e-06       1.533e-02         42         21.37 
  0.9945         6.092e-06       1.796e-02         43         21.76 
  0.9945         6.116e-06       2.421e-02         44         22.09 
  0.9945         6.425e-06       1.785e-02         45         22.48 
  0.9945         7.208e-06       1.846e-02         46         22.89 
  0.9945         7.124e-06       1.841e-02         47         23.20 
  0.9945         7.383e-06       2.591e-02         48         23.66 
  0.9945         8.731e-06       1.376e-02         49         24.05 
  0.9946         8.805e-06       1.979e-02         50         24.52 
  0.9946         8.258e-06       1.538e-02         51         24.85 
  0.9946         8.384e-06       1.577e-02         52         25.23 
  0.9946         9.050e-06       1.250e-02         53         25.63 
  0.9946         8.755e-06       1.826e-02         54         26.14 
  0.9946         8.356e-06       1.760e-02         55         26.52 
  0.9946         8.370e-06       1.123e-02         56         26.88 
  0.9946         8.378e-06       1.606e-02         57         27.34 
  0.9946         8.081e-06       1.718e-02         58         27.78 
  0.9946         8.079e-06       1.727e-02         59         28.14 
  0.9946         8.068e-06       1.202e-02         60         28.52 
  0.9946         7.953e-06       2.405e-02         61         29.00 
  0.9946         7.789e-06       1.745e-02         62         29.39 
  0.9946         7.819e-06       1.771e-02         63         29.73 
  0.9946         7.765e-06       1.320e-02         64         30.13 
  0.9946         7.396e-06       1.558e-02         65         30.57 
  0.9946         6.757e-06       1.750e-02         66         30.91 
  0.9946         6.684e-06       1.853e-02         67         31.28 
  0.9947         6.746e-06       1.701e-02         68         31.71 
  0.9947         5.571e-06       1.273e-02         69         32.10 
  0.9947         5.540e-06       1.658e-02         70         32.42 
  0.9947         5.152e-06       1.503e-02         71         32.84 
  0.9947         4.805e-06       1.899e-02         72         33.24 
  0.9947         4.395e-06       1.201e-02         73         33.59 
  0.9947         4.539e-06       1.457e-02         74         33.99 
  0.9947         4.402e-06       1.178e-02         75         34.37 
  0.9947         4.267e-06       1.906e-02         76         34.74 
  0.9947         4.392e-06       1.279e-02         77         35.11 
  0.9947         4.425e-06       1.480e-02         78         35.48 
  0.9947         4.341e-06       1.231e-02         79         35.81 
  0.9947         4.242e-06       1.874e-02         80         36.24 
  0.9947         4.366e-06       1.537e-02         81         36.63 
  0.9947         4.283e-06       1.506e-02         82         36.97 
  0.9947         4.347e-06       1.578e-02         83         37.33 
  0.9947         4.309e-06       1.667e-02         84         37.74 
  0.9947         4.346e-06       1.936e-02         85         38.13 
  0.9947         4.354e-06       1.378e-02         86         38.47 
  0.9947         4.378e-06       1.579e-02         87         38.89 
  0.9947         4.005e-06       1.353e-02         88         39.33 
  0.9947         3.825e-06       2.179e-02         89         39.77 
  0.9947         3.915e-06       1.423e-02         90         40.18 
  0.9948         3.994e-06       1.624e-02         91         40.56 
  0.9948         3.915e-06       1.171e-02         92         40.95 
  0.9948         3.503e-06       1.803e-02         93         41.32 
  0.9948         3.452e-06       1.331e-02         94         41.72 
  0.9948         3.420e-06       1.466e-02         95         42.13 
  0.9948         3.505e-06       1.083e-02         96         42.52 
  0.9948         3.329e-06       1.448e-02         97         42.87 
  0.9948         3.280e-06       1.545e-02         98         43.29 
  0.9948         3.194e-06       1.626e-02         99         43.69 
  0.9948         3.233e-06       1.537e-02        100         44.05 
  0.9948         3.106e-06       1.286e-02        101         44.47 
  0.9948         3.032e-06       1.973e-02        102         44.92 
  0.9948         2.924e-06       1.493e-02        103         45.27 
  0.9948         2.908e-06       1.661e-02        104         45.67 
  0.9948         2.798e-06       1.148e-02        105         46.10 
  0.9948         2.609e-06       1.953e-02        106         46.57 
  0.9948         2.444e-06       1.606e-02        107         46.90 
  0.9948         2.369e-06       2.329e-02        108         47.36 
  0.9948         2.420e-06       1.503e-02        109         47.75 
  0.9948         2.146e-06       1.872e-02        110         48.12 
  0.9948         2.043e-06       1.649e-02        111         48.47 
  0.9948         1.950e-06       2.078e-02        112         48.91 
  0.9948         2.456e-06       1.511e-02        113         49.29 
  0.9948         2.539e-06       1.508e-02        114         49.62 
  0.9948         2.817e-06       1.677e-02        115         50.01 
  0.9948         2.912e-06       1.554e-02        116         50.41 
  0.9948         3.325e-06       1.521e-02        117         50.75 
  0.9948         3.522e-06       1.129e-02        118         51.14 
  0.9948         3.642e-06       1.532e-02        119         51.54 
  0.9948         3.675e-06       1.434e-02        120         51.92 
  0.9949         3.834e-06       1.938e-02        121         52.30 
  0.9949         4.127e-06       1.243e-02        122         52.74 
  0.9949         4.267e-06       1.564e-02        123         53.17 
  0.9949         4.337e-06       1.249e-02        124         53.52 
  0.9949         4.362e-06       2.153e-02        125         53.93 
  0.9949         4.621e-06       1.406e-02        126         54.32 
  0.9949         4.787e-06       1.648e-02        127         54.72 
  0.9949         5.012e-06       1.216e-02        128         55.05 
  0.9949         4.913e-06       1.964e-02        129         55.53 
  0.9949         5.112e-06       1.641e-02        130         55.92 
  0.9949         5.158e-06       1.717e-02        131         56.27 
  0.9949         5.460e-06       1.324e-02        132         56.66 
  0.9949         5.007e-06       1.482e-02        133         57.04 
  0.9949         4.972e-06       1.538e-02        134         57.40 
  0.9949         4.778e-06       1.523e-02        135         57.75 
  0.9949         4.881e-06       1.358e-02        136         58.16 
  0.9949         4.540e-06       1.104e-02        137         58.60 
  0.9949         4.352e-06       1.448e-02        138         58.95 
  0.9949         4.223e-06       1.239e-02        139         59.33 
  0.9949         4.139e-06       1.485e-02        140         59.75 
  0.9949         3.975e-06       1.077e-02        141         60.11 
  0.9949         3.666e-06       1.526e-02        142         60.54 
  0.9949         3.490e-06       1.277e-02        143         60.93 
  0.9949         3.365e-06       1.974e-02        144         61.38 
  0.9949         3.305e-06       1.306e-02        145         61.70 
  0.9949         3.022e-06       1.596e-02        146         62.09 
  0.9949         2.814e-06       1.575e-02        147         62.50 
  0.9949         2.534e-06       2.031e-02        148         62.84 
  0.9949         2.467e-06       1.512e-02        149         63.24 
  0.9949         2.195e-06       1.575e-02        150         63.65 
  0.9949         1.989e-06       2.084e-02        151         64.03 
  0.9949         1.551e-06       2.049e-02        152         64.39 
  0.9949         1.500e-06       1.990e-02        153         64.79 
  0.9949         1.340e-06       1.318e-02        154         65.17 
  0.9949         1.204e-06       1.886e-02        155         65.55 
  0.9949         9.261e-07       1.625e-02        156         65.93 
  0.9949         9.823e-07       1.974e-02        157         66.35 
  0.9950         1.167e-06       1.173e-02        158         66.68 
  0.9950         1.223e-06       1.530e-02        159         67.07 
  0.9950         1.237e-06       1.340e-02        160         67.50 
  0.9950         1.238e-06       2.192e-02        161         67.91 
  0.9950         1.360e-06       1.361e-02        162         68.28 
  0.9950         1.411e-06       1.464e-02        163         68.70 
  0.9950         1.477e-06       1.236e-02        164         69.13 
  0.9950         1.482e-06       1.875e-02        165         69.54 
  0.9950         1.570e-06       1.629e-02        166         69.90 
  0.9950         1.612e-06       1.378e-02        167         70.30 
  0.9950         1.659e-06       1.818e-02        168         70.69 
  0.9950         1.657e-06       1.641e-02        169         71.02 
  0.9950         1.697e-06       2.351e-02        170         71.49 
  0.9950         1.792e-06       1.361e-02        171         71.90 
  0.9950         1.813e-06       1.865e-02        172         72.22 
  0.9950         1.796e-06       1.514e-02        173         72.64 
  0.9950         1.783e-06       2.452e-02        174         73.13 
  0.9950         2.119e-06       1.418e-02        175         73.48 
  0.9950         2.209e-06       1.596e-02        176         73.86 
  0.9950         2.224e-06       1.562e-02        177         74.24 
  0.9950         2.059e-06       1.652e-02        178         74.60 
  0.9950         2.146e-06       1.343e-02        179         74.98 
  0.9950         2.143e-06       1.181e-02        180         75.42 
  0.9950         2.152e-06       1.565e-02        181         75.77 
  0.9950         2.050e-06       1.584e-02        182         76.12 
  0.9950         2.073e-06       1.507e-02        183         76.56 

Found pulse of desired fidelity!
