 Goodness |  Improvement/step |  Step Size  |  Iterations  |  CPU Time
  0.7641         1.038e+00       6.000e-03          1          0.94 
  0.7954         9.898e-01       1.200e-02          2          1.79 
  0.8470         9.424e-01       1.907e-02          3          2.53 
  0.8764         8.938e-01       1.834e-02          4          3.23 
  0.9571         8.479e-01       1.159e-02          5          3.88 
  0.9615         7.981e-01       2.006e-02          6          4.64 
  0.9761         7.488e-01       1.372e-02          7          5.25 
  0.9838         6.992e-01       2.743e-02          8          6.01 
  0.9885         6.494e-01       1.512e-02          9          6.72 
  0.9914         5.996e-01       1.373e-02         10          7.44 
  0.9924         5.496e-01       8.237e-03         11          8.09 
  0.9928         4.996e-01       1.032e-02         12          8.80 
  0.9929         4.496e-01       1.807e-02         13          9.53 
  0.9934         3.997e-01       9.187e-03         14         10.42 
  0.9934         3.497e-01       1.837e-02         15         10.99 
  0.9935         2.997e-01       1.825e-02         16         11.74 
  0.9935         2.497e-01       1.244e-02         17         12.51 
  0.9935         1.997e-01       1.076e-02         18         13.33 
  0.9936         1.497e-01       1.439e-02         19         14.02 
  0.9936         9.968e-02       1.660e-02         20         14.65 
  0.9936         1.148e-02       1.228e-02         21         15.24 
  0.9936         9.911e-03       1.026e-02         22         16.02 
  0.9936         7.331e-03       2.052e-02         23         16.82 
  0.9937         5.864e-03       1.494e-02         24         17.38 
  0.9937         1.830e-03       1.238e-02         25         18.10 
  0.9938         1.615e-03       9.461e-03         26         18.74 
  0.9938         8.851e-04       8.431e-03         27         19.43 
  0.9938         5.018e-04       1.075e-02         28         19.97 
  0.9938         2.660e-04       1.055e-02         29         20.77 
  0.9938         1.237e-04       1.105e-02         30         21.50 
  0.9938         7.016e-05       7.658e-03         31         22.14 
  0.9938         5.389e-05       9.024e-03         32         22.91 
  0.9938         4.577e-05       9.059e-03         33         23.56 
  0.9938         2.333e-05       1.428e-02         34         24.45 
  0.9939         2.216e-05       1.076e-02         35         24.98 
  0.9939         1.967e-05       9.475e-03         36         25.71 
  0.9939         1.648e-05       9.063e-03         37         26.38 
  0.9939         1.547e-05       1.103e-02         38         27.00 
  0.9939         1.458e-05       1.500e-02         39         27.95 
  0.9939         1.404e-05       1.156e-02         40         28.73 
  0.9939         1.204e-05       1.114e-02         41         29.38 
  0.9939         1.121e-05       9.118e-03         42         30.06 
  0.9939         1.093e-05       1.526e-02         43         31.00 
  0.9939         8.794e-06       1.324e-02         44         31.80 
  0.9939         7.251e-06       1.357e-02         45         32.38 
  0.9939         6.268e-06       9.446e-03         46         33.05 
  0.9939         5.004e-06       9.870e-03         47         33.85 
  0.9939         4.273e-06       1.292e-02         48         34.54 
  0.9939         3.822e-06       1.453e-02         49         35.38 
  0.9939         3.344e-06       1.378e-02         50         36.02 
  0.9939         3.012e-06       9.533e-03         51         36.84 
  0.9939         3.001e-06       1.211e-02         52         37.43 
  0.9939         3.083e-06       1.168e-02         53         38.05 
  0.9939         3.260e-06       1.572e-02         54         38.64 
  0.9939         3.749e-06       1.014e-02         55         39.13 
  0.9939         3.941e-06       9.731e-03         56         39.99 
  0.9939         4.072e-06       9.936e-03         57         40.65 
  0.9939         4.153e-06       1.337e-02         58         41.30 
  0.9939         4.410e-06       1.354e-02         59         42.21 
  0.9940         4.685e-06       1.028e-02         60         42.90 
  0.9940         4.888e-06       1.124e-02         61         43.58 
  0.9940         4.984e-06       1.072e-02         62         44.11 
  0.9940         5.147e-06       1.683e-02         63         45.19 
  0.9940         5.665e-06       1.154e-02         64         45.83 
  0.9940         6.021e-06       1.089e-02         65         46.52 
  0.9940         6.111e-06       9.962e-03         66         47.09 
  0.9940         6.202e-06       1.581e-02         67         47.95 
  0.9940         6.785e-06       1.632e-02         68         48.70 
  0.9940         7.984e-06       1.083e-02         69         49.35 
  0.9941         8.867e-06       9.400e-03         70         50.07 
  0.9941         8.954e-06       9.724e-03         71         50.71 
  0.9941         9.139e-06       1.619e-02         72         51.48 
  0.9941         1.004e-05       1.060e-02         73         51.94 
  0.9941         1.057e-05       9.916e-03         74         52.52 
  0.9941         1.029e-05       8.867e-03         75         53.24 
  0.9941         1.010e-05       1.442e-02         76         54.12 
  0.9941         1.031e-05       1.223e-02         77         54.71 
  0.9942         1.063e-05       9.549e-03         78         55.32 
  0.9942         1.061e-05       8.965e-03         79         55.88 
  0.9942         1.029e-05       9.601e-03         80         56.56 
  0.9942         1.000e-05       1.584e-02         81         57.42 
  0.9942         9.981e-06       1.196e-02         82         58.17 
  0.9942         9.969e-06       1.115e-02         83         58.72 
  0.9942         9.459e-06       8.520e-03         84         59.55 
  0.9942         8.963e-06       1.389e-02         85         60.50 
  0.9942         8.642e-06       1.409e-02         86         61.41 
  0.9942         8.613e-06       1.400e-02         87         62.09 
  0.9942         8.287e-06       1.005e-02         88         62.83 
  0.9942         7.084e-06       9.547e-03         89         63.51 
  0.9942         5.964e-06       1.416e-02         90         64.40 
  0.9942         5.635e-06       1.318e-02         91         65.10 
  0.9942         5.473e-06       1.236e-02         92         65.73 
  0.9942         4.596e-06       8.599e-03         93         66.30 
  0.9942         3.890e-06       1.276e-02         94         67.27 
  0.9942         3.564e-06       1.297e-02         95         68.12 
  0.9942         3.566e-06       1.525e-02         96         68.83 
  0.9942         3.532e-06       1.010e-02         97         69.63 
  0.9942         3.255e-06       9.477e-03         98         70.51 
  0.9942         3.053e-06       1.147e-02         99         71.14 
  0.9942         3.069e-06       1.303e-02        100         71.91 
  0.9942         3.190e-06       1.313e-02        101         72.40 
  0.9942         3.238e-06       9.167e-03        102         73.19 
  0.9942         3.159e-06       1.031e-02        103         73.83 
  0.9942         3.084e-06       9.913e-03        104         74.45 
  0.9942         3.096e-06       1.607e-02        105         75.22 
  0.9942         3.184e-06       1.162e-02        106         75.98 
  0.9942         3.189e-06       1.135e-02        107         76.63 
  0.9942         3.014e-06       1.020e-02        108         77.40 
  0.9942         2.994e-06       1.383e-02        109         78.09 
  0.9943         3.144e-06       1.450e-02        110         78.79 
  0.9943         3.405e-06       1.190e-02        111         79.57 
  0.9943         3.708e-06       1.061e-02        112         80.21 
  0.9943         3.739e-06       9.322e-03        113         80.86 
  0.9943         3.840e-06       1.323e-02        114         81.90 
  0.9943         4.033e-06       1.106e-02        115         82.66 
  0.9943         4.237e-06       1.146e-02        116         83.37 
  0.9943         4.183e-06       8.075e-03        117         83.95 
  0.9943         4.156e-06       9.232e-03        118         84.68 
  0.9943         4.137e-06       8.863e-03        119         85.40 
  0.9943         4.109e-06       1.167e-02        120         86.00 
  0.9943         4.022e-06       1.024e-02        121         86.67 
  0.9943         3.881e-06       9.412e-03        122         87.34 
  0.9943         3.822e-06       9.542e-03        123         88.39 
  0.9943         3.788e-06       1.024e-02        124         88.98 
  0.9943         3.770e-06       1.473e-02        125         89.71 
  0.9943         3.665e-06       1.284e-02        126         90.43 
  0.9943         3.647e-06       1.334e-02        127         91.05 
  0.9943         3.665e-06       9.406e-03        128         91.71 
  0.9943         3.689e-06       1.117e-02        129         92.37 
  0.9943         3.560e-06       9.826e-03        130         93.09 
  0.9943         3.264e-06       1.377e-02        131         93.70 
  0.9943         2.936e-06       1.075e-02        132         94.29 
  0.9943         2.869e-06       1.074e-02        133         95.11 
  0.9943         2.890e-06       8.447e-03        134         95.70 
  0.9943         2.667e-06       9.296e-03        135         96.33 
  0.9943         2.375e-06       9.520e-03        136         96.98 
  0.9943         2.049e-06       1.074e-02        137         97.90 
  0.9943         1.997e-06       1.058e-02        138         98.81 
  0.9943         1.973e-06       9.719e-03        139         99.51 
  0.9943         1.987e-06       1.018e-02        140         100.21 
  0.9943         1.929e-06       9.694e-03        141         100.93 
  0.9943         1.907e-06       1.256e-02        142         101.69 
  0.9943         1.909e-06       1.135e-02        143         102.38 
  0.9943         1.976e-06       1.339e-02        144         103.03 
  0.9944         2.086e-06       1.010e-02        145         103.59 
  0.9944         2.132e-06       1.162e-02        146         104.35 
  0.9944         2.126e-06       9.746e-03        147         105.01 
  0.9944         2.050e-06       1.292e-02        148         105.79 
  0.9944         2.167e-06       1.069e-02        149         106.36 
  0.9944         2.275e-06       1.175e-02        150         107.11 
  0.9944         2.517e-06       9.575e-03        151         107.72 
  0.9944         2.483e-06       1.023e-02        152         108.37 
  0.9944         2.516e-06       9.716e-03        153         108.98 
  0.9944         2.456e-06       1.044e-02        154         109.67 
  0.9944         2.595e-06       1.034e-02        155         110.36 
  0.9944         2.694e-06       9.711e-03        156         110.95 
  0.9944         2.838e-06       9.647e-03        157         111.65 
  0.9944         2.879e-06       8.842e-03        158         112.27 
  0.9944         2.926e-06       1.044e-02        159         112.95 
  0.9944         2.954e-06       9.818e-03        160         113.83 
  0.9944         3.027e-06       1.211e-02        161         114.38 
  0.9944         3.137e-06       9.914e-03        162         115.06 
  0.9944         3.235e-06       1.158e-02        163         115.85 
  0.9944         3.322e-06       9.324e-03        164         116.53 
  0.9944         3.314e-06       1.214e-02        165         117.34 
  0.9944         3.392e-06       1.028e-02        166         118.13 
  0.9944         3.452e-06       1.354e-02        167         118.77 
  0.9944         3.776e-06       1.081e-02        168         119.65 
  0.9944         3.951e-06       1.226e-02        169         120.33 
  0.9945         4.381e-06       9.643e-03        170         121.16 
  0.9945         4.456e-06       1.082e-02        171         121.97 
  0.9945         4.791e-06       9.476e-03        172         122.61 
  0.9945         4.933e-06       1.046e-02        173         123.42 
  0.9945         5.286e-06       9.455e-03        174         124.11 
  0.9945         5.416e-06       9.557e-03        175         124.78 
  0.9945         5.632e-06       9.066e-03        176         125.33 
  0.9945         5.668e-06       8.867e-03        177         125.99 
  0.9945         5.766e-06       9.404e-03        178         126.68 
  0.9945         5.808e-06       9.131e-03        179         127.45 
  0.9945         5.877e-06       1.051e-02        180         128.06 
  0.9945         5.916e-06       9.545e-03        181         128.76 
  0.9945         5.930e-06       1.100e-02        182         129.35 
  0.9945         5.945e-06       9.189e-03        183         129.94 
  0.9945         5.922e-06       1.063e-02        184         130.74 
  0.9945         5.934e-06       8.712e-03        185         131.35 
  0.9945         5.839e-06       1.053e-02        186         132.07 
  0.9945         5.753e-06       8.677e-03        187         132.69 
  0.9945         5.401e-06       1.073e-02        188         133.36 
  0.9945         5.103e-06       8.859e-03        189         134.08 
  0.9945         4.537e-06       1.090e-02        190         134.58 
  0.9945         4.234e-06       9.065e-03        191         135.34 
  0.9945         3.786e-06       1.088e-02        192         136.08 
  0.9946         3.532e-06       9.330e-03        193         136.71 
  0.9946         3.103e-06       1.075e-02        194         137.34 
  0.9946         2.862e-06       9.544e-03        195         137.99 
  0.9946         2.550e-06       1.042e-02        196         138.64 
  0.9946         2.421e-06       9.729e-03        197         139.33 
  0.9946         2.275e-06       9.980e-03        198         139.82 
  0.9946         2.214e-06       9.669e-03        199         140.41 
  0.9946         2.114e-06       9.402e-03        200         140.89 
  0.9946         2.027e-06       9.725e-03        201         141.52 
  0.9946         1.904e-06       9.228e-03        202         142.10 
  0.9946         1.779e-06       1.025e-02        203         142.71 
  0.9946         1.664e-06       9.430e-03        204         143.50 
  0.9946         1.562e-06       1.094e-02        205         144.09 
  0.9946         1.501e-06       9.421e-03        206         144.56 
  0.9946         1.436e-06       1.080e-02        207         145.08 
  0.9946         1.404e-06       8.856e-03        208         145.63 
  0.9946         1.343e-06       1.040e-02        209         146.21 
  0.9946         1.311e-06       8.607e-03        210         146.84 
  0.9946         1.241e-06       1.050e-02        211         147.38 
  0.9946         1.205e-06       8.903e-03        212         148.11 
  0.9946         1.132e-06       1.117e-02        213         148.61 
  0.9946         1.100e-06       9.552e-03        214         149.16 
  0.9946         1.032e-06       1.176e-02        215         149.75 
  0.9946         1.014e-06       1.016e-02        216         150.50 
  0.9946         9.628e-07       1.210e-02        217         151.00 
  0.9946         9.792e-07       1.049e-02        218         151.58 
  0.9946         9.662e-07       1.161e-02        219         152.18 
  0.9946         1.038e-06       1.019e-02        220         152.72 
  0.9946         1.073e-06       1.067e-02        221         153.29 
  0.9946         1.179e-06       9.732e-03        222         153.91 
  0.9946         1.236e-06       9.992e-03        223         154.46 
  0.9946         1.334e-06       9.815e-03        224         155.11 
  0.9946         1.393e-06       1.000e-02        225         155.67 
  0.9946         1.489e-06       1.018e-02        226         156.20 
  0.9946         1.562e-06       9.899e-03        227         156.78 
  0.9946         1.671e-06       1.029e-02        228         157.40 
  0.9946         1.768e-06       9.507e-03        229         157.90 
  0.9946         1.883e-06       1.003e-02        230         158.55 
  0.9946         1.982e-06       9.062e-03        231         159.06 
  0.9946         2.076e-06       1.024e-02        232         159.64 
  0.9946         2.169e-06       9.187e-03        233         160.14 
  0.9946         2.255e-06       1.085e-02        234         160.79 
  0.9946         2.366e-06       9.392e-03        235         161.39 
  0.9946         2.459e-06       1.116e-02        236         161.89 
  0.9946         2.595e-06       9.081e-03        237         162.47 
  0.9946         2.664e-06       1.057e-02        238         163.05 
  0.9946         2.758e-06       8.623e-03        239         163.67 
  0.9946         2.745e-06       1.059e-02        240         164.27 
  0.9946         2.784e-06       8.828e-03        241         164.75 
  0.9946         2.739e-06       1.100e-02        242         165.40 
  0.9946         2.784e-06       9.195e-03        243         166.02 
  0.9946         2.762e-06       1.111e-02        244         166.64 
  0.9947         2.834e-06       9.071e-03        245         167.12 
  0.9947         2.812e-06       1.032e-02        246         167.68 
  0.9947         2.847e-06       8.743e-03        247         168.20 
  0.9947         2.785e-06       1.003e-02        248         168.74 
  0.9947         2.776e-06       8.959e-03        249         169.37 
  0.9947         2.710e-06       1.017e-02        250         169.95 
  0.9947         2.712e-06       9.370e-03        251         170.61 
  0.9947         2.681e-06       1.015e-02        252         171.03 
  0.9947         2.702e-06       9.269e-03        253         171.64 
  0.9947         2.674e-06       9.565e-03        254         172.12 
  0.9947         2.648e-06       8.978e-03        255         172.75 
  0.9947         2.574e-06       9.194e-03        256         173.35 
  0.9947         2.474e-06       8.905e-03        257         173.89 
  0.9947         2.372e-06       9.044e-03        258         174.51 
  0.9947         2.261e-06       9.095e-03        259         175.52 
  0.9947         2.180e-06       9.032e-03        260         175.99 
  0.9947         2.081e-06       9.338e-03        261         176.56 
  0.9947         2.005e-06       9.012e-03        262         177.01 
  0.9947         1.885e-06       9.820e-03        263         177.62 
  0.9947         1.792e-06       9.153e-03        264         178.14 
  0.9947         1.644e-06       1.023e-02        265         178.74 
  0.9947         1.547e-06       9.082e-03        266         179.26 
  0.9947         1.417e-06       1.045e-02        267         179.89 
  0.9947         1.348e-06       9.031e-03        268         180.53 
  0.9947         1.249e-06       1.079e-02        269         181.18 
  0.9947         1.195e-06       9.371e-03        270         181.78 
  0.9947         1.100e-06       1.178e-02        271         182.36 
  0.9947         1.056e-06       1.013e-02        272         182.97 
  0.9947         9.780e-07       1.250e-02        273         183.48 
  0.9947         9.850e-07       1.039e-02        274         184.01 
  0.9947         9.793e-07       1.218e-02        275         184.52 
  0.9947         1.080e-06       9.740e-03        276         185.29 
  0.9947         1.148e-06       1.098e-02        277         185.85 
  0.9947         1.290e-06       9.052e-03        278         186.56 
  0.9947         1.375e-06       1.050e-02        279         187.20 
  0.9947         1.523e-06       8.829e-03        280         187.91 
  0.9947         1.620e-06       1.016e-02        281         188.42 
  0.9947         1.768e-06       8.714e-03        282         189.04 
  0.9947         1.858e-06       9.932e-03        283         189.61 
  0.9947         1.983e-06       8.689e-03        284         190.30 
  0.9947         2.055e-06       9.710e-03        285         190.93 
  0.9947         2.148e-06       8.882e-03        286         191.46 
  0.9947         2.201e-06       9.658e-03        287         192.06 
  0.9947         2.273e-06       9.110e-03        288         192.54 
  0.9947         2.315e-06       9.427e-03        289         193.19 
  0.9947         2.365e-06       9.280e-03        290         193.65 
  0.9947         2.390e-06       9.210e-03        291         194.28 
  0.9947         2.407e-06       9.499e-03        292         194.85 
  0.9947         2.401e-06       9.238e-03        293         195.41 
  0.9947         2.362e-06       1.012e-02        294         196.04 
  0.9947         2.312e-06       9.598e-03        295         196.57 
  0.9947         2.215e-06       1.057e-02        296         197.31 
  0.9947         2.145e-06       9.473e-03        297         197.85 
  0.9947         2.044e-06       1.034e-02        298         198.42 
  0.9947         1.989e-06       8.952e-03        299         199.04 
  0.9948         1.885e-06       9.966e-03        300         199.67 
  0.9948         1.820e-06       8.631e-03        301         200.26 
  0.9948         1.704e-06       1.007e-02        302         201.06 
  0.9948         1.643e-06       8.682e-03        303         201.62 
  0.9948         1.541e-06       1.032e-02        304         202.29 
  0.9948         1.497e-06       8.699e-03        305         202.84 
  0.9948         1.418e-06       1.035e-02        306         203.50 
  0.9948         1.388e-06       8.581e-03        307         203.98 
  0.9948         1.322e-06       1.020e-02        308         204.57 
  0.9948         1.294e-06       8.584e-03        309         205.24 
  0.9948         1.240e-06       1.034e-02        310         205.77 
  0.9948         1.221e-06       8.894e-03        311         206.34 
  0.9948         1.184e-06       1.044e-02        312         206.94 
  0.9948         1.177e-06       9.108e-03        313         207.58 
  0.9948         1.150e-06       1.013e-02        314         208.28 
  0.9948         1.141e-06       8.970e-03        315         208.83 
  0.9948         1.101e-06       9.608e-03        316         209.48 
  0.9948         1.064e-06       8.911e-03        317         210.09 
  0.9948         1.002e-06       9.495e-03        318         210.61 
  0.9948         9.498e-07       9.030e-03        319         211.18 
  0.9948         8.925e-07       9.446e-03        320         211.74 
  0.9948         8.480e-07       9.145e-03        321         212.31 
  0.9948         8.069e-07       9.321e-03        322         212.92 
  0.9948         7.681e-07       9.181e-03        323         213.44 
  0.9948         7.340e-07       9.229e-03        324         214.06 
  0.9948         6.941e-07       9.760e-03        325         214.69 
  0.9948         6.661e-07       9.746e-03        326         215.22 
  0.9948         6.345e-07       1.085e-02        327         215.77 
  0.9948         6.241e-07       1.031e-02        328         216.34 
  0.9948         6.183e-07       1.158e-02        329         216.94 
  0.9948         6.410e-07       1.018e-02        330         217.40 
  0.9948         6.703e-07       1.118e-02        331         218.05 
  0.9948         7.232e-07       9.513e-03        332         218.62 
  0.9948         7.669e-07       1.067e-02        333         219.26 
  0.9948         8.285e-07       9.090e-03        334         219.73 
  0.9948         8.739e-07       1.031e-02        335         220.18 
  0.9948         9.389e-07       8.873e-03        336         220.75 
  0.9948         9.858e-07       1.023e-02        337         221.23 
  0.9948         1.055e-06       8.739e-03        338         221.80 
  0.9948         1.102e-06       1.021e-02        339         222.35 
  0.9948         1.171e-06       8.742e-03        340         222.83 
  0.9948         1.218e-06       1.054e-02        341         223.40 
  0.9948         1.298e-06       8.891e-03        342         223.89 
  0.9948         1.358e-06       1.064e-02        343         224.36 
  0.9948         1.456e-06       8.861e-03        344         224.84 
  0.9948         1.528e-06       1.044e-02        345         225.25 
  0.9948         1.629e-06       8.703e-03        346         225.73 
  0.9948         1.696e-06       1.011e-02        347         226.28 
  0.9948         1.777e-06       8.719e-03        348         226.78 
  0.9948         1.822e-06       1.012e-02        349         227.37 
  0.9948         1.878e-06       8.848e-03        350         227.87 
  0.9948         1.895e-06       1.010e-02        351         228.43 
  0.9948         1.930e-06       8.797e-03        352         228.95 
  0.9948         1.930e-06       9.866e-03        353         229.38 
  0.9948         1.947e-06       8.507e-03        354         229.88 
  0.9948         1.932e-06       9.569e-03        355         230.36 
  0.9948         1.927e-06       8.441e-03        356         230.80 
  0.9948         1.903e-06       9.552e-03        357         231.30 
  0.9948         1.887e-06       8.613e-03        358         231.73 
  0.9948         1.865e-06       9.544e-03        359         232.24 
  0.9948         1.847e-06       8.779e-03        360         232.72 
  0.9948         1.826e-06       9.371e-03        361         233.16 
  0.9948         1.794e-06       8.678e-03        362         233.70 
  0.9948         1.757e-06       9.119e-03        363         234.21 
  0.9948         1.697e-06       8.651e-03        364         234.75 
  0.9948         1.642e-06       9.242e-03        365         235.32 
  0.9948         1.571e-06       8.920e-03        366         235.79 
  0.9948         1.515e-06       9.563e-03        367         236.35 
  0.9948         1.454e-06       9.328e-03        368         236.85 
  0.9948         1.409e-06       9.677e-03        369         237.27 
  0.9948         1.352e-06       9.410e-03        370         237.84 
  0.9948         1.309e-06       9.318e-03        371         238.33 
  0.9948         1.243e-06       9.264e-03        372         238.90 
  0.9948         1.197e-06       9.017e-03        373         239.49 
  0.9948         1.132e-06       9.202e-03        374         239.97 
  0.9948         1.093e-06       8.955e-03        375         240.53 
  0.9948         1.045e-06       9.304e-03        376         241.06 
  0.9948         1.018e-06       9.011e-03        377         241.59 
  0.9948         9.818e-07       9.330e-03        378         242.15 
  0.9948         9.585e-07       8.872e-03        379         242.59 
  0.9948         9.227e-07       9.319e-03        380         243.11 
  0.9948         8.991e-07       8.690e-03        381         243.60 
  0.9948         8.637e-07       9.329e-03        382         244.04 
  0.9948         8.441e-07       8.538e-03        383         244.54 
  0.9948         8.159e-07       9.466e-03        384         244.98 
  0.9948         8.024e-07       8.578e-03        385         245.52 
  0.9949         7.788e-07       9.650e-03        386         246.00 
  0.9949         7.659e-07       8.738e-03        387         246.42 
  0.9949         7.403e-07       9.992e-03        388         246.96 
  0.9949         7.242e-07       9.014e-03        389         247.38 
  0.9949         6.954e-07       1.026e-02        390         247.91 
  0.9949         6.797e-07       9.045e-03        391         248.40 
  0.9949         6.553e-07       1.032e-02        392         248.86 
  0.9949         6.480e-07       8.867e-03        393         249.36 
  0.9949         6.322e-07       1.022e-02        394         249.80 
  0.9949         6.323e-07       8.733e-03        395         250.33 
  0.9949         6.213e-07       1.039e-02        396         250.84 
  0.9949         6.269e-07       8.939e-03        397         251.28 
  0.9949         6.231e-07       1.069e-02        398         251.83 
  0.9949         6.411e-07       9.239e-03        399         252.32 
  0.9949         6.543e-07       1.090e-02        400         252.81 
  0.9949         6.972e-07       9.304e-03        401         253.35 
  0.9949         7.361e-07       1.060e-02        402         253.83 
  0.9949         8.057e-07       8.990e-03        403         254.32 
  0.9949         8.611e-07       1.033e-02        404         254.87 
  0.9949         9.458e-07       8.690e-03        405         255.31 
  0.9949         1.009e-06       9.942e-03        406         255.82 
  0.9949         1.093e-06       8.420e-03        407         256.32 
  0.9949         1.151e-06       9.735e-03        408         256.82 
  0.9949         1.221e-06       8.304e-03        409         257.26 
  0.9949         1.266e-06       9.385e-03        410         257.67 
  0.9949         1.312e-06       8.235e-03        411         258.19 
  0.9949         1.336e-06       9.315e-03        412         258.65 
  0.9949         1.362e-06       8.321e-03        413         259.10 
  0.9949         1.373e-06       9.444e-03        414         259.59 
  0.9949         1.389e-06       8.552e-03        415         260.01 
  0.9949         1.396e-06       9.841e-03        416         260.50 
  0.9949         1.411e-06       8.830e-03        417         261.01 
  0.9949         1.417e-06       9.998e-03        418         261.47 
  0.9949         1.428e-06       9.015e-03        419         261.95 
  0.9949         1.428e-06       9.987e-03        420         262.46 
  0.9949         1.427e-06       9.033e-03        421         262.94 
  0.9949         1.416e-06       9.679e-03        422         263.42 
  0.9949         1.399e-06       8.927e-03        423         263.91 
  0.9949         1.380e-06       9.549e-03        424         264.47 
  0.9949         1.355e-06       8.787e-03        425         265.03 
  0.9949         1.333e-06       9.331e-03        426         265.52 
  0.9949         1.307e-06       8.679e-03        427         266.07 
  0.9949         1.287e-06       9.291e-03        428         266.56 
  0.9949         1.267e-06       8.735e-03        429         267.04 
  0.9949         1.254e-06       9.190e-03        430         267.54 
  0.9949         1.248e-06       8.884e-03        431         267.95 
  0.9949         1.249e-06       9.225e-03        432         268.49 
  0.9949         1.255e-06       8.982e-03        433         268.94 
  0.9949         1.264e-06       9.153e-03        434         269.44 
  0.9949         1.274e-06       8.942e-03        435         269.93 
  0.9949         1.283e-06       9.130e-03        436         270.33 
  0.9949         1.286e-06       8.881e-03        437         270.84 
  0.9949         1.287e-06       9.061e-03        438         271.36 
  0.9949         1.279e-06       9.009e-03        439         271.82 
  0.9949         1.271e-06       9.149e-03        440         272.31 
  0.9949         1.253e-06       9.191e-03        441         272.81 
  0.9949         1.241e-06       9.054e-03        442         273.29 
  0.9949         1.220e-06       9.157e-03        443         273.86 
  0.9949         1.206e-06       8.840e-03        444         274.29 
  0.9949         1.177e-06       8.857e-03        445         274.81 
  0.9949         1.154e-06       8.493e-03        446         275.32 
  0.9949         1.115e-06       8.643e-03        447         275.77 
  0.9949         1.086e-06       8.348e-03        448         276.35 
  0.9949         1.040e-06       8.673e-03        449         276.83 
  0.9949         1.005e-06       8.336e-03        450         277.30 
  0.9949         9.576e-07       8.938e-03        451         277.87 
  0.9949         9.207e-07       8.504e-03        452         278.34 
  0.9949         8.718e-07       9.218e-03        453         278.90 
  0.9949         8.345e-07       8.721e-03        454         279.45 
  0.9949         7.874e-07       9.567e-03        455         279.89 
  0.9949         7.550e-07       9.049e-03        456         280.39 
  0.9949         7.152e-07       9.915e-03        457         280.85 
  0.9949         6.908e-07       9.237e-03        458         281.44 
  0.9949         6.613e-07       1.019e-02        459         282.02 
  0.9949         6.460e-07       9.203e-03        460         282.52 
  0.9949         6.240e-07       1.011e-02        461         283.08 
  0.9949         6.131e-07       8.912e-03        462         283.58 
  0.9949         5.932e-07       9.902e-03        463         284.10 
  0.9949         5.850e-07       8.741e-03        464         284.59 
  0.9949         5.703e-07       9.745e-03        465         285.02 
  0.9949         5.704e-07       8.672e-03        466         285.62 
  0.9949         5.684e-07       9.794e-03        467         286.09 
  0.9949         5.815e-07       8.698e-03        468         286.58 
  0.9949         5.933e-07       9.904e-03        469         287.09 
  0.9949         6.183e-07       8.710e-03        470         287.58 
  0.9949         6.405e-07       1.010e-02        471         288.09 
  0.9949         6.760e-07       8.790e-03        472         288.65 
  0.9949         7.086e-07       1.012e-02        473         289.08 
  0.9949         7.543e-07       8.805e-03        474         289.56 
  0.9949         7.955e-07       1.007e-02        475         290.06 
  0.9949         8.493e-07       8.703e-03        476         290.49 
  0.9949         8.940e-07       9.802e-03        477         291.00 
  0.9949         9.468e-07       8.484e-03        478         291.49 
  0.9949         9.835e-07       9.760e-03        479         291.94 
  0.9949         1.027e-06       8.396e-03        480         292.48 
  0.9949         1.054e-06       9.688e-03        481         292.90 
  0.9949         1.086e-06       8.351e-03        482         293.42 
  0.9950         1.104e-06       9.643e-03        483         293.91 
  0.9950         1.129e-06       8.335e-03        484         294.35 
  0.9950         1.141e-06       9.430e-03        485         294.84 
  0.9950         1.157e-06       8.243e-03        486         295.22 
  0.9950         1.161e-06       9.396e-03        487         295.59 
  0.9950         1.167e-06       8.226e-03        488         295.95 
  0.9950         1.163e-06       9.480e-03        489         296.31 
  0.9950         1.161e-06       8.324e-03        490         296.67 
  0.9950         1.151e-06       9.683e-03        491         297.03 
  0.9950         1.142e-06       8.519e-03        492         297.40 
  0.9950         1.127e-06       9.759e-03        493         297.77 
  0.9950         1.113e-06       8.695e-03        494         298.13 
  0.9950         1.093e-06       9.891e-03        495         298.49 
  0.9950         1.076e-06       8.809e-03        496         298.86 
  0.9950         1.058e-06       9.944e-03        497         299.21 
  0.9950         1.048e-06       8.790e-03        498         299.58 
  0.9950         1.040e-06       9.925e-03        499         299.95 
  0.9950         1.041e-06       8.681e-03        500         300.31 
  0.9950         1.042e-06       9.611e-03        501         300.67 
  0.9950         1.048e-06       8.504e-03        502         301.04 
  0.9950         1.051e-06       9.347e-03        503         301.40 
  0.9950         1.056e-06       8.380e-03        504         301.76 
  0.9950         1.058e-06       9.200e-03        505         302.13 
  0.9950         1.065e-06       8.295e-03        506         302.49 
  0.9950         1.069e-06       9.215e-03        507         302.85 
  0.9950         1.077e-06       8.260e-03        508         303.22 
  0.9950         1.083e-06       9.153e-03        509         303.57 
  0.9950         1.089e-06       8.272e-03        510         303.93 
  0.9950         1.092e-06       9.082e-03        511         304.29 
  0.9950         1.093e-06       8.291e-03        512         304.66 
  0.9950         1.089e-06       9.018e-03        513         305.01 
  0.9950         1.081e-06       8.297e-03        514         305.37 
  0.9950         1.070e-06       9.094e-03        515         305.73 
  0.9950         1.050e-06       8.331e-03        516         306.09 
  0.9950         1.029e-06       9.132e-03        517         306.44 
  0.9950         9.957e-07       8.402e-03        518         306.81 
  0.9950         9.653e-07       9.143e-03        519         307.16 
  0.9950         9.198e-07       8.499e-03        520         307.52 
  0.9950         8.815e-07       9.119e-03        521         307.88 
  0.9950         8.333e-07       8.560e-03        522         308.24 
  0.9950         7.950e-07       9.181e-03        523         308.60 
  0.9950         7.517e-07       8.593e-03        524         308.96 
  0.9950         7.183e-07       9.220e-03        525         309.31 
  0.9950         6.810e-07       8.660e-03        526         309.68 
  0.9950         6.540e-07       9.255e-03        527         310.03 
  0.9950         6.229e-07       8.785e-03        528         310.40 
  0.9950         6.015e-07       9.274e-03        529         310.75 
  0.9950         5.785e-07       8.938e-03        530         311.11 
  0.9950         5.639e-07       9.419e-03        531         311.47 
  0.9950         5.515e-07       9.053e-03        532         311.83 
  0.9950         5.458e-07       9.512e-03        533         312.19 
  0.9950         5.451e-07       9.088e-03        534         312.55 
  0.9950         5.497e-07       9.469e-03        535         312.90 
  0.9950         5.597e-07       9.023e-03        536         313.26 
  0.9950         5.730e-07       9.207e-03        537         313.62 
  0.9950         5.903e-07       8.863e-03        538         313.98 
  0.9950         6.074e-07       8.971e-03        539         314.34 
  0.9950         6.269e-07       8.655e-03        540         314.70 
  0.9950         6.430e-07       8.790e-03        541         315.05 
  0.9950         6.598e-07       8.528e-03        542         315.42 

Found pulse of desired fidelity!
