 Goodness |  Improvement/step |  Step Size  |  Iterations  |  CPU Time
  0.7826         1.039e+00       6.000e-03          1          1.71 
  0.8062         9.903e-01       1.200e-02          2          3.28 
  0.9164         9.458e-01       8.544e-03          3          4.86 
  0.9285         8.964e-01       1.202e-02          4          6.04 
  0.9755         8.488e-01       3.800e-03          5          7.07 
  0.9818         7.991e-01       3.236e-03          6          8.21 
  0.9844         7.492e-01       6.473e-03          7          9.61 
  0.9866         6.993e-01       8.690e-03          8         10.60 
  0.9916         6.496e-01       8.155e-03          9         11.66 
  0.9920         5.996e-01       1.118e-02         10         12.73 
  0.9926         5.496e-01       7.647e-03         11         13.84 
  0.9928         4.996e-01       8.752e-03         12         14.85 
  0.9930         4.497e-01       6.904e-03         13         15.87 
  0.9931         3.997e-01       6.556e-03         14         17.12 
  0.9932         3.497e-01       8.346e-03         15         18.43 
  0.9932         2.997e-01       9.234e-03         16         19.65 
  0.9933         2.497e-01       1.106e-02         17         20.75 
  0.9933         1.997e-01       1.175e-02         18         22.12 
  0.9934         1.497e-01       1.005e-02         19         23.30 
  0.9934         9.967e-02       8.298e-03         20         24.64 
  0.9934         1.054e-02       1.094e-02         21         25.99 
  0.9935         9.362e-03       6.926e-03         22         27.06 
  0.9935         3.852e-03       1.224e-02         23         28.50 
  0.9935         3.247e-03       8.309e-03         24         29.70 
  0.9935         9.020e-04       1.570e-02         25         31.01 
  0.9935         5.859e-04       9.161e-03         26         32.34 
  0.9935         4.540e-04       1.125e-02         27         33.35 
  0.9935         3.488e-04       9.566e-03         28         34.57 
  0.9936         9.662e-05       1.047e-02         29         35.69 
  0.9936         7.895e-05       1.253e-02         30         36.99 
  0.9936         5.287e-05       8.366e-03         31         38.27 
  0.9936         4.095e-05       1.562e-02         32         40.05 
  0.9937         3.342e-05       7.600e-03         33         41.22 
  0.9937         2.894e-05       1.520e-02         34         42.77 
  0.9937         2.812e-05       1.261e-02         35         43.86 
  0.9938         2.821e-05       8.732e-03         36         45.06 
  0.9938         2.706e-05       1.321e-02         37         46.53 
  0.9939         2.572e-05       8.997e-03         38         47.78 
  0.9939         2.527e-05       1.250e-02         39         49.22 
  0.9939         2.602e-05       9.342e-03         40         50.47 
  0.9940         2.872e-05       1.031e-02         41         52.07 
  0.9940         2.975e-05       1.035e-02         42         53.29 
  0.9941         3.439e-05       8.193e-03         43         54.25 
  0.9942         3.557e-05       1.122e-02         44         55.32 
  0.9943         4.035e-05       7.337e-03         45         56.40 
  0.9944         4.287e-05       1.054e-02         46         58.19 
  0.9945         4.640e-05       6.908e-03         47         59.37 
  0.9945         4.806e-05       9.568e-03         48         60.63 
  0.9946         5.013e-05       7.150e-03         49         61.83 
  0.9946         5.021e-05       1.188e-02         50         63.24 
  0.9946         5.019e-05       6.601e-03         51         64.54 
  0.9946         5.028e-05       9.013e-03         52         65.77 
  0.9946         4.852e-05       1.025e-02         53         66.95 
  0.9947         4.822e-05       5.880e-03         54         68.17 
  0.9947         4.672e-05       1.037e-02         55         69.56 
  0.9947         4.286e-05       1.166e-02         56         70.83 
  0.9947         4.227e-05       8.991e-03         57         71.99 
  0.9947         4.019e-05       1.741e-02         58         73.72 
  0.9947         3.930e-05       1.008e-02         59         74.91 
  0.9947         3.683e-05       1.051e-02         60         76.09 
  0.9947         3.364e-05       1.314e-02         61         77.20 
  0.9947         3.150e-05       7.638e-03         62         78.29 
  0.9947         2.652e-05       1.065e-02         63         79.56 
  0.9947         2.421e-05       1.093e-02         64         80.74 
  0.9947         1.902e-05       6.820e-03         65         81.71 
  0.9947         1.547e-05       1.099e-02         66         83.20 
  0.9947         1.162e-05       1.428e-02         67         84.37 
  0.9947         9.966e-06       8.084e-03         68         85.58 
  0.9947         6.919e-06       1.117e-02         69         86.57 
  0.9947         6.500e-06       9.867e-03         70         87.69 
  0.9947         5.154e-06       7.266e-03         71         88.62 
  0.9947         4.827e-06       1.052e-02         72         90.02 
  0.9947         5.271e-06       6.865e-03         73         91.34 
  0.9948         5.055e-06       8.822e-03         74         92.41 
  0.9948         5.377e-06       9.048e-03         75         93.77 
  0.9948         5.979e-06       6.687e-03         76         95.12 
  0.9948         6.051e-06       8.969e-03         77         96.30 
  0.9948         6.396e-06       8.226e-03         78         97.24 
  0.9948         6.656e-06       6.497e-03         79         98.33 
  0.9948         6.710e-06       7.914e-03         80         99.57 
  0.9948         6.843e-06       7.569e-03         81         100.67 
  0.9948         6.809e-06       6.589e-03         82         101.77 
  0.9948         6.896e-06       7.195e-03         83         103.15 
  0.9948         6.910e-06       7.081e-03         84         104.26 
  0.9948         6.797e-06       6.497e-03         85         105.30 
  0.9948         6.839e-06       7.042e-03         86         106.45 
  0.9948         6.781e-06       7.176e-03         87         107.54 
  0.9948         6.277e-06       6.550e-03         88         109.14 
  0.9948         6.171e-06       6.946e-03         89         110.20 
  0.9948         5.867e-06       7.273e-03         90         111.31 
  0.9948         5.085e-06       6.591e-03         91         112.59 
  0.9948         4.831e-06       7.466e-03         92         113.73 
  0.9948         4.213e-06       8.160e-03         93         114.78 
  0.9948         3.859e-06       7.082e-03         94         116.15 
  0.9948         3.508e-06       8.455e-03         95         117.13 
  0.9948         2.872e-06       8.691e-03         96         118.31 
  0.9948         2.641e-06       7.457e-03         97         119.34 
  0.9948         2.319e-06       8.506e-03         98         120.32 
  0.9948         1.921e-06       8.397e-03         99         121.55 
  0.9948         1.760e-06       7.895e-03        100         122.55 
  0.9948         1.654e-06       8.233e-03        101         123.65 
  0.9948         1.460e-06       8.081e-03        102         124.78 
  0.9948         1.383e-06       8.036e-03        103         126.09 
  0.9948         1.413e-06       7.742e-03        104         127.17 
  0.9948         1.365e-06       7.470e-03        105         128.57 
  0.9949         1.402e-06       7.160e-03        106         129.75 
  0.9949         1.432e-06       7.342e-03        107         130.68 
  0.9949         1.431e-06       7.249e-03        108         131.88 
  0.9949         1.520e-06       7.003e-03        109         132.91 
  0.9949         1.568e-06       7.940e-03        110         134.16 
  0.9949         1.675e-06       7.187e-03        111         135.60 
  0.9949         1.811e-06       7.254e-03        112         136.76 
  0.9949         1.924e-06       7.445e-03        113         138.15 
  0.9949         2.090e-06       6.609e-03        114         139.43 
  0.9949         2.166e-06       7.246e-03        115         140.63 
  0.9949         2.251e-06       6.590e-03        116         141.55 
  0.9949         2.313e-06       6.292e-03        117         142.64 
  0.9949         2.329e-06       7.601e-03        118         143.74 
  0.9949         2.367e-06       6.753e-03        119         144.80 
  0.9949         2.382e-06       6.823e-03        120         145.88 
  0.9949         2.368e-06       6.895e-03        121         146.84 
  0.9949         2.341e-06       6.678e-03        122         147.75 
  0.9949         2.292e-06       6.681e-03        123         148.82 
  0.9949         2.205e-06       6.201e-03        124         149.72 
  0.9949         2.134e-06       6.903e-03        125         150.69 
  0.9949         2.044e-06       6.456e-03        126         151.81 
  0.9949         1.978e-06       6.645e-03        127         152.72 
  0.9949         1.921e-06       6.756e-03        128         153.74 
  0.9949         1.824e-06       6.389e-03        129         154.74 
  0.9949         1.767e-06       6.645e-03        130         155.62 
  0.9949         1.640e-06       6.054e-03        131         156.60 
  0.9949         1.501e-06       6.590e-03        132         157.56 
  0.9949         1.380e-06       6.494e-03        133         158.66 
  0.9949         1.192e-06       6.567e-03        134         159.81 
  0.9949         1.105e-06       7.309e-03        135         160.70 
  0.9949         1.002e-06       6.951e-03        136         161.59 
  0.9949         9.100e-07       7.560e-03        137         162.52 
  0.9949         8.687e-07       7.211e-03        138         163.50 
  0.9949         7.988e-07       7.471e-03        139         164.37 
  0.9949         7.434e-07       7.505e-03        140         165.48 
  0.9949         6.992e-07       7.048e-03        141         166.55 
  0.9949         6.689e-07       7.648e-03        142         167.52 
  0.9949         6.409e-07       6.979e-03        143         168.57 
  0.9949         6.214e-07       7.408e-03        144         169.66 
  0.9949         6.292e-07       7.264e-03        145         170.67 
  0.9949         6.274e-07       7.123e-03        146         171.61 
  0.9949         6.410e-07       7.388e-03        147         172.62 
  0.9949         6.566e-07       6.894e-03        148         173.57 
  0.9949         6.761e-07       7.365e-03        149         174.48 
  0.9949         7.073e-07       6.673e-03        150         175.56 
  0.9949         7.347e-07       7.092e-03        151         176.55 
  0.9949         7.870e-07       6.870e-03        152         177.71 
  0.9949         8.357e-07       6.850e-03        153         178.79 
  0.9949         9.028e-07       7.050e-03        154         179.87 
  0.9949         9.860e-07       6.707e-03        155         180.85 
  0.9949         1.063e-06       7.102e-03        156         181.71 
  0.9949         1.160e-06       6.349e-03        157         182.65 
  0.9949         1.221e-06       6.782e-03        158         183.71 
  0.9949         1.284e-06       6.249e-03        159         184.71 
  0.9949         1.315e-06       6.200e-03        160         185.62 
  0.9949         1.332e-06       6.864e-03        161         186.48 
  0.9949         1.353e-06       6.459e-03        162         187.40 
  0.9949         1.360e-06       7.273e-03        163         188.58 
  0.9949         1.391e-06       7.019e-03        164         189.50 
  0.9949         1.417e-06       7.309e-03        165         190.32 
  0.9949         1.471e-06       6.879e-03        166         191.29 
  0.9949         1.513e-06       6.628e-03        167         192.17 
  0.9949         1.556e-06       6.569e-03        168         193.17 
  0.9949         1.582e-06       5.952e-03        169         194.10 
  0.9949         1.578e-06       6.289e-03        170         195.05 
  0.9949         1.577e-06       5.729e-03        171         196.14 
  0.9949         1.540e-06       6.213e-03        172         197.07 
  0.9949         1.505e-06       6.124e-03        173         198.13 
  0.9949         1.450e-06       6.219e-03        174         199.04 
  0.9949         1.377e-06       6.283e-03        175         199.94 
  0.9949         1.304e-06       6.138e-03        176         200.95 
  0.9949         1.207e-06       6.479e-03        177         201.83 
  0.9949         1.140e-06       5.964e-03        178         202.73 
  0.9949         1.066e-06       6.628e-03        179         203.68 
  0.9949         1.017e-06       6.373e-03        180         204.51 
  0.9949         9.780e-07       6.898e-03        181         205.67 
  0.9949         9.366e-07       7.078e-03        182         206.62 
  0.9949         9.009e-07       7.005e-03        183         207.58 
  0.9949         8.530e-07       7.253e-03        184         208.49 
  0.9949         8.035e-07       6.731e-03        185         209.35 
  0.9949         7.292e-07       7.034e-03        186         210.41 
  0.9949         6.656e-07       6.302e-03        187         211.20 
  0.9949         5.938e-07       6.695e-03        188         212.10 
  0.9950         5.402e-07       6.341e-03        189         212.98 
  0.9950         5.026e-07       6.543e-03        190         213.97 
  0.9950         4.752e-07       6.854e-03        191         215.03 
  0.9950         4.683e-07       6.593e-03        192         216.10 
  0.9950         4.652e-07       6.942e-03        193         217.06 
  0.9950         4.707e-07       6.438e-03        194         218.08 
  0.9950         4.752e-07       6.801e-03        195         219.07 
  0.9950         4.863e-07       6.217e-03        196         219.87 
  0.9950         4.935e-07       6.631e-03        197         220.71 
  0.9950         5.054e-07       6.331e-03        198         221.62 
  0.9950         5.149e-07       6.452e-03        199         222.47 
  0.9950         5.265e-07       6.667e-03        200         223.34 
  0.9950         5.386e-07       6.342e-03        201         224.09 
  0.9950         5.468e-07       6.754e-03        202         224.82 
  0.9950         5.554e-07       6.280e-03        203         225.54 
  0.9950         5.567e-07       6.674e-03        204         226.44 
  0.9950         5.560e-07       6.215e-03        205         227.31 
  0.9950         5.496e-07       6.627e-03        206         228.21 
  0.9950         5.437e-07       6.385e-03        207         228.98 
  0.9950         5.396e-07       6.535e-03        208         229.73 
  0.9950         5.371e-07       6.899e-03        209         230.47 
  0.9950         5.424e-07       6.583e-03        210         231.22 
  0.9950         5.476e-07       7.187e-03        211         232.01 
  0.9950         5.606e-07       6.631e-03        212         232.79 
  0.9950         5.702e-07       6.919e-03        213         233.58 
  0.9950         5.830e-07       6.289e-03        214         234.47 
  0.9950         5.886e-07       6.355e-03        215         235.35 
  0.9950         5.897e-07       5.923e-03        216         236.22 
  0.9950         5.855e-07       5.868e-03        217         236.94 
  0.9950         5.755e-07       6.098e-03        218         237.80 
  0.9950         5.668e-07       5.954e-03        219         238.66 
  0.9950         5.547e-07       6.633e-03        220         239.59 
  0.9950         5.453e-07       6.239e-03        221         240.42 
  0.9950         5.350e-07       6.681e-03        222         241.33 
  0.9950         5.250e-07       6.210e-03        223         242.19 
  0.9950         5.151e-07       6.476e-03        224         242.96 
  0.9950         5.042e-07       6.112e-03        225         243.74 
  0.9950         4.939e-07       6.288e-03        226         244.54 
  0.9950         4.810e-07       6.358e-03        227         245.37 
  0.9950         4.700e-07       6.249e-03        228         246.09 
  0.9950         4.558e-07       6.937e-03        229         246.91 
  0.9950         4.418e-07       6.564e-03        230         247.75 
  0.9950         4.257e-07       7.245e-03        231         248.56 
  0.9950         4.069e-07       6.874e-03        232         249.32 
  0.9950         3.905e-07       7.292e-03        233         250.13 
  0.9950         3.779e-07       6.929e-03        234         250.92 
  0.9950         3.765e-07       6.989e-03        235         251.72 
  0.9950         3.879e-07       6.716e-03        236         252.49 
  0.9950         4.076e-07       6.312e-03        237         253.29 
  0.9950         4.303e-07       6.381e-03        238         254.06 
  0.9950         4.524e-07       5.795e-03        239         254.94 
  0.9950         4.663e-07       6.178e-03        240         255.69 
  0.9950         4.767e-07       5.732e-03        241         256.56 
  0.9950         4.815e-07       6.251e-03        242         257.28 
  0.9950         4.845e-07       6.058e-03        243         258.06 
  0.9950         4.880e-07       6.546e-03        244         258.82 
  0.9950         4.937e-07       6.289e-03        245         259.55 
  0.9950         5.009e-07       6.547e-03        246         260.36 
  0.9950         5.113e-07       6.483e-03        247         261.14 
  0.9950         5.225e-07       6.372e-03        248         261.87 
  0.9950         5.365e-07       6.688e-03        249         262.64 
  0.9950         5.521e-07       6.275e-03        250         263.36 
  0.9950         5.686e-07       6.704e-03        251         264.25 
  0.9950         5.867e-07       6.191e-03        252         265.14 
  0.9950         6.011e-07       6.600e-03        253         265.98 
  0.9950         6.120e-07       6.097e-03        254         266.80 
  0.9950         6.159e-07       6.504e-03        255         267.60 
  0.9950         6.136e-07       6.150e-03        256         268.41 
  0.9950         6.080e-07       6.393e-03        257         269.20 
  0.9950         6.070e-07       6.357e-03        258         269.96 
  0.9950         6.076e-07       6.198e-03        259         270.70 
  0.9950         6.170e-07       6.394e-03        260         271.50 
  0.9950         6.270e-07       5.930e-03        261         272.19 
  0.9950         6.371e-07       6.124e-03        262         273.01 
  0.9950         6.426e-07       5.670e-03        263         273.89 
  0.9950         6.437e-07       5.950e-03        264         274.65 
  0.9950         6.386e-07       5.593e-03        265         275.40 
  0.9950         6.321e-07       6.123e-03        266         276.27 
  0.9950         6.224e-07       5.756e-03        267         277.01 
  0.9950         6.124e-07       6.305e-03        268         277.88 
  0.9950         6.020e-07       6.026e-03        269         278.75 
  0.9950         5.868e-07       6.273e-03        270         279.61 
  0.9950         5.729e-07       6.236e-03        271         280.35 
  0.9950         5.512e-07       6.144e-03        272         281.25 
  0.9950         5.318e-07       6.299e-03        273         282.17 
  0.9950         5.063e-07       6.031e-03        274         283.02 
  0.9950         4.842e-07       6.384e-03        275         283.87 
  0.9950         4.575e-07       6.030e-03        276         284.67 
  0.9950         4.355e-07       6.681e-03        277         285.48 
  0.9950         4.116e-07       6.220e-03        278         286.29 
  0.9950         3.896e-07       6.793e-03        279         287.04 
  0.9950         3.721e-07       6.349e-03        280         287.86 
  0.9950         3.549e-07       6.516e-03        281         288.67 
  0.9950         3.468e-07       6.202e-03        282         289.42 
  0.9950         3.412e-07       6.221e-03        283         290.14 
  0.9950         3.426e-07       6.077e-03        284         290.89 
  0.9950         3.453e-07       6.032e-03        285         291.65 
  0.9950         3.514e-07       6.105e-03        286         292.46 
  0.9950         3.553e-07       5.915e-03        287         293.26 
  0.9950         3.600e-07       6.305e-03        288         294.03 
  0.9950         3.621e-07       5.858e-03        289         294.77 

Found pulse of desired fidelity!
