 Goodness |  Improvement/step |  Step Size  |  Iterations  |  CPU Time
  0.9440         1.047e+00       6.000e-03          1          1.97 
  0.9630         9.981e-01       1.200e-02          2          3.86 
  0.9795         9.490e-01       8.573e-03          3          5.59 
  0.9887         8.994e-01       7.393e-03          4          7.21 
  0.9908         8.495e-01       5.644e-03          5          9.05 
  0.9919         7.996e-01       7.923e-03          6         10.45 
  0.9925         7.496e-01       9.407e-03          7         11.85 
  0.9942         6.997e-01       5.804e-03          8         13.22 
  0.9945         6.497e-01       6.357e-03          9         14.67 
  0.9946         5.997e-01       8.943e-03         10         16.37 
  0.9948         5.497e-01       5.408e-03         11         17.60 
  0.9948         4.997e-01       7.099e-03         12         18.94 
  0.9948         4.497e-01       7.778e-03         13         20.39 
  0.9948         3.997e-01       5.124e-03         14         22.13 
  0.9948         3.497e-01       1.025e-02         15         24.10 
  0.9948         2.997e-01       8.796e-03         16         25.78 
  0.9948         2.497e-01       6.504e-03         17         27.63 
  0.9948         1.997e-01       7.636e-03         18         29.22 
  0.9948         1.497e-01       8.879e-03         19         30.64 
  0.9948         9.974e-02       7.569e-03         20         32.29 
  0.9948         2.541e-03       7.260e-03         21         33.65 
  0.9948         1.594e-03       1.023e-02         22         35.31 
  0.9948         7.679e-04       8.995e-03         23         36.81 
  0.9948         3.088e-04       6.533e-03         24         38.44 
  0.9948         2.019e-04       9.633e-03         25         40.25 
  0.9948         1.470e-04       8.381e-03         26         42.10 
  0.9949         1.152e-04       6.011e-03         27         43.49 
  0.9949         3.205e-05       7.810e-03         28         44.85 
  0.9949         1.712e-05       8.327e-03         29         46.26 
  0.9949         1.282e-05       7.152e-03         30         47.51 
  0.9949         4.303e-06       8.165e-03         31         48.99 
  0.9949         2.694e-06       1.039e-02         32         50.67 
  0.9949         2.177e-06       8.393e-03         33         51.98 
  0.9949         1.578e-06       7.798e-03         34         53.46 
  0.9949         1.526e-06       1.341e-02         35         54.92 
  0.9949         1.614e-06       9.699e-03         36         56.28 
  0.9949         1.760e-06       7.381e-03         37         57.62 
  0.9949         1.900e-06       1.110e-02         38         59.41 
  0.9949         2.177e-06       9.291e-03         39         60.99 
  0.9949         2.644e-06       7.028e-03         40         62.41 
  0.9949         2.844e-06       7.984e-03         41         63.96 
  0.9949         2.968e-06       8.869e-03         42         65.28 
  0.9949         3.202e-06       6.918e-03         43         66.59 
  0.9949         3.239e-06       7.101e-03         44         68.01 
  0.9949         3.281e-06       8.947e-03         45         70.09 
  0.9949         3.382e-06       6.173e-03         46         71.64 
  0.9949         3.346e-06       6.677e-03         47         73.03 
  0.9949         3.335e-06       1.048e-02         48         74.73 
  0.9949         3.400e-06       7.433e-03         49         76.17 
  0.9949         3.437e-06       7.618e-03         50         77.73 
  0.9949         3.438e-06       1.142e-02         51         79.38 
  0.9949         3.519e-06       1.017e-02         52         80.84 
  0.9949         3.682e-06       7.806e-03         53         82.31 
  0.9949         3.691e-06       9.215e-03         54         83.73 
  0.9949         3.754e-06       9.823e-03         55         84.98 
  0.9949         3.772e-06       6.558e-03         56         86.68 
  0.9949         3.521e-06       7.700e-03         57         88.25 
  0.9949         3.395e-06       8.260e-03         58         90.22 
  0.9949         3.160e-06       5.731e-03         59         91.62 
  0.9949         2.647e-06       8.445e-03         60         93.02 
  0.9949         2.398e-06       9.170e-03         61         94.40 
  0.9949         2.276e-06       6.758e-03         62         95.79 
  0.9949         1.961e-06       1.038e-02         63         97.33 
  0.9949         1.816e-06       1.149e-02         64         98.63 
  0.9949         1.794e-06       8.382e-03         65         99.83 
  0.9949         1.662e-06       9.109e-03         66         101.17 
  0.9950         1.626e-06       1.020e-02         67         102.40 
  0.9950         1.687e-06       7.168e-03         68         103.64 
  0.9950         1.639e-06       6.974e-03         69         104.63 
  0.9950         1.573e-06       1.051e-02         70         105.82 
  0.9950         1.586e-06       6.773e-03         71         106.72 
  0.9950         1.499e-06       6.444e-03         72         107.66 
  0.9950         1.262e-06       1.191e-02         73         108.76 
  0.9950         1.201e-06       7.686e-03         74         109.72 
  0.9950         1.104e-06       7.457e-03         75         110.71 
  0.9950         8.460e-07       1.380e-02         76         112.06 
  0.9950         8.118e-07       1.020e-02         77         113.11 
  0.9950         8.193e-07       8.145e-03         78         114.07 
  0.9950         7.597e-07       1.180e-02         79         115.22 
  0.9950         7.928e-07       1.057e-02         80         116.58 
  0.9950         8.980e-07       8.018e-03         81         117.48 
  0.9950         9.049e-07       1.213e-02         82         118.47 
  0.9950         1.030e-06       9.436e-03         83         119.35 
  0.9950         1.187e-06       6.583e-03         84         120.45 
  0.9950         1.153e-06       1.115e-02         85         121.74 
  0.9950         1.202e-06       7.428e-03         86         122.62 
  0.9950         1.224e-06       5.521e-03         87         123.55 
  0.9950         1.138e-06       1.075e-02         88         125.05 
  0.9950         1.116e-06       7.481e-03         89         125.92 
  0.9950         1.114e-06       7.233e-03         90         126.79 
  0.9950         1.068e-06       1.334e-02         91         127.85 
  0.9950         1.078e-06       8.560e-03         92         128.81 
  0.9950         1.099e-06       9.841e-03         93         129.93 
  0.9950         1.091e-06       1.357e-02         94         130.83 
  0.9950         1.151e-06       8.882e-03         95         131.71 
  0.9950         1.222e-06       9.489e-03         96         132.56 
  0.9950         1.216e-06       1.171e-02         97         133.53 
  0.9950         1.252e-06       7.821e-03         98         134.43 
  0.9950         1.298e-06       7.422e-03         99         135.33 
  0.9950         1.255e-06       9.998e-03        100         136.21 
  0.9950         1.170e-06       6.860e-03        101         137.26 
  0.9950         1.140e-06       7.972e-03        102         138.29 
  0.9950         9.998e-07       1.232e-02        103         139.40 
  0.9950         8.597e-07       7.244e-03        104         140.33 
  0.9950         8.286e-07       1.016e-02        105         141.36 
  0.9950         7.306e-07       1.284e-02        106         142.69 
  0.9950         7.301e-07       7.060e-03        107         143.61 
  0.9950         7.344e-07       1.163e-02        108         145.01 
  0.9950         7.377e-07       1.053e-02        109         145.96 
  0.9950         7.701e-07       7.151e-03        110         146.85 
  0.9950         7.791e-07       1.354e-02        111         148.17 
  0.9950         8.039e-07       8.311e-03        112         149.12 
  0.9950         8.174e-07       6.813e-03        113         149.91 
  0.9950         8.077e-07       1.120e-02        114         151.37 
  0.9950         7.509e-07       7.292e-03        115         152.42 
  0.9950         6.877e-07       9.110e-03        116         153.26 
  0.9950         6.639e-07       1.233e-02        117         154.61 
  0.9950         5.872e-07       8.101e-03        118         155.42 
  0.9950         5.372e-07       1.467e-02        119         156.56 
  0.9950         5.556e-07       1.290e-02        120         157.83 
  0.9950         6.112e-07       7.644e-03        121         158.77 
  0.9950         6.291e-07       1.088e-02        122         159.94 
  0.9950         6.536e-07       9.684e-03        123         160.76 
  0.9950         6.784e-07       6.520e-03        124         161.62 

Found pulse of desired fidelity!
