 Goodness |  Improvement/step |  Step Size  |  Iterations  |  CPU Time
  0.8561         1.043e+00       6.000e-03          1          2.21 
  0.8929         9.946e-01       9.234e-03          2          4.11 
  0.9154         9.458e-01       9.499e-03          3          5.66 
  0.9775         8.989e-01       4.743e-03          4          7.14 
  0.9829         8.491e-01       8.339e-03          5          8.91 
  0.9853         7.993e-01       8.710e-03          6         10.58 
  0.9904         7.495e-01       5.334e-03          7         12.07 
  0.9910         6.996e-01       9.764e-03          8         13.70 
  0.9916         6.496e-01       1.104e-02          9         15.26 
  0.9935         5.997e-01       7.103e-03         10         16.75 
  0.9935         5.497e-01       1.363e-02         11         18.34 
  0.9939         4.997e-01       7.301e-03         12         19.57 
  0.9941         4.497e-01       8.993e-03         13         20.91 
  0.9942         3.997e-01       1.384e-02         14         22.75 
  0.9945         3.497e-01       8.623e-03         15         24.01 
  0.9945         2.997e-01       1.144e-02         16         25.36 
  0.9946         2.497e-01       6.930e-03         17         26.88 
  0.9946         1.997e-01       8.713e-03         18         28.31 
  0.9946         1.497e-01       1.378e-02         19         30.35 
  0.9946         9.973e-02       1.212e-02         20         31.72 
  0.9946         6.926e-03       1.358e-02         21         33.32 
  0.9946         5.087e-03       7.930e-03         22         34.63 
  0.9946         3.960e-03       1.586e-02         23         36.95 
  0.9946         8.555e-04       1.081e-02         24         38.46 
  0.9946         5.870e-04       2.161e-02         25         40.38 
  0.9946         4.678e-04       1.048e-02         26         41.82 
  0.9946         2.086e-04       2.095e-02         27         43.46 
  0.9946         1.807e-04       9.590e-03         28         44.77 
  0.9946         1.498e-04       9.827e-03         29         46.23 
  0.9946         5.821e-05       1.128e-02         30         47.82 
  0.9946         5.406e-05       8.217e-03         31         49.04 
  0.9946         3.418e-05       1.643e-02         32         51.24 
  0.9946         2.533e-05       9.002e-03         33         52.45 
  0.9946         2.196e-05       1.389e-02         34         54.13 
  0.9946         6.244e-06       1.321e-02         35         55.88 
  0.9946         5.980e-06       8.311e-03         36         57.09 
  0.9946         4.320e-06       1.396e-02         37         59.05 
  0.9946         3.876e-06       8.715e-03         38         60.40 
  0.9947         4.112e-06       6.722e-03         39         62.11 
  0.9947         3.053e-06       1.344e-02         40         64.11 
  0.9947         3.354e-06       7.176e-03         41         65.66 
  0.9947         3.266e-06       8.046e-03         42         67.08 
  0.9947         3.281e-06       8.709e-03         43         68.33 
  0.9947         3.157e-06       7.513e-03         44         69.77 
  0.9947         3.224e-06       8.495e-03         45         71.31 
  0.9947         3.217e-06       8.502e-03         46         72.64 
  0.9947         3.319e-06       8.637e-03         47         74.39 
  0.9947         3.388e-06       7.766e-03         48         75.86 
  0.9947         3.512e-06       8.342e-03         49         77.36 
  0.9947         3.784e-06       8.542e-03         50         79.15 
  0.9947         3.941e-06       6.596e-03         51         80.55 
  0.9947         4.120e-06       7.179e-03         52         82.11 
  0.9947         4.167e-06       6.939e-03         53         83.47 
  0.9947         4.235e-06       5.666e-03         54         85.12 
  0.9947         4.184e-06       6.685e-03         55         86.46 
  0.9947         3.850e-06       6.847e-03         56         88.00 
  0.9947         3.779e-06       6.891e-03         57         89.40 
  0.9947         3.367e-06       7.817e-03         58         90.70 
  0.9947         2.964e-06       8.343e-03         59         92.32 
  0.9947         2.925e-06       8.982e-03         60         93.85 
  0.9947         2.637e-06       7.733e-03         61         94.97 
  0.9947         2.556e-06       8.945e-03         62         96.12 
  0.9947         2.675e-06       8.914e-03         63         97.23 
  0.9947         2.776e-06       7.323e-03         64         98.45 
  0.9947         2.886e-06       8.471e-03         65         99.45 
  0.9947         3.012e-06       7.755e-03         66         100.97 
  0.9947         3.028e-06       6.718e-03         67         102.21 
  0.9947         2.993e-06       7.228e-03         68         103.39 
  0.9947         2.924e-06       6.749e-03         69         104.35 
  0.9948         2.691e-06       6.865e-03         70         105.24 
  0.9948         2.479e-06       6.632e-03         71         106.23 
  0.9948         2.345e-06       7.505e-03         72         107.26 
  0.9948         2.207e-06       7.791e-03         73         108.41 
  0.9948         2.175e-06       6.800e-03         74         109.30 
  0.9948         2.188e-06       8.547e-03         75         110.24 
  0.9948         2.234e-06       7.953e-03         76         111.30 
  0.9948         2.284e-06       6.969e-03         77         112.66 
  0.9948         2.340e-06       8.372e-03         78         113.44 
  0.9948         2.388e-06       7.237e-03         79         114.36 
  0.9948         2.389e-06       6.693e-03         80         115.42 
  0.9948         2.361e-06       7.332e-03         81         116.36 
  0.9948         2.305e-06       7.051e-03         82         117.59 
  0.9948         2.173e-06       6.822e-03         83         118.49 
  0.9948         2.037e-06       6.611e-03         84         119.50 
  0.9948         1.881e-06       8.189e-03         85         120.42 
  0.9948         1.685e-06       7.234e-03         86         121.30 
  0.9948         1.550e-06       7.231e-03         87         122.13 
  0.9948         1.428e-06       1.015e-02         88         123.24 
  0.9948         1.379e-06       8.187e-03         89         124.20 
  0.9948         1.371e-06       8.440e-03         90         125.05 
  0.9948         1.412e-06       1.029e-02         91         126.16 
  0.9948         1.544e-06       7.765e-03         92         127.50 
  0.9948         1.648e-06       7.613e-03         93         128.46 
  0.9948         1.762e-06       7.787e-03         94         129.58 
  0.9948         1.852e-06       7.212e-03         95         130.49 
  0.9948         1.914e-06       6.659e-03         96         131.40 
  0.9948         1.934e-06       6.754e-03         97         132.43 
  0.9948         1.942e-06       7.569e-03         98         133.35 
  0.9948         1.943e-06       6.203e-03         99         134.31 
  0.9948         1.922e-06       6.976e-03        100         135.25 
  0.9948         1.912e-06       8.132e-03        101         136.04 
  0.9948         1.918e-06       6.606e-03        102         137.06 
  0.9948         1.910e-06       8.030e-03        103         138.15 
  0.9948         1.929e-06       8.437e-03        104         139.12 
  0.9948         1.960e-06       7.076e-03        105         140.08 
  0.9948         1.968e-06       7.832e-03        106         140.96 
  0.9948         1.997e-06       7.573e-03        107         141.76 
  0.9948         2.022e-06       7.761e-03        108         142.87 
  0.9948         2.011e-06       7.208e-03        109         143.85 
  0.9948         1.990e-06       7.547e-03        110         144.73 
  0.9948         1.943e-06       7.504e-03        111         145.61 
  0.9948         1.797e-06       6.152e-03        112         146.57 
  0.9948         1.646e-06       7.035e-03        113         147.52 
  0.9948         1.491e-06       6.915e-03        114         148.42 
  0.9948         1.344e-06       6.326e-03        115         149.26 
  0.9948         1.197e-06       8.155e-03        116         150.34 
  0.9948         1.114e-06       7.574e-03        117         151.23 
  0.9948         1.032e-06       7.872e-03        118         152.22 
  0.9948         9.574e-07       8.211e-03        119         153.19 
  0.9948         9.390e-07       7.683e-03        120         154.04 
  0.9948         9.170e-07       8.466e-03        121         155.10 
  0.9948         8.950e-07       7.473e-03        122         156.37 
  0.9948         8.936e-07       7.917e-03        123         157.29 
  0.9948         8.855e-07       8.066e-03        124         158.17 
  0.9948         8.578e-07       7.080e-03        125         159.22 
  0.9948         8.415e-07       7.631e-03        126         160.19 
  0.9948         8.219e-07       7.044e-03        127         161.22 
  0.9948         7.765e-07       7.096e-03        128         162.01 
  0.9948         7.344e-07       7.111e-03        129         162.82 
  0.9948         7.016e-07       6.400e-03        130         163.56 
  0.9948         6.355e-07       7.590e-03        131         164.29 
  0.9948         5.989e-07       6.793e-03        132         165.03 
  0.9948         5.852e-07       7.322e-03        133         165.77 
  0.9948         5.657e-07       8.909e-03        134         166.53 
  0.9948         5.669e-07       7.968e-03        135         167.25 
  0.9948         5.835e-07       8.547e-03        136         167.98 
  0.9948         5.956e-07       8.563e-03        137         168.74 
  0.9948         6.089e-07       7.965e-03        138         169.60 
  0.9948         6.380e-07       7.476e-03        139         170.45 
  0.9948         6.424e-07       7.030e-03        140         171.38 
  0.9948         6.297e-07       7.633e-03        141         172.20 
  0.9948         6.303e-07       6.348e-03        142         173.05 
  0.9948         6.133e-07       7.063e-03        143         173.85 
  0.9948         5.774e-07       7.982e-03        144         174.64 
  0.9948         5.639e-07       6.908e-03        145         175.42 
  0.9948         5.499e-07       8.849e-03        146         176.21 
  0.9948         5.324e-07       9.143e-03        147         176.98 
  0.9948         5.520e-07       8.507e-03        148         177.78 
  0.9948         6.001e-07       8.987e-03        149         178.63 
  0.9948         6.349e-07       8.306e-03        150         179.46 
  0.9948         6.956e-07       8.004e-03        151         180.28 
  0.9948         7.878e-07       7.239e-03        152         181.07 
  0.9948         8.228e-07       8.061e-03        153         181.80 
  0.9949         8.798e-07       7.665e-03        154         182.58 
  0.9949         9.468e-07       6.101e-03        155         183.34 
  0.9949         9.583e-07       8.028e-03        156         184.13 
  0.9949         9.650e-07       6.832e-03        157         184.89 
  0.9949         9.679e-07       6.035e-03        158         185.66 
  0.9949         9.379e-07       9.325e-03        159         186.60 
  0.9949         9.267e-07       8.352e-03        160         187.33 
  0.9949         9.402e-07       7.842e-03        161         188.07 
  0.9949         9.484e-07       1.062e-02        162         188.81 
  0.9949         9.883e-07       9.213e-03        163         189.56 
  0.9949         1.082e-06       7.323e-03        164         190.34 
  0.9949         1.140e-06       7.374e-03        165         191.08 
  0.9949         1.165e-06       8.139e-03        166         191.80 
  0.9949         1.215e-06       5.797e-03        167         192.53 
  0.9949         1.201e-06       6.162e-03        168         193.23 
  0.9949         1.141e-06       8.550e-03        169         194.02 
  0.9949         1.105e-06       5.970e-03        170         194.84 
  0.9949         1.041e-06       7.392e-03        171         195.64 
  0.9949         9.424e-07       1.090e-02        172         196.61 
  0.9949         9.175e-07       7.437e-03        173         197.48 
  0.9949         8.667e-07       8.578e-03        174         198.35 
  0.9949         8.041e-07       1.082e-02        175         199.17 
  0.9949         8.186e-07       8.478e-03        176         200.02 
  0.9949         8.436e-07       7.739e-03        177         200.85 
  0.9949         8.507e-07       1.016e-02        178         201.64 
  0.9949         9.459e-07       8.654e-03        179         202.43 
  0.9949         1.041e-06       6.416e-03        180         203.14 
  0.9949         1.043e-06       9.042e-03        181         203.93 
  0.9949         1.089e-06       7.785e-03        182         204.74 
  0.9949         1.092e-06       6.198e-03        183         205.56 
  0.9949         1.007e-06       1.010e-02        184         206.55 
  0.9949         1.004e-06       8.374e-03        185         207.36 
  0.9949         1.031e-06       6.954e-03        186         208.23 
  0.9949         1.000e-06       9.212e-03        187         208.98 
  0.9949         1.055e-06       8.146e-03        188         209.80 
  0.9949         1.156e-06       7.160e-03        189         210.59 
  0.9949         1.185e-06       7.867e-03        190         211.44 
  0.9949         1.233e-06       8.290e-03        191         212.19 
  0.9949         1.337e-06       6.631e-03        192         212.97 
  0.9949         1.339e-06       7.129e-03        193         213.77 
  0.9949         1.346e-06       8.293e-03        194         214.64 
  0.9949         1.377e-06       6.068e-03        195         215.38 
  0.9949         1.332e-06       7.593e-03        196         216.21 
  0.9949         1.278e-06       8.768e-03        197         217.00 
  0.9949         1.263e-06       6.274e-03        198         217.76 
  0.9949         1.155e-06       9.836e-03        199         218.66 
  0.9949         1.051e-06       1.071e-02        200         219.47 
  0.9949         1.060e-06       8.259e-03        201         220.25 
  0.9949         1.016e-06       1.018e-02        202         221.02 
  0.9949         9.901e-07       1.072e-02        203         221.72 
  0.9949         1.091e-06       7.882e-03        204         222.49 
  0.9949         1.096e-06       8.046e-03        205         223.29 
  0.9949         1.059e-06       1.084e-02        206         224.05 
  0.9949         1.182e-06       7.172e-03        207         224.78 
  0.9949         1.173e-06       5.910e-03        208         225.58 
  0.9949         1.076e-06       9.147e-03        209         226.52 
  0.9949         1.076e-06       6.445e-03        210         227.31 
  0.9949         1.046e-06       5.832e-03        211         228.06 
  0.9949         9.398e-07       8.374e-03        212         229.04 
  0.9949         9.264e-07       8.944e-03        213         229.83 
  0.9949         9.324e-07       6.779e-03        214         230.64 
  0.9949         8.848e-07       9.214e-03        215         231.48 
  0.9949         8.922e-07       1.285e-02        216         232.32 
  0.9949         9.605e-07       6.645e-03        217         233.14 
  0.9949         9.493e-07       8.996e-03        218         233.99 
  0.9949         9.618e-07       1.147e-02        219         234.84 
  0.9949         1.014e-06       6.085e-03        220         235.62 
  0.9949         9.806e-07       9.642e-03        221         236.59 
  0.9949         9.545e-07       1.179e-02        222         237.35 
  0.9949         9.878e-07       7.036e-03        223         238.12 
  0.9949         8.916e-07       7.774e-03        224         238.95 
  0.9949         8.270e-07       1.555e-02        225         239.93 
  0.9949         9.443e-07       7.841e-03        226         240.72 
  0.9949         8.281e-07       7.110e-03        227         241.53 
  0.9949         7.810e-07       1.422e-02        228         242.52 
  0.9949         9.921e-07       7.319e-03        229         243.35 
  0.9949         1.001e-06       9.195e-03        230         244.16 
  0.9949         1.018e-06       6.285e-03        231         244.99 
  0.9949         1.086e-06       4.567e-03        232         245.82 
  0.9949         1.088e-06       5.526e-03        233         246.64 
  0.9949         1.060e-06       8.956e-03        234         247.65 
  0.9949         1.076e-06       7.636e-03        235         248.45 
  0.9949         1.096e-06       5.954e-03        236         249.37 
  0.9949         1.025e-06       7.150e-03        237         250.23 
  0.9949         1.024e-06       1.214e-02        238         251.22 
  0.9949         1.085e-06       6.583e-03        239         252.04 
  0.9949         1.062e-06       6.028e-03        240         252.89 
  0.9949         1.063e-06       9.019e-03        241         253.84 
  0.9949         1.080e-06       7.817e-03        242         254.67 
  0.9949         1.075e-06       5.259e-03        243         255.45 
  0.9949         1.061e-06       6.001e-03        244         256.01 
  0.9949         1.051e-06       8.741e-03        245         256.63 
  0.9949         9.174e-07       6.982e-03        246         257.15 
  0.9949         8.889e-07       4.797e-03        247         257.67 
  0.9949         8.658e-07       9.516e-03        248         258.30 
  0.9949         6.450e-07       1.103e-02        249         258.82 
  0.9949         6.225e-07       7.272e-03        250         259.36 
  0.9949         6.121e-07       6.535e-03        251         259.88 
  0.9949         5.473e-07       1.077e-02        252         260.51 
  0.9949         5.739e-07       1.192e-02        253         261.03 
  0.9950         7.492e-07       6.822e-03        254         261.56 
  0.9950         8.031e-07       5.541e-03        255         262.09 
  0.9950         7.880e-07       1.108e-02        256         262.72 
  0.9950         8.917e-07       7.793e-03        257         263.24 
  0.9950         9.946e-07       6.204e-03        258         263.77 
  0.9950         9.615e-07       4.804e-03        259         264.29 
  0.9950         9.381e-07       6.154e-03        260         264.82 
  0.9950         9.441e-07       9.082e-03        261         265.44 
  0.9950         9.766e-07       6.363e-03        262         265.97 
  0.9950         9.719e-07       5.260e-03        263         266.50 
  0.9950         9.757e-07       6.930e-03        264         267.03 
  0.9950         9.918e-07       9.290e-03        265         267.55 
  0.9950         1.050e-06       7.892e-03        266         268.07 
  0.9950         1.148e-06       5.377e-03        267         268.59 
  0.9950         1.180e-06       7.124e-03        268         269.12 
  0.9950         1.218e-06       8.488e-03        269         269.64 
  0.9950         1.281e-06       6.056e-03        270         270.17 
  0.9950         1.332e-06       5.144e-03        271         270.69 
  0.9950         1.340e-06       6.166e-03        272         271.23 
  0.9950         1.316e-06       9.785e-03        273         271.86 
  0.9950         1.213e-06       6.346e-03        274         272.40 
  0.9950         1.191e-06       4.999e-03        275         272.93 
  0.9950         1.184e-06       7.277e-03        276         273.56 
  0.9950         1.089e-06       9.834e-03        277         274.09 
  0.9950         1.046e-06       7.987e-03        278         274.62 
  0.9950         1.113e-06       5.277e-03        279         275.15 
  0.9950         1.116e-06       6.115e-03        280         275.68 
  0.9950         1.112e-06       1.010e-02        281         276.29 
  0.9950         1.111e-06       6.630e-03        282         276.82 
  0.9950         1.116e-06       5.153e-03        283         277.34 
  0.9950         1.110e-06       5.768e-03        284         277.86 
  0.9950         1.095e-06       9.308e-03        285         278.48 
  0.9950         1.047e-06       6.539e-03        286         279.00 
  0.9950         9.511e-07       4.787e-03        287         279.52 
  0.9950         9.206e-07       7.275e-03        288         280.15 
  0.9950         8.788e-07       1.015e-02        289         280.67 
  0.9950         8.051e-07       6.975e-03        290         281.20 
  0.9950         7.450e-07       5.960e-03        291         281.73 
  0.9950         7.337e-07       7.592e-03        292         282.26 
  0.9950         7.258e-07       1.026e-02        293         282.78 
  0.9950         6.935e-07       5.667e-03        294         283.31 
  0.9950         6.525e-07       5.418e-03        295         283.83 
  0.9950         6.409e-07       9.027e-03        296         284.46 
  0.9950         6.329e-07       8.007e-03        297         284.98 
  0.9950         5.801e-07       5.412e-03        298         285.51 
  0.9950         4.681e-07       6.955e-03        299         286.03 
  0.9950         4.497e-07       1.072e-02        300         286.65 
  0.9950         4.517e-07       9.245e-03        301         287.17 
  0.9950         4.221e-07       5.606e-03        302         287.70 
  0.9950         3.650e-07       9.778e-03        303         288.32 
  0.9950         3.749e-07       9.921e-03        304         288.84 
  0.9950         4.294e-07       6.513e-03        305         289.36 
  0.9950         4.398e-07       6.364e-03        306         289.89 
  0.9950         4.290e-07       9.970e-03        307         290.51 
  0.9950         4.788e-07       8.101e-03        308         291.04 
  0.9950         5.621e-07       5.291e-03        309         291.56 
  0.9950         5.498e-07       5.334e-03        310         292.10 
  0.9950         5.263e-07       1.067e-02        311         292.72 
  0.9950         5.502e-07       5.964e-03        312         293.25 
  0.9950         5.503e-07       5.236e-03        313         293.77 
  0.9950         5.067e-07       9.620e-03        314         294.40 
  0.9950         4.992e-07       1.039e-02        315         294.93 
  0.9950         5.215e-07       6.314e-03        316         295.46 
  0.9950         5.195e-07       6.864e-03        317         295.98 
  0.9950         5.022e-07       1.099e-02        318         296.62 
  0.9950         5.187e-07       8.887e-03        319         297.14 
  0.9950         5.533e-07       5.330e-03        320         297.67 
Failed to find pulse because no longer improving by params.improvechk.

Found pulse of desired fidelity!
