 Goodness |  Improvement/step |  Step Size  |  Iterations  |  CPU Time
  0.7706         1.039e+00       6.000e-03          1          1.56 
  0.8082         9.904e-01       1.200e-02          2          2.69 
  0.8696         9.435e-01       2.400e-02          3          3.88 
  0.9233         8.962e-01       1.520e-02          4          4.97 
  0.9780         8.489e-01       3.023e-02          5          6.13 
  0.9850         7.993e-01       1.405e-02          6          7.14 
  0.9892         7.495e-01       1.429e-02          7          7.81 
  0.9899         6.995e-01       1.737e-02          8          8.76 
  0.9912         6.496e-01       1.390e-02          9          9.55 
  0.9923         5.996e-01       2.780e-02         10         10.79 
  0.9934         5.497e-01       1.538e-02         11         11.77 
  0.9935         4.997e-01       2.228e-02         12         13.10 
  0.9937         4.497e-01       1.258e-02         13         14.11 
  0.9939         3.997e-01       1.165e-02         14         15.15 
  0.9940         3.497e-01       2.330e-02         15         16.11 
  0.9942         2.997e-01       1.230e-02         16         17.04 
  0.9942         2.497e-01       1.734e-02         17         18.13 
  0.9943         1.997e-01       1.751e-02         18         18.96 
  0.9943         1.497e-01       1.251e-02         19         19.75 
  0.9943         9.972e-02       1.379e-02         20         20.49 
  0.9943         1.119e-02       1.270e-02         21         21.55 
  0.9943         9.307e-03       1.483e-02         22         22.41 
  0.9943         6.239e-03       1.276e-02         23         23.25 
  0.9944         3.551e-03       1.492e-02         24         24.11 
  0.9944         8.158e-04       1.771e-02         25         25.03 
  0.9944         4.663e-04       1.129e-02         26         25.97 
  0.9944         2.603e-04       1.841e-02         27         26.93 
  0.9944         2.225e-04       1.795e-02         28         27.86 
  0.9944         1.609e-04       1.277e-02         29         28.78 
  0.9944         1.044e-04       2.025e-02         30         29.79 
  0.9944         5.030e-05       1.745e-02         31         30.84 
  0.9944         4.497e-05       1.705e-02         32         31.73 
  0.9944         3.249e-05       1.686e-02         33         32.39 
  0.9944         2.459e-05       1.776e-02         34         33.59 
  0.9944         2.139e-05       1.626e-02         35         34.44 
  0.9944         1.230e-05       1.102e-02         36         35.35 
  0.9944         9.272e-06       1.927e-02         37         36.58 
  0.9944         8.057e-06       1.632e-02         38         37.39 
  0.9944         6.438e-06       1.261e-02         39         38.23 
  0.9944         5.122e-06       2.486e-02         40         39.36 
  0.9944         5.063e-06       1.781e-02         41         40.36 
  0.9944         5.222e-06       1.568e-02         42         41.04 
  0.9945         5.209e-06       1.680e-02         43         41.95 
  0.9945         5.324e-06       1.825e-02         44         42.72 
  0.9945         5.761e-06       1.649e-02         45         43.66 
  0.9945         5.942e-06       1.237e-02         46         44.37 
  0.9945         6.062e-06       2.162e-02         47         45.31 
  0.9945         6.655e-06       1.491e-02         48         46.19 
  0.9945         6.845e-06       1.243e-02         49         46.89 
  0.9945         6.973e-06       2.270e-02         50         48.29 
  0.9945         7.386e-06       1.576e-02         51         49.41 
  0.9945         7.822e-06       1.532e-02         52         50.33 
  0.9946         7.986e-06       1.675e-02         53         51.36 
  0.9946         8.224e-06       2.159e-02         54         52.53 
  0.9946         9.606e-06       1.750e-02         55         53.55 
  0.9946         1.058e-05       1.298e-02         56         54.56 
  0.9946         1.143e-05       2.073e-02         57         55.77 
  0.9947         1.353e-05       1.333e-02         58         56.68 
  0.9947         1.459e-05       1.316e-02         59         57.66 
  0.9947         1.548e-05       1.593e-02         60         58.60 
  0.9947         1.584e-05       1.472e-02         61         59.48 
  0.9948         1.660e-05       1.406e-02         62         60.32 
  0.9948         1.682e-05       1.017e-02         63         61.39 
  0.9948         1.681e-05       1.575e-02         64         62.58 
  0.9948         1.655e-05       1.289e-02         65         63.34 
  0.9948         1.628e-05       1.198e-02         66         64.38 
  0.9948         1.628e-05       1.488e-02         67         65.45 
  0.9948         1.564e-05       1.327e-02         68         66.28 
  0.9948         1.542e-05       1.527e-02         69         67.18 
  0.9948         1.531e-05       1.121e-02         70         68.05 
  0.9948         1.480e-05       1.696e-02         71         69.19 
  0.9948         1.425e-05       1.591e-02         72         70.07 
  0.9948         1.382e-05       1.298e-02         73         71.00 
  0.9948         1.356e-05       1.514e-02         74         72.11 
  0.9948         1.182e-05       1.407e-02         75         73.22 
  0.9948         1.060e-05       1.934e-02         76         74.11 
  0.9948         9.974e-06       1.283e-02         77         75.04 
  0.9948         7.784e-06       1.621e-02         78         76.18 
  0.9948         6.766e-06       1.657e-02         79         77.05 
  0.9949         5.993e-06       1.362e-02         80         78.01 
  0.9949         5.604e-06       1.493e-02         81         78.88 
  0.9949         4.527e-06       1.380e-02         82         79.69 
  0.9949         4.034e-06       2.145e-02         83         80.86 
  0.9949         4.529e-06       1.319e-02         84         81.75 
  0.9949         4.484e-06       1.420e-02         85         82.57 
  0.9949         4.635e-06       1.740e-02         86         83.45 
  0.9949         4.865e-06       1.537e-02         87         84.12 
  0.9949         5.515e-06       1.492e-02         88         85.25 
  0.9949         5.781e-06       1.236e-02         89         86.08 
  0.9949         5.891e-06       1.996e-02         90         87.08 
  0.9950         6.726e-06       1.325e-02         91         88.02 
  0.9950         6.951e-06       1.265e-02         92         89.06 
  0.9950         7.126e-06       1.961e-02         93         90.04 
  0.9950         7.510e-06       1.443e-02         94         90.85 
  0.9950         8.098e-06       1.306e-02         95         91.62 
  0.9950         8.259e-06       1.187e-02         96         92.56 

Found pulse of desired fidelity!
