 Goodness |  Improvement/step |  Step Size  |  Iterations  |  CPU Time
  0.8375         1.042e+00       6.000e-03          1          0.67 
  0.8610         9.931e-01       1.200e-02          2          1.69 
  0.8991         9.450e-01       2.366e-02          3          2.49 
  0.9299         8.965e-01       1.709e-02          4          3.22 
  0.9787         8.489e-01       1.074e-02          5          3.87 
  0.9819         7.991e-01       2.147e-02          6          4.57 
  0.9895         7.495e-01       1.582e-02          7          5.33 
  0.9900         6.995e-01       2.546e-02          8          6.16 
  0.9924         6.496e-01       1.431e-02          9          6.80 
  0.9937         5.997e-01       1.166e-02         10          7.65 
  0.9938         5.497e-01       2.331e-02         11          8.39 
  0.9941         4.997e-01       1.242e-02         12          9.01 
  0.9942         4.497e-01       1.425e-02         13          9.70 
  0.9942         3.997e-01       1.887e-02         14         10.23 
  0.9942         3.497e-01       1.046e-02         15         11.18 
  0.9942         2.997e-01       1.233e-02         16         11.76 
  0.9942         2.497e-01       1.600e-02         17         12.60 
  0.9943         1.997e-01       1.458e-02         18         13.22 
  0.9943         1.497e-01       1.005e-02         19         13.79 
  0.9943         9.971e-02       1.085e-02         20         14.40 
  0.9943         7.838e-03       1.471e-02         21         15.07 
  0.9943         6.664e-03       1.909e-02         22         15.68 
  0.9943         4.759e-03       1.153e-02         23         16.32 
  0.9943         3.218e-03       1.359e-02         24         16.99 
  0.9943         7.787e-04       2.187e-02         25         17.76 
  0.9943         6.210e-04       1.297e-02         26         18.67 
  0.9943         2.392e-04       1.077e-02         27         19.27 
  0.9943         2.157e-04       9.243e-03         28         20.10 
  0.9943         9.712e-05       1.714e-02         29         21.01 
  0.9943         3.399e-05       1.624e-02         30         21.76 
  0.9943         2.843e-05       1.096e-02         31         22.41 
  0.9943         1.038e-05       1.551e-02         32         23.15 
  0.9943         8.954e-06       1.947e-02         33         23.83 
  0.9943         8.105e-06       1.905e-02         34         24.48 
  0.9943         5.639e-06       1.308e-02         35         25.26 
  0.9943         4.818e-06       1.480e-02         36         25.89 
  0.9943         4.461e-06       1.925e-02         37         26.60 
  0.9943         3.879e-06       1.851e-02         38         27.13 
  0.9943         2.957e-06       1.976e-02         39         27.78 
  0.9944         3.015e-06       1.329e-02         40         28.46 
  0.9944         3.076e-06       1.980e-02         41         29.57 
  0.9944         3.347e-06       1.912e-02         42         30.36 
  0.9944         3.620e-06       1.250e-02         43         31.03 
  0.9944         4.114e-06       1.334e-02         44         31.82 
  0.9944         4.355e-06       1.338e-02         45         32.59 
  0.9944         4.399e-06       1.243e-02         46         33.24 
  0.9944         4.598e-06       1.091e-02         47         34.12 
  0.9944         4.864e-06       1.094e-02         48         34.77 
  0.9944         5.049e-06       1.313e-02         49         35.61 
  0.9944         5.343e-06       1.263e-02         50         36.34 
  0.9944         5.568e-06       1.015e-02         51         37.07 
  0.9944         5.744e-06       1.365e-02         52         37.72 
  0.9945         5.913e-06       1.198e-02         53         38.40 
  0.9945         6.050e-06       1.354e-02         54         38.98 
  0.9945         6.251e-06       1.038e-02         55         39.65 
  0.9945         6.308e-06       1.168e-02         56         40.40 
  0.9945         6.374e-06       1.444e-02         57         41.04 
  0.9945         6.426e-06       1.196e-02         58         41.75 
  0.9945         6.354e-06       1.205e-02         59         42.45 
  0.9945         6.140e-06       1.225e-02         60         43.43 
  0.9945         6.088e-06       1.492e-02         61         43.99 
  0.9945         5.823e-06       1.486e-02         62         44.75 
  0.9945         5.313e-06       1.184e-02         63         45.38 
  0.9945         4.887e-06       1.274e-02         64         46.05 
  0.9945         4.737e-06       1.471e-02         65         46.85 
  0.9945         4.548e-06       1.167e-02         66         47.54 
  0.9945         4.313e-06       1.195e-02         67         48.26 
  0.9945         4.188e-06       9.993e-03         68         49.00 
  0.9945         4.113e-06       1.413e-02         69         49.84 
  0.9945         3.982e-06       1.108e-02         70         50.63 
  0.9945         3.848e-06       1.184e-02         71         51.31 
  0.9945         3.816e-06       1.099e-02         72         51.96 
  0.9945         3.707e-06       1.181e-02         73         52.73 
  0.9945         3.626e-06       1.277e-02         74         53.50 
  0.9945         3.460e-06       1.144e-02         75         54.10 
  0.9945         3.471e-06       1.089e-02         76         54.74 
  0.9945         3.437e-06       1.206e-02         77         55.50 
  0.9945         3.381e-06       1.190e-02         78         56.11 
  0.9945         3.316e-06       1.430e-02         79         56.76 
  0.9945         3.363e-06       1.117e-02         80         57.62 
  0.9945         3.352e-06       1.182e-02         81         58.17 
  0.9945         3.255e-06       1.298e-02         82         58.90 
  0.9945         3.018e-06       1.371e-02         83         59.52 
  0.9946         2.982e-06       1.432e-02         84         60.22 
  0.9946         2.908e-06       1.070e-02         85         60.85 
  0.9946         2.731e-06       1.430e-02         86         61.66 
  0.9946         2.555e-06       1.361e-02         87         62.42 
  0.9946         2.548e-06       1.420e-02         88         63.16 
  0.9946         2.762e-06       1.092e-02         89         63.88 
  0.9946         2.730e-06       1.130e-02         90         64.46 
  0.9946         2.734e-06       1.349e-02         91         65.24 
  0.9946         2.810e-06       1.380e-02         92         65.88 
  0.9946         3.036e-06       1.038e-02         93         66.61 
  0.9946         3.139e-06       1.164e-02         94         67.23 
  0.9946         3.157e-06       1.099e-02         95         67.86 
  0.9946         3.173e-06       1.562e-02         96         68.81 
  0.9946         3.372e-06       1.072e-02         97         69.47 
  0.9946         3.445e-06       1.154e-02         98         70.16 
  0.9946         3.488e-06       1.095e-02         99         70.82 
  0.9946         3.409e-06       1.432e-02        100         71.51 
  0.9946         3.495e-06       1.401e-02        101         72.36 
  0.9946         3.605e-06       1.273e-02        102         72.99 
  0.9946         3.776e-06       1.128e-02        103         73.72 
  0.9946         3.781e-06       1.288e-02        104         74.40 
  0.9946         3.815e-06       1.229e-02        105         75.06 
  0.9946         3.952e-06       1.403e-02        106         75.78 
  0.9946         4.188e-06       9.893e-03        107         76.68 
  0.9946         4.163e-06       1.131e-02        108         77.22 
  0.9946         3.964e-06       1.068e-02        109         77.87 
  0.9947         3.865e-06       1.350e-02        110         78.57 
  0.9947         3.899e-06       1.136e-02        111         79.37 
  0.9947         3.768e-06       1.045e-02        112         79.97 
  0.9947         3.548e-06       1.132e-02        113         80.74 
  0.9947         3.394e-06       1.327e-02        114         81.42 
  0.9947         3.365e-06       1.239e-02        115         82.21 
  0.9947         3.356e-06       1.198e-02        116         83.15 
  0.9947         3.179e-06       9.728e-03        117         84.03 
  0.9947         3.074e-06       1.363e-02        118         84.76 
  0.9947         3.021e-06       1.280e-02        119         85.64 
  0.9947         3.026e-06       1.334e-02        120         86.32 
  0.9947         2.982e-06       1.119e-02        121         87.09 
  0.9947         2.827e-06       1.168e-02        122         87.75 
  0.9947         2.639e-06       1.446e-02        123         88.54 
  0.9947         2.560e-06       1.393e-02        124         89.34 
  0.9947         2.513e-06       1.213e-02        125         89.94 
  0.9947         2.381e-06       1.187e-02        126         90.64 
  0.9947         2.098e-06       1.202e-02        127         91.30 
  0.9947         2.028e-06       1.746e-02        128         92.09 
  0.9947         2.212e-06       1.339e-02        129         92.75 
  0.9947         2.429e-06       1.174e-02        130         93.44 
  0.9947         2.543e-06       1.175e-02        131         94.12 
  0.9947         2.601e-06       1.640e-02        132         94.71 
  0.9947         3.025e-06       1.535e-02        133         95.45 
  0.9947         3.713e-06       1.035e-02        134         96.32 
  0.9947         3.997e-06       1.020e-02        135         97.01 
  0.9947         4.046e-06       1.179e-02        136         97.77 
  0.9947         4.143e-06       1.299e-02        137         98.39 
  0.9948         4.373e-06       1.146e-02        138         99.08 
  0.9948         4.551e-06       9.186e-03        139         99.72 
  0.9948         4.553e-06       1.142e-02        140         100.44 
  0.9948         4.509e-06       1.458e-02        141         101.29 
  0.9948         4.579e-06       1.414e-02        142         101.80 
  0.9948         4.767e-06       1.225e-02        143         102.48 
  0.9948         4.803e-06       9.875e-03        144         103.18 
  0.9948         4.724e-06       1.518e-02        145         104.11 
  0.9948         4.712e-06       1.383e-02        146         104.86 
  0.9948         4.784e-06       1.571e-02        147         105.80 
  0.9948         4.987e-06       1.119e-02        148         106.37 
  0.9948         4.818e-06       1.264e-02        149         107.01 
  0.9948         4.678e-06       1.425e-02        150         107.80 
  0.9948         4.646e-06       1.580e-02        151         108.37 
  0.9948         5.005e-06       1.219e-02        152         109.06 
  0.9948         4.951e-06       1.198e-02        153         109.88 
  0.9948         4.455e-06       1.074e-02        154         110.50 
  0.9948         4.289e-06       1.610e-02        155         111.27 
  0.9948         4.619e-06       1.326e-02        156         111.89 
  0.9948         4.951e-06       1.223e-02        157         112.56 
  0.9949         5.140e-06       8.906e-03        158         113.25 
  0.9949         4.996e-06       1.387e-02        159         113.92 
  0.9949         5.093e-06       1.594e-02        160         114.65 
  0.9949         5.350e-06       1.191e-02        161         115.38 
  0.9949         5.488e-06       9.731e-03        162         116.32 
  0.9949         5.309e-06       1.690e-02        163         117.09 
  0.9949         5.338e-06       1.521e-02        164         117.70 
  0.9949         5.536e-06       1.228e-02        165         118.51 
  0.9949         5.612e-06       9.436e-03        166         119.18 
  0.9949         5.463e-06       1.550e-02        167         119.97 
  0.9949         5.220e-06       1.793e-02        168         120.64 
  0.9949         5.212e-06       1.237e-02        169         121.20 
  0.9949         5.161e-06       1.128e-02        170         122.19 
  0.9949         4.938e-06       1.598e-02        171         123.06 
  0.9949         4.499e-06       1.747e-02        172         123.89 
  0.9949         4.241e-06       1.411e-02        173         124.57 
  0.9949         4.209e-06       1.203e-02        174         125.16 
  0.9949         4.068e-06       1.672e-02        175         125.91 
  0.9949         3.788e-06       2.026e-02        176         126.63 
  0.9949         3.791e-06       1.193e-02        177         127.48 
  0.9949         3.622e-06       1.312e-02        178         128.07 
  0.9949         3.671e-06       1.580e-02        179         128.70 
  0.9949         3.810e-06       1.674e-02        180         129.46 
  0.9950         4.183e-06       1.101e-02        181         130.05 
  0.9950         4.199e-06       1.031e-02        182         130.66 
  0.9950         4.207e-06       1.391e-02        183         131.38 
  0.9950         4.205e-06       1.747e-02        184         132.05 
  0.9950         4.288e-06       1.075e-02        185         132.80 
  0.9950         4.258e-06       1.189e-02        186         133.48 
  0.9950         4.303e-06       1.380e-02        187         134.08 
  0.9950         4.329e-06       1.883e-02        188         134.82 
  0.9950         4.545e-06       1.250e-02        189         135.39 
  0.9950         4.593e-06       1.027e-02        190         136.03 
  0.9950         4.624e-06       1.346e-02        191         136.59 
  0.9950         4.615e-06       1.772e-02        192         137.22 
  0.9950         4.644e-06       1.281e-02        193         137.85 
  0.9950         4.618e-06       1.114e-02        194         138.49 
  0.9950         4.626e-06       1.207e-02        195         139.25 

Found pulse of desired fidelity!
