 Goodness |  Improvement/step |  Step Size  |  Iterations  |  CPU Time
  0.7886         1.039e+00       6.000e-03          1          0.93 
  0.8478         9.924e-01       1.173e-02          2          1.69 
  0.8981         9.449e-01       8.699e-03          3          2.30 
  0.9764         8.988e-01       5.294e-03          4          2.87 
  0.9790         8.489e-01       9.604e-03          5          3.50 
  0.9841         7.992e-01       8.649e-03          6          4.06 
  0.9898         7.495e-01       1.582e-02          7          4.70 
  0.9912         6.996e-01       9.744e-03          8          5.26 
  0.9926         6.496e-01       7.325e-03          9          5.79 
  0.9928         5.996e-01       9.824e-03         10          6.35 
  0.9932         5.497e-01       7.440e-03         11          6.88 
  0.9935         4.997e-01       1.382e-02         12          7.57 
  0.9937         4.497e-01       8.065e-03         13          8.10 
  0.9938         3.997e-01       7.462e-03         14          8.67 
  0.9938         3.497e-01       1.115e-02         15          9.31 
  0.9938         2.997e-01       7.143e-03         16          9.87 
  0.9938         2.497e-01       1.429e-02         17         10.51 
  0.9938         1.997e-01       1.084e-02         18         11.07 
  0.9939         1.497e-01       1.548e-02         19         11.70 
  0.9939         9.969e-02       1.041e-02         20         12.26 
  0.9939         1.026e-02       1.061e-02         21         12.80 
  0.9939         7.303e-03       1.049e-02         22         13.39 
  0.9939         4.792e-03       1.258e-02         23         13.92 
  0.9939         8.773e-04       1.116e-02         24         14.50 
  0.9939         7.473e-04       1.012e-02         25         15.04 
  0.9940         4.919e-04       9.972e-03         26         15.61 
  0.9940         2.116e-04       8.296e-03         27         16.14 
  0.9940         1.428e-04       1.230e-02         28         16.81 
  0.9941         7.131e-05       9.252e-03         29         17.34 
  0.9941         6.316e-05       1.046e-02         30         17.91 
  0.9941         4.472e-05       8.563e-03         31         18.44 
  0.9941         2.850e-05       1.164e-02         32         19.00 
  0.9941         2.250e-05       1.047e-02         33         19.53 
  0.9941         1.820e-05       1.294e-02         34         20.10 
  0.9941         1.850e-05       7.445e-03         35         20.63 
  0.9942         1.692e-05       1.090e-02         36         21.31 
  0.9942         1.675e-05       9.523e-03         37         21.84 
  0.9942         1.699e-05       1.773e-02         38         22.51 
  0.9942         1.756e-05       1.299e-02         39         23.04 
  0.9942         1.955e-05       1.330e-02         40         23.61 
  0.9943         2.068e-05       1.068e-02         41         24.15 
  0.9944         2.375e-05       8.323e-03         42         24.71 
  0.9944         2.399e-05       1.292e-02         43         25.35 
  0.9944         2.618e-05       7.867e-03         44         25.92 
  0.9945         2.633e-05       1.157e-02         45         26.56 
  0.9945         2.607e-05       8.767e-03         46         27.12 
  0.9945         2.528e-05       9.437e-03         47         27.65 
  0.9945         2.455e-05       1.429e-02         48         28.32 
  0.9945         2.311e-05       7.900e-03         49         28.85 
  0.9945         2.232e-05       1.580e-02         50         29.53 
  0.9945         2.189e-05       9.295e-03         51         30.07 
  0.9946         2.181e-05       1.105e-02         52         30.63 
  0.9946         2.162e-05       8.128e-03         53         31.16 
  0.9946         2.203e-05       6.171e-03         54         31.73 
  0.9946         2.168e-05       9.170e-03         55         32.39 
  0.9946         2.187e-05       9.015e-03         56         32.94 
  0.9946         2.267e-05       6.472e-03         57         33.48 
  0.9946         2.282e-05       5.625e-03         58         34.04 
  0.9946         2.189e-05       7.611e-03         59         34.57 
  0.9946         1.986e-05       8.029e-03         60         35.13 
  0.9947         1.890e-05       6.231e-03         61         35.67 
  0.9947         1.549e-05       4.730e-03         62         36.22 
  0.9947         1.431e-05       9.460e-03         63         36.86 
  0.9947         1.145e-05       7.128e-03         64         37.42 
  0.9947         1.016e-05       6.156e-03         65         37.95 
  0.9947         9.676e-06       5.710e-03         66         38.51 
  0.9947         8.722e-06       7.048e-03         67         39.05 
  0.9947         8.465e-06       9.914e-03         68         39.62 
  0.9947         7.633e-06       6.243e-03         69         40.15 
  0.9947         7.604e-06       6.428e-03         70         40.71 
  0.9947         6.920e-06       7.249e-03         71         41.25 
  0.9947         6.837e-06       7.912e-03         72         41.80 
  0.9947         6.638e-06       6.086e-03         73         42.33 
  0.9947         6.067e-06       6.419e-03         74         42.90 
  0.9947         5.677e-06       7.363e-03         75         43.43 
  0.9947         5.189e-06       9.107e-03         76         43.99 
  0.9947         4.120e-06       5.464e-03         77         44.52 
  0.9947         3.415e-06       6.748e-03         78         45.08 
  0.9947         3.197e-06       8.745e-03         79         45.61 
  0.9947         2.979e-06       1.031e-02         80         46.18 
  0.9947         2.642e-06       7.319e-03         81         46.71 
  0.9947         2.559e-06       5.668e-03         82         47.27 
  0.9947         2.583e-06       1.053e-02         83         47.91 
  0.9947         2.647e-06       7.386e-03         84         48.47 
  0.9947         2.763e-06       5.861e-03         85         49.01 
  0.9947         2.797e-06       5.313e-03         86         49.58 
  0.9947         2.795e-06       7.607e-03         87         50.22 
  0.9947         2.789e-06       7.346e-03         88         50.78 
  0.9947         2.704e-06       6.484e-03         89         51.32 
  0.9947         2.638e-06       6.316e-03         90         51.88 
  0.9947         2.615e-06       1.263e-02         91         52.52 
  0.9947         2.827e-06       8.327e-03         92         53.09 
  0.9947         2.937e-06       7.089e-03         93         53.62 
  0.9948         3.063e-06       7.077e-03         94         54.20 
  0.9948         3.169e-06       7.804e-03         95         54.73 
  0.9948         3.431e-06       8.367e-03         96         55.29 
  0.9948         3.698e-06       5.414e-03         97         55.82 
  0.9948         3.858e-06       7.159e-03         98         56.39 
  0.9948         4.004e-06       7.260e-03         99         56.92 
  0.9948         4.177e-06       8.807e-03        100         57.48 
  0.9948         4.525e-06       5.878e-03        101         58.01 
  0.9948         4.623e-06       5.279e-03        102         58.58 
  0.9948         4.670e-06       6.490e-03        103         59.11 
  0.9948         4.547e-06       7.516e-03        104         59.67 
  0.9948         4.519e-06       5.751e-03        105         60.20 
  0.9948         4.550e-06       5.278e-03        106         60.76 
  0.9948         4.574e-06       5.020e-03        107         61.30 
  0.9948         4.533e-06       9.031e-03        108         61.97 
  0.9948         4.522e-06       7.321e-03        109         62.50 
  0.9948         4.562e-06       6.112e-03        110         63.06 
  0.9948         4.603e-06       6.406e-03        111         63.59 
  0.9948         4.339e-06       7.544e-03        112         64.15 
  0.9948         4.142e-06       1.036e-02        113         64.68 
  0.9948         4.122e-06       6.486e-03        114         65.23 
  0.9948         4.112e-06       7.191e-03        115         65.77 
  0.9948         3.869e-06       7.470e-03        116         66.33 
  0.9948         3.530e-06       9.565e-03        117         66.86 
  0.9949         3.784e-06       6.985e-03        118         67.43 
  0.9949         3.936e-06       5.756e-03        119         67.96 
  0.9949         3.843e-06       6.131e-03        120         68.52 
  0.9949         3.257e-06       7.580e-03        121         69.06 
  0.9949         3.242e-06       5.416e-03        122         69.63 
  0.9949         3.248e-06       5.634e-03        123         70.17 
  0.9949         3.189e-06       5.622e-03        124         70.73 
  0.9949         2.991e-06       8.549e-03        125         71.37 
  0.9949         2.959e-06       6.388e-03        126         71.94 
  0.9949         2.968e-06       5.275e-03        127         72.47 
  0.9949         2.984e-06       7.630e-03        128         73.14 
  0.9949         2.923e-06       8.375e-03        129         73.68 
  0.9949         2.925e-06       9.828e-03        130         74.24 
  0.9949         3.061e-06       5.678e-03        131         74.78 
  0.9949         3.112e-06       6.843e-03        132         75.35 
  0.9949         3.103e-06       7.407e-03        133         75.89 
  0.9949         2.973e-06       9.068e-03        134         76.46 
  0.9949         3.082e-06       6.339e-03        135         76.99 
  0.9949         3.055e-06       5.251e-03        136         77.55 
  0.9949         2.963e-06       8.510e-03        137         78.20 
  0.9949         2.550e-06       7.785e-03        138         78.77 
  0.9949         2.343e-06       7.990e-03        139         79.31 
  0.9949         2.349e-06       5.439e-03        140         79.88 
  0.9949         2.252e-06       8.227e-03        141         80.52 
  0.9949         2.126e-06       8.150e-03        142         81.10 
  0.9949         2.150e-06       6.950e-03        143         81.65 
  0.9949         2.319e-06       5.832e-03        144         82.22 
  0.9949         2.338e-06       5.604e-03        145         82.77 
  0.9949         2.257e-06       8.154e-03        146         83.45 
  0.9949         2.279e-06       5.952e-03        147         83.98 
  0.9949         2.304e-06       5.636e-03        148         84.55 
  0.9949         2.303e-06       6.491e-03        149         85.09 
  0.9949         2.237e-06       8.118e-03        150         85.65 
  0.9949         2.089e-06       7.327e-03        151         86.19 
  0.9949         2.113e-06       6.312e-03        152         86.75 
  0.9949         2.095e-06       6.218e-03        153         87.29 
  0.9949         2.067e-06       1.059e-02        154         87.97 
  0.9949         1.978e-06       7.037e-03        155         88.51 
  0.9949         2.052e-06       6.664e-03        156         89.08 
  0.9949         2.116e-06       6.078e-03        157         89.62 
  0.9949         2.098e-06       9.817e-03        158         90.30 
  0.9950         2.195e-06       8.357e-03        159         90.83 
  0.9950         2.276e-06       5.985e-03        160         91.40 
  0.9950         2.419e-06       6.907e-03        161         91.94 
  0.9950         2.390e-06       7.138e-03        162         92.51 
  0.9950         2.386e-06       1.000e-02        163         93.04 
  0.9950         2.633e-06       5.620e-03        164         93.62 
  0.9950         2.745e-06       5.366e-03        165         94.15 
  0.9950         2.759e-06       5.247e-03        166         94.72 
  0.9950         2.692e-06       7.579e-03        167         95.37 
  0.9950         2.693e-06       6.496e-03        168         95.93 
  0.9950         2.704e-06       4.975e-03        169         96.47 
  0.9950         2.692e-06       5.595e-03        170         97.04 
  0.9950         2.628e-06       7.558e-03        171         97.58 
  0.9950         2.539e-06       7.516e-03        172         98.15 
  0.9950         2.523e-06       6.797e-03        173         98.69 
  0.9950         2.502e-06       5.984e-03        174         99.27 
  0.9950         2.346e-06       8.850e-03        175         99.92 
  0.9950         2.226e-06       8.867e-03        176         100.49 
  0.9950         2.179e-06       6.498e-03        177         101.03 
  0.9950         2.193e-06       7.650e-03        178         101.61 
  0.9950         1.998e-06       7.148e-03        179         102.14 
  0.9950         1.803e-06       8.730e-03        180         102.71 
  0.9950         1.749e-06       5.269e-03        181         103.25 
  0.9950         1.691e-06       5.944e-03        182         103.83 
  0.9950         1.551e-06       7.209e-03        183         104.37 
  0.9950         1.094e-06       7.576e-03        184         104.94 
  0.9950         9.870e-07       6.079e-03        185         105.47 

Found pulse of desired fidelity!
