 Goodness |  Improvement/step |  Step Size  |  Iterations  |  CPU Time
  0.8108         1.041e+00       6.000e-03          1          0.53 
  0.9622         9.981e-01       9.504e-03          2          1.20 
  0.9885         9.494e-01       5.554e-03          3          1.73 
  0.9934         8.997e-01       6.032e-03          4          2.27 
  0.9939         8.497e-01       6.083e-03          5          2.82 
  0.9943         7.997e-01       5.746e-03          6          3.39 
  0.9944         7.497e-01       6.904e-03          7          3.92 
  0.9944         6.997e-01       9.201e-03          8          4.47 
  0.9944         6.497e-01       7.254e-03          9          4.99 
  0.9945         5.997e-01       9.835e-03         10          5.54 
  0.9945         5.497e-01       6.904e-03         11          6.06 
  0.9945         4.997e-01       1.165e-02         12          6.70 
  0.9945         4.497e-01       8.255e-03         13          7.22 
  0.9945         3.997e-01       1.620e-02         14          7.85 
  0.9945         3.497e-01       8.678e-03         15          8.38 
  0.9945         2.997e-01       1.210e-02         16          8.91 
  0.9945         2.497e-01       1.018e-02         17          9.43 
  0.9945         1.997e-01       1.423e-02         18          9.96 
  0.9946         1.497e-01       1.134e-02         19         10.49 
  0.9946         9.973e-02       1.240e-02         20         11.04 
  0.9946         9.190e-03       1.273e-02         21         11.57 
  0.9946         1.621e-03       1.091e-02         22         12.11 
  0.9947         3.095e-04       1.573e-02         23         12.74 
  0.9947         6.834e-05       8.602e-03         24         13.28 
  0.9947         4.276e-05       9.933e-03         25         13.80 
  0.9948         2.266e-05       6.245e-03         26         14.34 
  0.9948         2.002e-05       9.764e-03         27         14.96 
  0.9948         1.725e-05       7.367e-03         28         15.49 
  0.9948         1.608e-05       1.473e-02         29         16.11 
  0.9948         1.537e-05       9.775e-03         30         16.65 
  0.9948         1.493e-05       1.336e-02         31         17.17 
  0.9948         1.499e-05       1.038e-02         32         17.70 
  0.9948         1.479e-05       1.357e-02         33         18.23 
  0.9948         1.512e-05       1.269e-02         34         18.78 
  0.9948         1.459e-05       1.079e-02         35         19.31 
  0.9948         1.509e-05       8.891e-03         36         19.84 
  0.9948         1.486e-05       7.792e-03         37         20.36 
  0.9948         1.493e-05       9.421e-03         38         20.90 
  0.9948         1.416e-05       8.123e-03         39         21.43 
  0.9948         1.364e-05       1.122e-02         40         21.99 
  0.9948         1.199e-05       7.648e-03         41         22.51 
  0.9948         1.093e-05       1.083e-02         42         23.15 
  0.9948         9.045e-06       7.884e-03         43         23.69 
  0.9948         6.344e-06       1.395e-02         44         24.33 
  0.9948         5.091e-06       8.661e-03         45         24.86 
  0.9948         4.464e-06       1.286e-02         46         25.49 
  0.9949         4.489e-06       8.113e-03         47         26.02 
  0.9949         4.407e-06       1.432e-02         48         26.68 
  0.9949         4.509e-06       1.009e-02         49         27.21 
  0.9949         4.367e-06       1.797e-02         50         27.85 
  0.9949         4.909e-06       1.086e-02         51         28.39 
  0.9949         4.932e-06       1.309e-02         52         28.92 
  0.9949         5.705e-06       8.991e-03         53         29.46 
  0.9949         5.409e-06       1.050e-02         54         30.00 
  0.9949         5.487e-06       8.764e-03         55         30.53 
  0.9949         4.817e-06       9.491e-03         56         31.09 
  0.9949         4.906e-06       7.884e-03         57         31.61 
  0.9949         4.722e-06       7.718e-03         58         32.15 
  0.9949         4.709e-06       7.787e-03         59         32.68 
  0.9949         4.605e-06       8.375e-03         60         33.21 
  0.9949         4.526e-06       1.062e-02         61         33.74 
  0.9949         4.474e-06       9.764e-03         62         34.29 
  0.9949         4.456e-06       1.145e-02         63         34.81 
  0.9949         4.446e-06       8.725e-03         64         35.36 
  0.9949         4.379e-06       1.174e-02         65         35.88 
  0.9949         4.360e-06       8.640e-03         66         36.46 
  0.9949         4.280e-06       1.298e-02         67         37.09 
  0.9949         4.315e-06       8.717e-03         68         37.62 
  0.9949         4.232e-06       1.287e-02         69         38.26 
  0.9949         4.228e-06       8.291e-03         70         38.79 
  0.9949         3.628e-06       1.365e-02         71         39.41 
  0.9949         3.400e-06       8.430e-03         72         39.94 
  0.9949         2.555e-06       1.266e-02         73         40.57 
  0.9950         2.452e-06       7.489e-03         74         41.12 
  0.9950         1.973e-06       1.081e-02         75         41.75 
  0.9950         1.850e-06       6.936e-03         76         42.28 
  0.9950         1.492e-06       1.122e-02         77         42.91 
  0.9950         1.446e-06       7.580e-03         78         43.45 
  0.9950         1.363e-06       1.246e-02         79         44.08 
  0.9950         1.393e-06       8.443e-03         80         44.62 
  0.9950         1.380e-06       1.370e-02         81         45.26 
  0.9950         1.433e-06       9.699e-03         82         45.82 
  0.9950         1.422e-06       1.522e-02         83         46.45 
  0.9950         1.589e-06       9.923e-03         84         46.99 
  0.9950         1.662e-06       1.319e-02         85         47.51 
  0.9950         1.990e-06       8.445e-03         86         48.06 
  0.9950         2.054e-06       1.016e-02         87         48.59 
  0.9950         2.183e-06       7.341e-03         88         49.13 
  0.9950         2.162e-06       9.728e-03         89         49.65 
  0.9950         2.156e-06       7.763e-03         90         50.19 
  0.9950         2.115e-06       1.004e-02         91         50.71 
  0.9950         2.041e-06       8.077e-03         92         51.24 
  0.9950         1.972e-06       9.779e-03         93         51.77 
  0.9950         1.850e-06       8.512e-03         94         52.29 
  0.9950         1.803e-06       1.057e-02         95         52.82 
  0.9950         1.768e-06       9.257e-03         96         53.35 
  0.9950         1.769e-06       1.039e-02         97         53.88 
  0.9950         1.783e-06       8.857e-03         98         54.41 
  0.9950         1.790e-06       9.655e-03         99         54.93 
  0.9950         1.788e-06       8.775e-03        100         55.46 
  0.9950         1.787e-06       9.831e-03        101         55.99 
  0.9950         1.752e-06       9.264e-03        102         56.55 
  0.9950         1.731e-06       9.889e-03        103         57.08 
  0.9950         1.570e-06       8.915e-03        104         57.61 
  0.9950         1.471e-06       9.309e-03        105         58.14 
  0.9950         1.140e-06       8.614e-03        106         58.67 
  0.9950         1.041e-06       8.985e-03        107         59.19 
  0.9950         8.658e-07       8.391e-03        108         59.74 
  0.9950         8.268e-07       8.772e-03        109         60.26 

Found pulse of desired fidelity!
