 Goodness |  Improvement/step |  Step Size  |  Iterations  |  CPU Time
  0.8387         1.042e+00       6.000e-03          1          2.93 
  0.8875         9.944e-01       1.200e-02          2          5.49 
  0.9373         9.469e-01       9.056e-03          3          6.80 
  0.9780         8.989e-01       7.667e-03          4          7.93 
  0.9858         8.493e-01       5.550e-03          5          9.09 
  0.9876         7.994e-01       1.110e-02          6         10.59 
  0.9924         7.496e-01       6.924e-03          7         12.15 
  0.9929         6.996e-01       1.385e-02          8         13.78 
  0.9935         6.497e-01       7.384e-03          9         15.03 
  0.9936         5.997e-01       1.220e-02         10         16.56 
  0.9937         5.497e-01       7.058e-03         11         17.78 
  0.9937         4.997e-01       1.124e-02         12         19.06 
  0.9938         4.497e-01       6.852e-03         13         20.37 
  0.9938         3.997e-01       1.370e-02         14         21.91 
  0.9938         3.497e-01       1.354e-02         15         23.18 
  0.9938         2.997e-01       2.301e-02         16         24.66 
  0.9938         2.497e-01       9.892e-03         17         25.88 
  0.9938         1.997e-01       1.978e-02         18         27.43 
  0.9939         1.497e-01       1.038e-02         19         28.53 
  0.9939         9.969e-02       1.473e-02         20         30.06 
  0.9939         7.758e-03       9.238e-03         21         31.57 
  0.9939         5.320e-03       8.521e-03         22         32.89 
  0.9939         2.833e-03       1.704e-02         23         34.50 
  0.9940         7.980e-04       8.797e-03         24         35.89 
  0.9940         4.098e-04       1.759e-02         25         37.46 
  0.9940         3.221e-04       9.990e-03         26         38.72 
  0.9940         7.976e-05       1.449e-02         27         40.64 
  0.9941         6.162e-05       9.046e-03         28         41.97 
  0.9941         3.360e-05       7.808e-03         29         42.99 
  0.9942         2.761e-05       1.279e-02         30         44.53 
  0.9942         2.416e-05       8.178e-03         31         45.71 
  0.9942         2.360e-05       1.068e-02         32         46.97 
  0.9942         2.372e-05       9.337e-03         33         48.17 
  0.9943         2.526e-05       7.552e-03         34         49.19 
  0.9943         2.496e-05       1.075e-02         35         50.36 
  0.9943         2.579e-05       7.645e-03         36         51.34 
  0.9943         2.480e-05       1.013e-02         37         52.25 
  0.9943         2.467e-05       8.340e-03         38         53.13 
  0.9943         2.329e-05       8.772e-03         39         54.09 
  0.9943         2.319e-05       1.344e-02         40         55.51 
  0.9944         2.335e-05       8.577e-03         41         56.42 
  0.9944         2.266e-05       1.098e-02         42         57.52 
  0.9944         2.266e-05       9.608e-03         43         58.45 
  0.9944         2.075e-05       1.036e-02         44         59.45 
  0.9944         2.073e-05       1.395e-02         45         60.42 
  0.9944         2.051e-05       7.866e-03         46         61.60 
  0.9944         2.006e-05       1.257e-02         47         62.82 
  0.9945         1.807e-05       1.011e-02         48         63.74 
  0.9945         1.698e-05       8.169e-03         49         64.75 
  0.9945         1.689e-05       1.100e-02         50         65.71 
  0.9945         1.552e-05       6.528e-03         51         66.55 
  0.9945         1.491e-05       1.180e-02         52         68.01 
  0.9945         1.393e-05       8.863e-03         53         69.10 
  0.9945         1.233e-05       7.500e-03         54         70.21 
  0.9945         1.208e-05       1.249e-02         55         71.56 
  0.9945         1.147e-05       7.252e-03         56         72.56 
  0.9945         1.113e-05       1.360e-02         57         73.83 
  0.9945         1.089e-05       1.016e-02         58         74.86 
  0.9945         1.058e-05       9.128e-03         59         75.80 
  0.9946         1.056e-05       1.222e-02         60         76.86 
  0.9946         1.028e-05       9.041e-03         61         77.97 
  0.9946         9.896e-06       1.449e-02         62         79.33 
  0.9946         1.014e-05       9.062e-03         63         80.21 
  0.9946         9.959e-06       1.026e-02         64         81.19 
  0.9946         9.735e-06       1.070e-02         65         82.10 
  0.9946         8.632e-06       9.842e-03         66         83.07 
  0.9946         8.071e-06       1.094e-02         67         84.09 
  0.9946         7.807e-06       6.829e-03         68         85.08 
  0.9946         6.718e-06       1.249e-02         69         86.35 
  0.9946         6.410e-06       8.688e-03         70         87.28 
  0.9946         5.700e-06       1.001e-02         71         88.20 
  0.9946         5.512e-06       1.043e-02         72         89.34 
  0.9946         5.349e-06       7.098e-03         73         90.52 
  0.9946         5.054e-06       1.420e-02         74         91.85 
  0.9946         5.128e-06       8.379e-03         75         92.77 
  0.9946         4.813e-06       1.369e-02         76         93.97 
  0.9946         4.847e-06       1.001e-02         77         94.89 
  0.9946         4.849e-06       7.556e-03         78         95.94 
  0.9946         4.671e-06       1.401e-02         79         97.15 
  0.9946         4.935e-06       1.077e-02         80         98.03 
  0.9947         5.153e-06       8.425e-03         81         99.12 
  0.9947         5.495e-06       9.530e-03         82         100.06 
  0.9947         5.404e-06       6.802e-03         83         101.15 
  0.9947         5.263e-06       9.097e-03         84         102.31 
  0.9947         5.330e-06       1.035e-02         85         103.16 
  0.9947         5.395e-06       6.637e-03         86         104.01 
  0.9947         5.467e-06       6.647e-03         87         104.78 
  0.9947         5.073e-06       9.189e-03         88         105.72 
  0.9947         5.033e-06       7.982e-03         89         106.63 
  0.9947         4.991e-06       7.769e-03         90         107.48 
  0.9947         4.860e-06       8.948e-03         91         108.35 
  0.9947         4.857e-06       7.438e-03         92         109.15 
  0.9947         4.746e-06       8.949e-03         93         110.06 
  0.9947         4.738e-06       9.889e-03         94         110.98 
  0.9947         4.630e-06       9.060e-03         95         111.92 
  0.9947         4.613e-06       1.069e-02         96         112.76 
  0.9947         4.600e-06       8.533e-03         97         113.63 
  0.9947         4.474e-06       7.980e-03         98         114.44 
  0.9947         4.390e-06       1.268e-02         99         115.42 
  0.9947         4.142e-06       1.089e-02        100         116.34 
  0.9947         3.726e-06       7.046e-03        101         117.17 
  0.9947         3.321e-06       1.042e-02        102         118.17 
  0.9947         2.951e-06       9.077e-03        103         119.00 
  0.9947         2.822e-06       7.794e-03        104         120.01 
  0.9947         2.666e-06       9.933e-03        105         120.85 
  0.9948         2.316e-06       6.943e-03        106         121.71 
  0.9948         2.112e-06       8.991e-03        107         122.60 
  0.9948         2.148e-06       1.155e-02        108         123.36 
  0.9948         2.294e-06       6.589e-03        109         124.06 
  0.9948         2.246e-06       8.718e-03        110         124.95 
  0.9948         2.253e-06       1.137e-02        111         125.76 
  0.9948         2.306e-06       7.153e-03        112         126.53 
  0.9948         2.327e-06       1.101e-02        113         127.47 
  0.9948         2.375e-06       9.429e-03        114         128.27 
  0.9948         2.407e-06       6.808e-03        115         129.06 
  0.9948         2.397e-06       1.134e-02        116         130.10 
  0.9948         2.364e-06       8.167e-03        117         131.17 
  0.9948         2.312e-06       7.980e-03        118         132.07 
  0.9948         2.316e-06       9.597e-03        119         132.89 
  0.9948         2.218e-06       6.646e-03        120         133.69 
  0.9948         1.939e-06       1.253e-02        121         134.67 
  0.9948         1.931e-06       1.336e-02        122         135.58 
  0.9948         2.001e-06       7.636e-03        123         136.36 
  0.9948         1.934e-06       1.098e-02        124         137.41 
  0.9948         1.914e-06       1.307e-02        125         138.24 
  0.9948         2.025e-06       8.466e-03        126         139.06 
  0.9948         2.196e-06       8.831e-03        127         140.13 
  0.9948         2.238e-06       9.298e-03        128         140.94 
  0.9948         2.236e-06       7.415e-03        129         141.80 
  0.9948         2.284e-06       8.988e-03        130         142.70 
  0.9948         2.353e-06       7.545e-03        131         143.59 
  0.9948         2.347e-06       6.923e-03        132         144.53 
  0.9948         2.314e-06       8.173e-03        133         145.44 
  0.9948         2.271e-06       6.442e-03        134         146.40 
  0.9948         2.172e-06       8.120e-03        135         147.30 
  0.9948         2.136e-06       1.178e-02        136         148.46 
  0.9948         2.096e-06       8.057e-03        137         149.34 
  0.9948         2.044e-06       8.781e-03        138         150.12 
  0.9948         2.012e-06       1.461e-02        139         151.28 
  0.9948         2.019e-06       8.630e-03        140         152.17 
  0.9948         2.030e-06       7.873e-03        141         152.99 
  0.9948         1.980e-06       1.557e-02        142         154.03 
  0.9948         1.869e-06       9.039e-03        143         154.92 
  0.9948         1.841e-06       8.934e-03        144         155.76 
  0.9948         1.807e-06       1.207e-02        145         156.57 
  0.9948         1.631e-06       6.806e-03        146         157.37 
  0.9948         1.434e-06       9.480e-03        147         158.36 
  0.9948         1.344e-06       1.343e-02        148         159.37 
  0.9948         1.237e-06       7.607e-03        149         160.30 
  0.9948         1.199e-06       9.849e-03        150         161.11 
  0.9948         1.126e-06       1.010e-02        151         162.08 
  0.9948         1.089e-06       7.677e-03        152         162.93 
  0.9948         1.109e-06       1.111e-02        153         163.93 
  0.9948         1.154e-06       7.084e-03        154         164.83 
  0.9948         1.177e-06       7.825e-03        155         165.61 
  0.9948         1.188e-06       1.078e-02        156         166.40 
  0.9948         1.198e-06       6.913e-03        157         167.34 
  0.9948         1.197e-06       1.120e-02        158         168.46 
  0.9948         1.216e-06       9.633e-03        159         169.34 
  0.9948         1.189e-06       6.473e-03        160         170.27 
  0.9948         1.164e-06       1.236e-02        161         171.23 
  0.9948         1.172e-06       1.002e-02        162         172.04 
  0.9948         1.113e-06       7.167e-03        163         172.90 
  0.9948         1.058e-06       1.252e-02        164         173.92 
  0.9948         1.036e-06       1.217e-02        165         174.76 
  0.9948         9.766e-07       8.159e-03        166         175.57 
  0.9948         9.683e-07       1.067e-02        167         176.37 
  0.9948         9.793e-07       1.027e-02        168         177.21 
  0.9948         9.406e-07       7.760e-03        169         178.03 
  0.9948         8.996e-07       1.091e-02        170         178.85 
  0.9949         9.215e-07       9.082e-03        171         179.78 
  0.9949         9.215e-07       6.945e-03        172         180.61 
  0.9949         8.878e-07       8.903e-03        173         181.48 
  0.9949         8.307e-07       7.288e-03        174         182.33 
  0.9949         8.018e-07       8.757e-03        175         183.29 
  0.9949         7.946e-07       9.091e-03        176         184.28 
  0.9949         7.697e-07       7.425e-03        177         185.07 
  0.9949         7.534e-07       1.117e-02        178         186.05 
  0.9949         7.393e-07       1.058e-02        179         187.00 
  0.9949         7.271e-07       8.508e-03        180         187.86 
  0.9949         7.261e-07       1.331e-02        181         188.78 
  0.9949         7.509e-07       1.034e-02        182         189.65 
  0.9949         7.753e-07       8.427e-03        183         190.49 
  0.9949         7.888e-07       1.444e-02        184         191.64 
  0.9949         8.968e-07       8.845e-03        185         192.43 
  0.9949         9.051e-07       6.379e-03        186         193.24 
  0.9949         8.904e-07       9.744e-03        187         194.16 
  0.9949         8.756e-07       7.153e-03        188         195.04 
  0.9949         7.899e-07       8.431e-03        189         195.94 
  0.9949         7.756e-07       9.228e-03        190         196.85 
  0.9949         7.324e-07       7.118e-03        191         197.72 
  0.9949         6.521e-07       1.143e-02        192         198.78 
  0.9949         6.543e-07       9.140e-03        193         199.61 
  0.9949         6.450e-07       8.355e-03        194         200.44 
  0.9949         6.395e-07       1.498e-02        195         201.44 
  0.9949         6.849e-07       9.038e-03        196         202.22 
  0.9949         6.954e-07       8.436e-03        197         202.98 
  0.9949         7.088e-07       1.605e-02        198         203.95 
  0.9949         8.160e-07       8.929e-03        199         204.72 
  0.9949         8.559e-07       8.291e-03        200         205.48 
  0.9949         8.837e-07       9.934e-03        201         206.26 
  0.9949         9.025e-07       7.170e-03        202         207.09 
  0.9949         8.621e-07       1.106e-02        203         208.20 
  0.9949         8.958e-07       8.413e-03        204         209.20 
  0.9949         8.111e-07       7.557e-03        205         210.20 
  0.9949         7.425e-07       1.191e-02        206         211.35 
  0.9949         7.983e-07       7.504e-03        207         212.24 
  0.9949         7.955e-07       9.222e-03        208         213.06 
  0.9949         8.077e-07       1.167e-02        209         213.93 
  0.9949         8.730e-07       6.599e-03        210         214.71 
  0.9949         8.662e-07       9.599e-03        211         215.76 
  0.9949         8.746e-07       1.155e-02        212         216.54 
  0.9949         8.965e-07       7.325e-03        213         217.34 
  0.9949         8.912e-07       1.122e-02        214         218.29 
  0.9949         9.066e-07       8.152e-03        215         219.07 
  0.9949         8.655e-07       7.794e-03        216         219.87 
  0.9949         8.380e-07       1.007e-02        217         220.63 
  0.9949         8.376e-07       7.393e-03        218         221.48 
  0.9949         7.196e-07       1.166e-02        219         222.51 
  0.9949         6.601e-07       1.015e-02        220         223.34 
  0.9949         6.450e-07       8.737e-03        221         224.13 
  0.9949         5.872e-07       1.563e-02        222         225.14 
  0.9949         6.208e-07       9.812e-03        223         225.90 
  0.9949         6.102e-07       8.719e-03        224         226.49 
  0.9949         5.837e-07       1.744e-02        225         227.19 
  0.9949         7.407e-07       1.018e-02        226         227.78 
  0.9949         8.030e-07       9.333e-03        227         228.35 
  0.9949         8.682e-07       8.771e-03        228         228.94 
  0.9949         9.592e-07       6.776e-03        229         229.51 
  0.9949         9.187e-07       8.413e-03        230         230.10 
  0.9949         9.526e-07       8.192e-03        231         230.67 
  0.9949         9.890e-07       6.701e-03        232         231.26 
  0.9949         9.704e-07       9.521e-03        233         231.96 
  0.9949         9.958e-07       7.884e-03        234         232.55 
  0.9949         1.002e-06       6.751e-03        235         233.14 
  0.9949         9.983e-07       1.100e-02        236         233.85 
  0.9949         1.023e-06       9.622e-03        237         234.42 
  0.9949         1.051e-06       8.844e-03        238         235.01 
  0.9949         1.092e-06       9.963e-03        239         235.58 
  0.9949         1.145e-06       7.672e-03        240         236.17 
  0.9949         1.165e-06       1.028e-02        241         236.74 
  0.9949         1.230e-06       1.117e-02        242         237.32 
  0.9949         1.339e-06       7.246e-03        243         237.90 
  0.9949         1.378e-06       6.873e-03        244         238.49 
  0.9949         1.388e-06       7.531e-03        245         239.06 
  0.9949         1.239e-06       7.504e-03        246         239.65 
  0.9949         1.137e-06       8.277e-03        247         240.23 
  0.9949         1.075e-06       7.478e-03        248         240.82 
  0.9949         9.863e-07       6.811e-03        249         241.38 
  0.9949         9.641e-07       8.390e-03        250         241.98 
  0.9949         9.302e-07       9.671e-03        251         242.56 
  0.9949         9.155e-07       7.909e-03        252         243.15 
  0.9949         9.183e-07       7.333e-03        253         243.73 
  0.9949         8.931e-07       8.475e-03        254         244.32 
  0.9949         8.835e-07       7.381e-03        255         244.89 
  0.9949         8.826e-07       7.819e-03        256         245.48 
  0.9949         8.617e-07       9.109e-03        257         246.06 
  0.9949         8.356e-07       7.564e-03        258         246.65 
  0.9949         8.017e-07       8.452e-03        259         247.23 
  0.9949         7.492e-07       7.969e-03        260         247.84 
  0.9949         7.196e-07       6.680e-03        261         248.41 
  0.9949         6.520e-07       1.028e-02        262         249.12 
  0.9949         4.973e-07       1.008e-02        263         249.69 
  0.9949         4.369e-07       7.558e-03        264         250.29 
  0.9949         4.216e-07       1.002e-02        265         250.86 
  0.9949         4.152e-07       1.006e-02        266         251.45 
  0.9949         4.260e-07       9.368e-03        267         252.03 
  0.9949         4.525e-07       1.010e-02        268         252.62 
  0.9949         5.020e-07       7.347e-03        269         253.21 
  0.9949         5.387e-07       7.093e-03        270         253.80 
  0.9949         5.482e-07       9.849e-03        271         254.38 
  0.9949         5.570e-07       9.150e-03        272         254.96 
  0.9949         6.116e-07       7.089e-03        273         255.54 
  0.9949         6.293e-07       7.173e-03        274         256.12 
  0.9949         6.284e-07       7.562e-03        275         256.70 
  0.9949         6.388e-07       7.488e-03        276         257.29 
  0.9949         6.405e-07       8.519e-03        277         257.86 
  0.9949         6.420e-07       7.542e-03        278         258.47 
  0.9949         6.469e-07       6.751e-03        279         259.04 
  0.9949         6.377e-07       9.020e-03        280         259.63 
  0.9949         6.365e-07       8.151e-03        281         260.21 
  0.9949         6.429e-07       7.980e-03        282         260.82 
  0.9949         6.384e-07       1.267e-02        283         261.52 
  0.9949         6.531e-07       9.513e-03        284         262.11 
  0.9949         6.840e-07       7.837e-03        285         262.68 
  0.9949         6.908e-07       1.014e-02        286         263.28 
  0.9949         6.972e-07       8.484e-03        287         263.86 
  0.9949         6.960e-07       9.242e-03        288         264.46 
  0.9949         6.864e-07       9.314e-03        289         265.04 
  0.9949         7.280e-07       6.535e-03        290         265.64 
  0.9949         7.463e-07       7.737e-03        291         266.22 
  0.9949         7.249e-07       9.777e-03        292         266.81 
  0.9949         6.983e-07       7.414e-03        293         267.39 
  0.9949         7.081e-07       6.368e-03        294         267.97 
  0.9949         6.959e-07       7.187e-03        295         268.55 
  0.9949         6.813e-07       7.018e-03        296         269.14 
  0.9949         6.734e-07       7.898e-03        297         269.72 
  0.9949         6.556e-07       9.278e-03        298         270.32 
  0.9949         6.483e-07       7.916e-03        299         270.89 
  0.9949         6.477e-07       9.291e-03        300         271.48 
  0.9949         6.422e-07       1.108e-02        301         272.05 
  0.9950         6.540e-07       8.580e-03        302         272.64 
  0.9950         6.584e-07       1.029e-02        303         273.21 
  0.9950         6.431e-07       1.116e-02        304         273.80 
  0.9950         6.590e-07       7.486e-03        305         274.38 
  0.9950         6.555e-07       9.303e-03        306         274.97 
  0.9950         6.391e-07       1.063e-02        307         275.55 
  0.9950         6.582e-07       8.049e-03        308         276.13 
  0.9950         6.480e-07       9.153e-03        309         276.71 
  0.9950         6.231e-07       7.174e-03        310         277.29 
  0.9950         6.237e-07       6.569e-03        311         277.87 
  0.9950         6.213e-07       1.135e-02        312         278.58 
  0.9950         6.243e-07       8.963e-03        313         279.15 
  0.9950         6.610e-07       6.900e-03        314         279.74 
  0.9950         6.802e-07       9.597e-03        315         280.32 
  0.9950         7.073e-07       1.049e-02        316         280.91 
  0.9950         7.939e-07       8.253e-03        317         281.49 
  0.9950         8.473e-07       8.468e-03        318         282.08 
  0.9950         8.931e-07       7.652e-03        319         282.66 
  0.9950         9.415e-07       7.324e-03        320         283.26 
  0.9950         9.560e-07       9.554e-03        321         283.84 
  0.9950         9.797e-07       7.896e-03        322         284.43 
  0.9950         1.006e-06       7.620e-03        323         285.00 
  0.9950         9.979e-07       9.349e-03        324         285.59 
  0.9950         9.731e-07       7.281e-03        325         286.17 
  0.9950         9.641e-07       8.752e-03        326         286.76 
  0.9950         9.476e-07       1.347e-02        327         287.45 
  0.9950         9.605e-07       8.363e-03        328         288.04 
  0.9950         9.490e-07       7.780e-03        329         288.62 
  0.9950         9.044e-07       1.182e-02        330         289.33 
  0.9950         9.370e-07       8.916e-03        331         289.91 
  0.9950         9.885e-07       9.745e-03        332         290.50 
  0.9950         1.027e-06       8.537e-03        333         291.08 
  0.9950         1.050e-06       6.462e-03        334         291.68 
  0.9950         1.058e-06       1.091e-02        335         292.38 
  0.9950         1.094e-06       9.283e-03        336         292.97 
  0.9950         1.113e-06       6.473e-03        337         293.55 
  0.9950         1.089e-06       8.661e-03        338         294.13 
  0.9950         1.060e-06       8.186e-03        339         294.71 
  0.9950         1.043e-06       7.485e-03        340         295.32 
  0.9950         1.041e-06       9.726e-03        341         295.89 
  0.9950         1.026e-06       7.694e-03        342         296.48 
  0.9950         1.016e-06       8.342e-03        343         297.06 
  0.9950         1.016e-06       1.018e-02        344         297.64 
  0.9950         1.017e-06       8.418e-03        345         298.22 
  0.9950         1.038e-06       1.154e-02        346         298.81 
  0.9950         1.085e-06       1.055e-02        347         299.38 
  0.9950         1.131e-06       7.391e-03        348         299.97 
  0.9950         1.137e-06       1.016e-02        349         300.55 
  0.9950         1.174e-06       1.241e-02        350         301.15 
  0.9950         1.341e-06       7.888e-03        351         301.73 

Found pulse of desired fidelity!
