 Goodness |  Improvement/step |  Step Size  |  Iterations  |  CPU Time
  0.7815         1.039e+00       6.000e-03          1          1.50 
  0.8141         9.907e-01       1.200e-02          2          3.41 
  0.8668         9.433e-01       2.400e-02          3          4.93 
  0.9299         8.965e-01       1.695e-02          4          5.69 
  0.9383         8.469e-01       2.421e-02          5          6.77 
  0.9694         7.985e-01       9.716e-03          6          7.53 
  0.9785         7.489e-01       9.057e-03          7          8.19 
  0.9812         6.991e-01       1.811e-02          8          9.07 
  0.9853         6.493e-01       1.361e-02          9         10.01 
  0.9888         5.994e-01       1.675e-02         10         10.67 
  0.9899         5.495e-01       1.612e-02         11         11.40 
  0.9907         4.995e-01       1.999e-02         12         12.02 
  0.9923         4.496e-01       1.368e-02         13         12.84 
  0.9927         3.996e-01       1.951e-02         14         13.88 
  0.9932         3.497e-01       1.241e-02         15         14.65 
  0.9934         2.997e-01       2.053e-02         16         15.46 
  0.9936         2.497e-01       1.358e-02         17         16.07 
  0.9937         1.997e-01       2.404e-02         18         16.98 
  0.9939         1.497e-01       1.573e-02         19         17.78 
  0.9939         9.970e-02       2.112e-02         20         18.70 
  0.9940         1.062e-02       1.421e-02         21         19.35 
  0.9941         8.999e-03       1.720e-02         22         19.96 
  0.9941         6.364e-03       1.552e-02         23         20.62 
  0.9942         3.211e-03       2.270e-02         24         21.41 
  0.9942         2.793e-03       1.675e-02         25         22.39 
  0.9942         1.241e-03       2.389e-02         26         23.15 
  0.9943         7.879e-04       1.633e-02         27         23.92 
  0.9943         6.533e-04       2.377e-02         28         24.76 
  0.9943         4.495e-04       1.611e-02         29         25.61 
  0.9943         2.728e-04       1.873e-02         30         26.35 
  0.9943         2.228e-04       2.898e-02         31         27.11 
  0.9943         1.796e-04       1.316e-02         32         28.14 
  0.9943         1.021e-04       2.632e-02         33         28.86 
  0.9943         8.103e-05       1.901e-02         34         29.62 
  0.9943         5.423e-05       2.070e-02         35         30.40 
  0.9943         4.816e-05       1.491e-02         36         31.15 
  0.9943         3.639e-05       2.055e-02         37         31.94 
  0.9943         3.176e-05       2.626e-02         38         32.67 
  0.9943         2.278e-05       1.535e-02         39         33.44 
  0.9943         2.003e-05       2.102e-02         40         34.16 
  0.9943         1.525e-05       3.293e-02         41         34.94 
  0.9944         1.388e-05       1.723e-02         42         35.70 
  0.9944         1.207e-05       3.154e-02         43         36.51 
  0.9944         1.087e-05       2.129e-02         44         37.22 
  0.9944         1.090e-05       1.324e-02         45         38.01 
  0.9944         9.499e-06       2.649e-02         46         38.96 
  0.9944         9.519e-06       1.414e-02         47         39.57 
  0.9944         8.241e-06       1.874e-02         48         40.27 
  0.9945         7.904e-06       1.652e-02         49         41.05 
  0.9945         7.774e-06       1.265e-02         50         41.88 
  0.9945         7.953e-06       1.541e-02         51         42.74 
  0.9945         7.766e-06       1.628e-02         52         43.55 
  0.9945         8.233e-06       1.495e-02         53         44.19 
  0.9945         8.590e-06       1.132e-02         54         44.90 
  0.9945         8.739e-06       1.814e-02         55         45.87 
  0.9945         9.191e-06       1.698e-02         56         46.55 
  0.9945         9.889e-06       1.384e-02         57         47.26 
  0.9945         1.069e-05       1.266e-02         58         47.98 
  0.9945         1.060e-05       1.401e-02         59         48.59 
  0.9946         1.088e-05       1.899e-02         60         49.17 
  0.9946         1.165e-05       1.271e-02         61         49.81 
  0.9946         1.119e-05       1.421e-02         62         50.28 
  0.9946         1.140e-05       1.550e-02         63         50.91 
  0.9946         1.089e-05       1.580e-02         64         51.53 
  0.9946         1.045e-05       1.193e-02         65         52.08 
  0.9946         1.046e-05       1.238e-02         66         52.78 
  0.9946         9.467e-06       1.992e-02         67         53.47 
  0.9946         9.857e-06       1.241e-02         68         54.04 
  0.9947         9.982e-06       1.329e-02         69         54.52 
  0.9947         9.808e-06       1.835e-02         70         55.17 
  0.9947         9.911e-06       1.656e-02         71         55.77 
  0.9947         1.037e-05       1.242e-02         72         56.47 
  0.9947         1.005e-05       1.362e-02         73         57.10 
  0.9947         9.735e-06       2.186e-02         74         57.99 
  0.9947         1.017e-05       1.305e-02         75         58.51 
  0.9947         1.002e-05       1.497e-02         76         59.14 
  0.9947         9.508e-06       1.964e-02         77         59.89 
  0.9947         9.173e-06       1.350e-02         78         60.58 
  0.9947         9.429e-06       1.305e-02         79         61.19 
  0.9947         9.185e-06       1.575e-02         80         61.81 
  0.9947         8.445e-06       1.717e-02         81         62.37 
  0.9947         8.254e-06       1.136e-02         82         63.05 
  0.9947         7.911e-06       1.667e-02         83         63.68 
  0.9948         7.422e-06       2.029e-02         84         64.28 
  0.9948         6.651e-06       1.267e-02         85         64.84 
  0.9948         6.555e-06       2.041e-02         86         65.52 
  0.9948         6.488e-06       2.003e-02         87         66.15 
  0.9948         6.224e-06       1.417e-02         88         66.76 
  0.9948         6.206e-06       1.802e-02         89         67.36 
  0.9948         6.174e-06       2.331e-02         90         67.82 
  0.9948         6.557e-06       1.653e-02         91         68.51 
  0.9948         6.497e-06       1.123e-02         92         68.97 
  0.9948         6.446e-06       2.246e-02         93         69.73 
  0.9948         6.708e-06       1.603e-02         94         70.33 
  0.9948         6.392e-06       1.224e-02         95         71.00 
  0.9948         6.188e-06       2.154e-02         96         71.71 
  0.9948         6.269e-06       1.605e-02         97         72.27 
  0.9948         6.195e-06       1.238e-02         98         72.91 
  0.9949         5.873e-06       1.295e-02         99         73.69 
  0.9949         5.844e-06       1.930e-02        100         74.47 
  0.9949         5.993e-06       1.365e-02        101         75.19 
  0.9949         5.761e-06       1.205e-02        102         75.79 
  0.9949         5.754e-06       2.274e-02        103         76.58 
  0.9949         5.902e-06       1.452e-02        104         77.18 
  0.9949         5.820e-06       1.258e-02        105         77.88 
  0.9949         5.752e-06       1.741e-02        106         78.52 
  0.9949         5.699e-06       1.909e-02        107         79.04 
  0.9949         5.699e-06       1.430e-02        108         79.68 
  0.9949         5.551e-06       1.494e-02        109         80.26 
  0.9949         5.529e-06       2.411e-02        110         80.97 
  0.9949         5.485e-06       1.373e-02        111         81.58 
  0.9949         5.142e-06       1.252e-02        112         82.22 
  0.9949         5.139e-06       1.713e-02        113         82.78 
  0.9949         4.893e-06       1.547e-02        114         83.42 
  0.9949         4.908e-06       1.176e-02        115         84.10 
  0.9949         4.848e-06       1.229e-02        116         84.71 
  0.9949         4.556e-06       2.109e-02        117         85.34 
  0.9949         4.365e-06       1.308e-02        118         86.01 
  0.9949         4.326e-06       1.155e-02        119         86.60 
  0.9949         4.296e-06       1.475e-02        120         87.17 
  0.9949         4.033e-06       1.479e-02        121         87.68 
  0.9949         3.996e-06       1.133e-02        122         88.29 
  0.9949         3.950e-06       1.141e-02        123         88.94 
  0.9949         3.702e-06       2.283e-02        124         89.62 
  0.9949         3.586e-06       1.515e-02        125         90.21 
  0.9949         3.563e-06       1.259e-02        126         90.85 
  0.9949         3.473e-06       1.643e-02        127         91.54 
  0.9949         3.154e-06       1.959e-02        128         92.12 
  0.9949         3.104e-06       1.443e-02        129         92.65 
  0.9950         3.004e-06       1.283e-02        130         93.24 
  0.9950         2.319e-06       2.546e-02        131         93.98 
  0.9950         2.180e-06       1.865e-02        132         94.60 
  0.9950         2.303e-06       1.400e-02        133         95.19 
  0.9950         2.250e-06       1.493e-02        134         95.83 
  0.9950         1.964e-06       2.074e-02        135         96.42 
  0.9950         2.188e-06       1.639e-02        136         97.01 
  0.9950         2.428e-06       1.149e-02        137         97.63 
  0.9950         2.279e-06       1.727e-02        138         98.30 
  0.9950         2.294e-06       1.670e-02        139         98.89 
  0.9950         2.531e-06       1.398e-02        140         99.51 
  0.9950         2.727e-06       1.213e-02        141         100.07 
  0.9950         2.701e-06       1.635e-02        142         100.73 
  0.9950         2.835e-06       1.513e-02        143         101.26 
  0.9950         2.979e-06       1.032e-02        144         101.90 

Found pulse of desired fidelity!
