 Goodness |  Improvement/step |  Step Size  |  Iterations  |  CPU Time
  0.8301         1.042e+00       6.000e-03          1          0.17 
  0.8588         9.929e-01       1.200e-02          2          0.50 
  0.9022         9.451e-01       2.400e-02          3          0.81 
  0.9396         8.970e-01       1.689e-02          4          1.09 
  0.9670         8.484e-01       1.792e-02          5          1.37 
  0.9730         7.987e-01       1.795e-02          6          1.65 
  0.9765         7.488e-01       2.048e-02          7          1.92 
  0.9856         6.993e-01       1.259e-02          8          2.21 
  0.9878         6.494e-01       2.518e-02          9          2.51 
  0.9904         5.995e-01       1.654e-02         10          2.79 
  0.9918         5.496e-01       1.806e-02         11          3.07 
  0.9924         4.996e-01       1.089e-02         12          3.35 
  0.9926         4.496e-01       2.178e-02         13          3.65 
  0.9930         3.997e-01       1.343e-02         14          3.94 
  0.9931         3.497e-01       2.686e-02         15          4.24 
  0.9933         2.997e-01       1.425e-02         16          4.52 
  0.9933         2.497e-01       1.685e-02         17          4.80 
  0.9934         1.997e-01       2.390e-02         18          5.12 
  0.9935         1.497e-01       1.340e-02         19          5.40 
  0.9936         9.968e-02       1.570e-02         20          5.68 
  0.9936         8.174e-03       2.225e-02         21          5.98 
  0.9937         6.746e-03       1.259e-02         22          6.26 
  0.9938         4.580e-03       1.895e-02         23          6.57 
  0.9938         2.712e-03       2.267e-02         24          6.85 
  0.9940         1.348e-03       1.246e-02         25          7.13 
  0.9940         1.048e-03       2.157e-02         26          7.44 
  0.9941         8.804e-04       2.091e-02         27          7.72 
  0.9942         4.318e-04       1.347e-02         28          8.00 
  0.9942         3.210e-04       2.695e-02         29          8.31 
  0.9944         2.008e-04       1.910e-02         30          8.59 
  0.9946         1.416e-04       1.509e-02         31          8.86 
  0.9946         1.113e-04       1.216e-02         32          9.14 
  0.9947         1.041e-04       1.570e-02         33          9.42 
  0.9947         8.522e-05       1.280e-02         34          9.70 
  0.9948         8.609e-05       1.012e-02         35          9.97 
  0.9948         7.864e-05       1.238e-02         36         10.25 
  0.9948         7.456e-05       1.377e-02         37         10.53 
  0.9949         7.399e-05       1.114e-02         38         10.81 
  0.9949         6.660e-05       1.212e-02         39         11.08 
  0.9949         6.474e-05       1.627e-02         40         11.37 
  0.9949         6.380e-05       1.185e-02         41         11.64 
  0.9949         5.726e-05       1.132e-02         42         11.92 
  0.9949         5.604e-05       1.644e-02         43         12.23 
  0.9949         5.411e-05       1.129e-02         44         12.51 
  0.9949         4.578e-05       1.010e-02         45         12.79 
  0.9949         4.462e-05       1.768e-02         46         13.11 
  0.9949         4.183e-05       1.339e-02         47         13.38 
  0.9949         3.461e-05       1.189e-02         48         13.66 
  0.9949         3.335e-05       1.914e-02         49         13.97 
  0.9949         2.517e-05       1.482e-02         50         14.25 
  0.9949         1.577e-05       1.198e-02         51         14.53 
  0.9949         1.309e-05       1.638e-02         52         14.81 
  0.9949         1.077e-05       1.550e-02         53         15.09 
  0.9949         8.146e-06       1.198e-02         54         15.37 
  0.9949         5.343e-06       1.469e-02         55         15.64 
  0.9949         4.482e-06       1.847e-02         56         15.93 
  0.9949         4.151e-06       1.363e-02         57         16.20 
  0.9949         3.326e-06       1.336e-02         58         16.49 
  0.9949         2.987e-06       1.884e-02         59         16.79 
  0.9949         2.967e-06       1.361e-02         60         17.08 
  0.9949         2.489e-06       1.305e-02         61         17.35 
  0.9949         2.303e-06       2.321e-02         62         17.67 
  0.9949         2.559e-06       1.735e-02         63         17.96 
  0.9949         2.771e-06       1.359e-02         64         18.24 
  0.9950         2.982e-06       1.986e-02         65         18.55 
  0.9950         3.716e-06       1.542e-02         66         18.83 
  0.9950         4.529e-06       1.245e-02         67         19.11 
  0.9950         4.925e-06       1.778e-02         68         19.42 
  0.9950         5.647e-06       1.671e-02         69         19.70 

Found pulse of desired fidelity!
