 Goodness |  Improvement/step |  Step Size  |  Iterations  |  CPU Time
  0.7970         1.040e+00       6.000e-03          1          2.04 
  0.8607         9.930e-01       1.200e-02          2          4.14 
  0.9398         9.470e-01       8.850e-03          3          5.62 
  0.9479         8.974e-01       1.220e-02          4          7.37 
  0.9820         8.491e-01       5.532e-03          5          9.22 
  0.9884         7.994e-01       5.294e-03          6         10.79 
  0.9895         7.495e-01       7.766e-03          7         12.68 
  0.9905         6.995e-01       7.584e-03          8         14.20 
  0.9925         6.496e-01       6.279e-03          9         15.74 
  0.9926         5.996e-01       1.256e-02         10         17.38 
  0.9934         5.497e-01       7.410e-03         11         19.02 
  0.9934         4.997e-01       8.127e-03         12         20.45 
  0.9935         4.497e-01       1.237e-02         13         22.33 
  0.9937         3.997e-01       6.249e-03         14         23.93 
  0.9938         3.497e-01       1.045e-02         15         25.82 
  0.9938         2.997e-01       7.936e-03         16         27.44 
  0.9939         2.497e-01       5.895e-03         17         28.92 
  0.9939         1.997e-01       1.112e-02         18         30.81 
  0.9939         1.497e-01       9.542e-03         19         32.12 
  0.9939         9.970e-02       6.175e-03         20         33.52 
  0.9939         9.846e-03       7.043e-03         21         34.94 
  0.9939         6.662e-03       1.409e-02         22         36.76 
  0.9939         2.708e-03       7.255e-03         23         38.24 
  0.9939         2.304e-03       1.451e-02         24         40.02 
  0.9940         5.953e-04       1.434e-02         25         41.76 
  0.9940         2.779e-04       1.147e-02         26         43.44 
  0.9941         2.303e-04       6.299e-03         27         45.03 
  0.9942         1.829e-04       4.965e-03         28         46.57 
  0.9942         8.491e-05       9.691e-03         29         48.10 
  0.9943         8.172e-05       7.810e-03         30         49.72 
  0.9944         4.897e-05       4.914e-03         31         50.97 
  0.9944         4.717e-05       8.087e-03         32         52.62 
  0.9944         4.600e-05       8.878e-03         33         54.44 
  0.9945         3.768e-05       5.380e-03         34         55.96 
  0.9945         3.639e-05       4.835e-03         35         57.49 
  0.9945         3.479e-05       7.646e-03         36         59.64 
  0.9945         3.292e-05       7.976e-03         37         61.54 
  0.9946         3.286e-05       5.025e-03         38         63.01 
  0.9946         3.273e-05       5.797e-03         39         64.31 
  0.9946         3.215e-05       1.107e-02         40         66.13 
  0.9946         3.244e-05       6.121e-03         41         67.52 
  0.9946         3.254e-05       5.145e-03         42         68.90 
  0.9946         3.200e-05       1.029e-02         43         70.76 
  0.9946         3.211e-05       7.481e-03         44         72.33 
  0.9946         3.176e-05       6.434e-03         45         73.60 
  0.9946         2.928e-05       4.732e-03         46         75.16 
  0.9946         2.510e-05       5.420e-03         47         76.77 
  0.9946         2.045e-05       8.334e-03         48         78.71 
  0.9946         1.979e-05       8.398e-03         49         80.55 
  0.9946         1.661e-05       5.558e-03         50         82.22 
  0.9946         1.210e-05       6.081e-03         51         83.63 
  0.9946         1.099e-05       6.870e-03         52         85.13 
  0.9946         9.714e-06       9.874e-03         53         86.89 
  0.9946         6.436e-06       5.632e-03         54         88.27 
  0.9946         4.997e-06       5.316e-03         55         89.68 
  0.9946         4.927e-06       6.717e-03         56         91.22 
  0.9946         4.669e-06       7.364e-03         57         92.60 
  0.9946         4.062e-06       6.224e-03         58         93.83 
  0.9947         4.249e-06       4.364e-03         59         95.04 
  0.9947         4.219e-06       6.195e-03         60         96.56 
  0.9947         3.854e-06       7.926e-03         61         97.81 
  0.9947         3.803e-06       6.959e-03         62         99.05 
  0.9947         3.966e-06       5.079e-03         63         100.26 
  0.9947         3.814e-06       6.093e-03         64         101.33 
  0.9947         3.683e-06       8.471e-03         65         102.44 
  0.9947         3.737e-06       1.030e-02         66         103.64 
  0.9947         4.127e-06       5.883e-03         67         104.59 
  0.9947         4.330e-06       6.937e-03         68         105.67 
  0.9947         4.325e-06       7.491e-03         69         106.79 
  0.9947         4.223e-06       8.599e-03         70         107.74 
  0.9947         4.731e-06       5.646e-03         71         108.79 
  0.9947         4.971e-06       4.771e-03         72         110.14 
  0.9947         4.882e-06       8.014e-03         73         111.35 
  0.9947         4.499e-06       7.288e-03         74         112.28 
  0.9947         4.489e-06       5.362e-03         75         113.36 
  0.9947         4.580e-06       5.094e-03         76         114.73 
  0.9947         4.459e-06       7.697e-03         77         115.90 
  0.9947         4.245e-06       9.039e-03         78         116.75 
  0.9947         4.198e-06       6.777e-03         79         117.68 
  0.9947         4.379e-06       4.950e-03         80         118.70 
  0.9947         4.393e-06       9.900e-03         81         119.83 
  0.9947         4.521e-06       8.422e-03         82         121.01 
  0.9948         4.775e-06       7.811e-03         83         122.37 
  0.9948         5.274e-06       4.938e-03         84         123.46 
  0.9948         5.385e-06       7.730e-03         85         124.65 
  0.9948         5.493e-06       9.295e-03         86         126.03 
  0.9948         5.826e-06       5.936e-03         87         127.03 
  0.9948         5.932e-06       4.653e-03         88         128.22 
  0.9948         5.890e-06       8.517e-03         89         129.45 
  0.9948         5.751e-06       7.415e-03         90         130.54 
  0.9948         5.320e-06       5.293e-03         91         131.46 
  0.9948         5.053e-06       5.367e-03         92         132.36 
  0.9948         4.993e-06       8.349e-03         93         133.44 
  0.9948         4.834e-06       9.075e-03         94         134.41 
  0.9948         4.758e-06       5.125e-03         95         135.24 
  0.9948         4.587e-06       8.932e-03         96         136.30 
  0.9948         4.620e-06       1.076e-02         97         137.23 
  0.9948         4.726e-06       7.346e-03         98         138.27 
  0.9948         4.684e-06       5.668e-03         99         139.19 
  0.9948         4.511e-06       1.134e-02        100         140.27 
  0.9948         4.673e-06       9.588e-03        101         141.25 
  0.9948         4.998e-06       7.677e-03        102         142.26 
  0.9949         4.829e-06       5.935e-03        103         143.27 
  0.9949         4.350e-06       1.187e-02        104         144.52 
  0.9949         4.750e-06       6.411e-03        105         145.48 
  0.9949         4.589e-06       5.500e-03        106         146.53 
  0.9949         3.817e-06       6.817e-03        107         147.39 
  0.9949         3.479e-06       8.154e-03        108         148.38 
  0.9949         3.459e-06       6.014e-03        109         149.49 
  0.9949         3.391e-06       5.759e-03        110         150.64 
  0.9949         3.151e-06       4.895e-03        111         151.57 
  0.9949         3.102e-06       8.777e-03        112         152.83 
  0.9949         3.149e-06       7.231e-03        113         153.78 
  0.9949         3.151e-06       6.655e-03        114         154.86 
  0.9949         3.049e-06       5.077e-03        115         155.84 
  0.9949         3.039e-06       5.836e-03        116         156.70 
  0.9949         3.002e-06       7.737e-03        117         157.73 
  0.9949         2.849e-06       7.809e-03        118         158.99 
  0.9949         2.736e-06       5.746e-03        119         160.23 
  0.9949         2.748e-06       5.513e-03        120         161.28 
  0.9949         2.546e-06       5.275e-03        121         162.22 
  0.9949         1.999e-06       9.238e-03        122         163.17 
  0.9949         1.811e-06       6.296e-03        123         163.91 
  0.9949         1.818e-06       6.012e-03        124         164.66 
  0.9949         1.335e-06       4.722e-03        125         165.41 
  0.9949         1.250e-06       7.154e-03        126         166.40 
  0.9949         1.265e-06       7.462e-03        127         167.17 
  0.9949         1.282e-06       6.522e-03        128         167.93 
  0.9949         1.262e-06       4.989e-03        129         168.70 
  0.9949         1.207e-06       5.356e-03        130         169.57 
  0.9949         1.172e-06       5.947e-03        131         170.44 
  0.9949         1.169e-06       8.114e-03        132         171.41 
  0.9949         1.139e-06       5.304e-03        133         172.25 
  0.9949         1.079e-06       6.042e-03        134         173.14 
  0.9949         9.793e-07       5.730e-03        135         173.94 
  0.9949         9.666e-07       1.005e-02        136         174.89 
  0.9949         9.992e-07       7.551e-03        137         175.66 
  0.9949         1.003e-06       6.202e-03        138         176.43 
  0.9949         9.398e-07       5.856e-03        139         177.22 
  0.9949         8.940e-07       7.653e-03        140         178.00 
  0.9949         9.115e-07       8.004e-03        141         178.84 
  0.9949         9.993e-07       7.522e-03        142         179.64 
  0.9949         1.062e-06       4.953e-03        143         180.45 
  0.9949         1.040e-06       6.709e-03        144         181.24 
  0.9949         1.027e-06       6.546e-03        145         182.00 
  0.9949         1.087e-06       9.987e-03        146         182.91 
  0.9949         1.382e-06       5.899e-03        147         183.64 
  0.9949         1.468e-06       5.487e-03        148         184.42 
  0.9949         1.488e-06       5.394e-03        149         185.16 
  0.9949         1.504e-06       7.610e-03        150         186.23 
  0.9949         1.598e-06       6.912e-03        151         186.94 
  0.9949         1.708e-06       5.742e-03        152         187.75 
  0.9949         1.763e-06       4.588e-03        153         188.45 
  0.9949         1.776e-06       6.701e-03        154         189.34 
  0.9949         1.802e-06       6.543e-03        155         190.08 
  0.9949         1.857e-06       8.541e-03        156         190.82 
  0.9949         1.958e-06       5.134e-03        157         191.53 
  0.9949         1.961e-06       6.026e-03        158         192.30 
  0.9949         1.953e-06       5.974e-03        159         193.06 
  0.9949         1.964e-06       8.467e-03        160         194.03 
  0.9949         2.032e-06       6.076e-03        161         194.87 
  0.9949         1.984e-06       5.167e-03        162         195.72 
  0.9949         1.858e-06       5.071e-03        163         196.58 
  0.9949         1.813e-06       7.312e-03        164         197.63 
  0.9950         1.789e-06       6.563e-03        165         198.50 
  0.9950         1.769e-06       6.480e-03        166         199.32 
  0.9950         1.486e-06       4.461e-03        167         200.15 
  0.9950         1.362e-06       6.873e-03        168         201.15 
  0.9950         1.286e-06       6.353e-03        169         201.89 
  0.9950         1.270e-06       7.872e-03        170         202.67 
  0.9950         1.216e-06       5.167e-03        171         203.39 
  0.9950         1.102e-06       5.305e-03        172         204.16 
  0.9950         1.012e-06       6.175e-03        173         204.95 
  0.9950         9.847e-07       7.929e-03        174         205.75 
  0.9950         9.672e-07       6.389e-03        175         206.62 
  0.9950         9.235e-07       5.654e-03        176         207.45 
  0.9950         7.724e-07       4.605e-03        177         208.32 
  0.9950         7.191e-07       8.193e-03        178         209.21 
  0.9950         6.843e-07       6.986e-03        179         210.01 
  0.9950         6.670e-07       8.020e-03        180         210.81 
  0.9950         5.792e-07       5.445e-03        181         211.63 
  0.9950         5.233e-07       6.875e-03        182         212.40 
  0.9950         4.996e-07       8.123e-03        183         213.18 
  0.9950         5.099e-07       9.003e-03        184         213.97 
  0.9950         5.670e-07       6.603e-03        185         214.82 
  0.9950         5.732e-07       5.703e-03        186         215.61 
  0.9950         5.635e-07       5.686e-03        187         216.43 
  0.9950         5.808e-07       8.725e-03        188         217.37 
  0.9950         6.573e-07       6.144e-03        189         218.12 
  0.9950         7.187e-07       5.874e-03        190         218.86 
  0.9950         7.231e-07       4.317e-03        191         219.65 
  0.9950         7.206e-07       6.840e-03        192         220.57 
  0.9950         7.319e-07       6.724e-03        193         221.31 
  0.9950         7.474e-07       6.603e-03        194         222.07 
  0.9950         7.623e-07       4.948e-03        195         222.84 
  0.9950         7.472e-07       5.158e-03        196         223.61 
  0.9950         7.401e-07       6.491e-03        197         224.35 
  0.9950         7.432e-07       8.277e-03        198         225.18 
  0.9950         7.536e-07       5.805e-03        199         225.92 
  0.9950         7.511e-07       5.851e-03        200         226.74 
  0.9950         7.232e-07       5.120e-03        201         227.53 
  0.9950         7.165e-07       9.339e-03        202         228.50 
  0.9950         7.181e-07       7.346e-03        203         229.29 
  0.9950         7.097e-07       6.669e-03        204         230.07 
  0.9950         6.412e-07       5.873e-03        205         230.86 
  0.9950         5.882e-07       7.362e-03        206         231.65 
  0.9950         5.688e-07       8.647e-03        207         232.48 
  0.9950         5.840e-07       7.724e-03        208         233.30 
  0.9950         5.695e-07       5.284e-03        209         234.13 
  0.9950         5.207e-07       5.897e-03        210         234.97 
  0.9950         4.842e-07       5.788e-03        211         235.75 
  0.9950         4.939e-07       9.414e-03        212         236.81 
  0.9950         5.588e-07       5.948e-03        213         237.56 
  0.9950         5.788e-07       5.724e-03        214         238.34 
  0.9950         5.733e-07       5.740e-03        215         239.16 
  0.9950         5.806e-07       8.319e-03        216         240.14 
  0.9950         6.330e-07       7.352e-03        217         240.93 
  0.9950         6.936e-07       5.798e-03        218         241.73 
  0.9950         7.261e-07       4.780e-03        219         242.59 
  0.9950         7.294e-07       6.763e-03        220         243.56 
  0.9950         7.456e-07       6.761e-03        221         244.34 
  0.9950         7.839e-07       8.158e-03        222         245.17 
  0.9950         8.532e-07       4.986e-03        223         246.00 
  0.9950         8.603e-07       6.191e-03        224         246.82 
  0.9950         8.579e-07       6.431e-03        225         247.72 
  0.9950         8.725e-07       9.052e-03        226         248.54 
  0.9950         9.465e-07       6.220e-03        227         249.47 
  0.9950         9.511e-07       5.457e-03        228         250.35 
  0.9950         9.054e-07       5.640e-03        229         251.23 
  0.9950         8.945e-07       8.062e-03        230         252.19 
  0.9950         9.317e-07       6.452e-03        231         253.04 
  0.9950         9.817e-07       6.165e-03        232         253.90 
  0.9950         9.427e-07       4.502e-03        233         254.79 
  0.9950         9.142e-07       7.732e-03        234         255.67 

Found pulse of desired fidelity!
