#
# An unexpected error has been detected by HotSpot Virtual Machine:
#
#  EXCEPTION_ACCESS_VIOLATION (0xc0000005) at pc=0x037c6cb3, pid=3020, tid=2332
#
# Java VM: Java HotSpot(TM) Client VM (1.5.0-b64 mixed mode)
# Problematic frame:
# C  [GOOGLEPINYIN2.IME+0x96cb3]
#

---------------  T H R E A D  ---------------

Current thread (0x0add5c40):  JavaThread "AWT-Windows" daemon [_thread_in_native, id=2332]

siginfo: ExceptionCode=0xc0000005, reading address 0x00000004

Registers:
EAX=0x00000111, EBX=0x00000002, ECX=0x00000000, EDX=0x00000000
ESP=0x0b1ff05c, EBP=0x0b1ff08c, ESI=0x0763ff78, EDI=0x03c55150
EIP=0x037c6cb3, EFLAGS=0x00010246

Top of Stack: (sp=0x0b1ff05c)
0x0b1ff05c:   00090572 0763ff78 00000111 00000002
0x0b1ff06c:   00090572 037c72a2 0763ff78 00000001
0x0b1ff07c:   0b1ff0f4 037c7250 0b1ff0b8 00000000
0x0b1ff08c:   00000000 77d18734 00090572 00000111
0x0b1ff09c:   00000002 00090572 037c7250 dcbaabcd
0x0b1ff0ac:   00000000 0b1ff0f4 037c7250 0b1ff120
0x0b1ff0bc:   77d18816 037c7250 00090572 00000111
0x0b1ff0cc:   00000002 00090572 00000111 0107b2c8 

Instructions: (pc=0x037c6cb3)
0x037c6ca3:   24 1c 01 00 00 00 85 c9 75 41 8b 7e 04 8b 57 50
0x037c6cb3:   8b 4a 04 53 e8 b4 c6 ff ff 85 c0 74 25 8b 70 1c 


Stack: [0x0b180000,0x0b200000),  sp=0x0b1ff05c,  free space=508k
Native frames: (J=compiled Java code, j=interpreted, Vv=VM code, C=native code)
C  [GOOGLEPINYIN2.IME+0x96cb3]

Java frames: (J=compiled Java code, j=interpreted, Vv=VM code)
j  sun.awt.windows.WToolkit.eventLoop()V+0
j  sun.awt.windows.WToolkit.run()V+69
j  java.lang.Thread.run()V+11
v  ~StubRoutines::call_stub

---------------  P R O C E S S  ---------------

Java Threads: ( => current thread )
  0x0af09510 JavaThread "Thread-1" daemon [_thread_in_native, id=2944]
  0x0b885d38 JavaThread "SIGTERM handler" daemon [_thread_blocked, id=2688]
  0x0aee8138 JavaThread "Prefs Updater" [_thread_blocked, id=3832]
  0x0aee25b0 JavaThread "Timer-5" [_thread_blocked, id=2988]
  0x0ae31480 JavaThread "Text-Layout" [_thread_blocked, id=3864]
  0x0af01588 JavaThread "Timer-2" daemon [_thread_blocked, id=3172]
  0x0ae8e7d8 JavaThread "TimerQueue" daemon [_thread_blocked, id=3112]
  0x0ab437a0 JavaThread "AWT-EventQueue-0" [_thread_in_native, id=2780]
  0x0b096240 JavaThread "AWT-Shutdown" [_thread_blocked, id=2628]
  0x0b07be58 JavaThread "Java2D Disposer" daemon [_thread_blocked, id=3720]
  0x0b07ee40 JavaThread "Timer-0" [_thread_blocked, id=2764]
=>0x0add5c40 JavaThread "AWT-Windows" daemon [_thread_in_native, id=2332]
  0x085ef258 JavaThread "Low Memory Detector" daemon [_thread_blocked, id=2436]
  0x085ede38 JavaThread "CompilerThread0" daemon [_thread_blocked, id=332]
  0x085ed1c0 JavaThread "Signal Dispatcher" daemon [_thread_blocked, id=2384]
  0x085dfbb8 JavaThread "Finalizer" daemon [_thread_blocked, id=3760]
  0x085de728 JavaThread "Reference Handler" daemon [_thread_blocked, id=1680]
  0x00d2fc70 JavaThread "main" [_thread_in_native, id=2924]

Other Threads:
  0x085da5e0 VMThread [id=676]
  0x085ecbf8 WatcherThread [id=2972]

VM state:not at safepoint (normal execution)

VM Mutex/Monitor currently owned by a thread: None

Heap
 def new generation   total 14784K, used 13990K [0x10010000, 0x11010000, 0x11810000)
  eden space 13184K,  97% used [0x10010000, 0x10ca0cc0, 0x10cf0000)
  from space 1600K,  70% used [0x10cf0000, 0x10e08dc8, 0x10e80000)
  to   space 1600K,   0% used [0x10e80000, 0x10e80000, 0x11010000)
 tenured generation   total 49152K, used 27727K [0x11810000, 0x14810000, 0x16010000)
   the space 49152K,  56% used [0x11810000, 0x13323cd8, 0x13323e00, 0x14810000)
 compacting perm gen  total 20480K, used 20286K [0x16010000, 0x17410000, 0x18010000)
   the space 20480K,  99% used [0x16010000, 0x173df968, 0x173dfa00, 0x17410000)
No shared spaces configured.

Dynamic libraries:
0x00400000 - 0x0051d000 	D:\Program Files\MATLAB\R2006b\bin\win32\MATLAB.exe
0x7c920000 - 0x7c9b3000 	C:\WINDOWS\system32\ntdll.dll
0x7c800000 - 0x7c91e000 	C:\WINDOWS\system32\kernel32.dll
0x78440000 - 0x784fd000 	D:\Program Files\MATLAB\R2006b\bin\win32\libut.dll
0x78100000 - 0x781aa000 	D:\Program Files\MATLAB\R2006b\bin\win32\icuin32.dll
0x781f0000 - 0x78284000 	D:\Program Files\MATLAB\R2006b\bin\win32\icuuc32.dll
0x77da0000 - 0x77e49000 	C:\WINDOWS\system32\ADVAPI32.dll
0x77e50000 - 0x77ee2000 	C:\WINDOWS\system32\RPCRT4.dll
0x77fc0000 - 0x77fd1000 	C:\WINDOWS\system32\Secur32.dll
0x10000000 - 0x10005000 	D:\Program Files\MATLAB\R2006b\bin\win32\icudt32.dll
0x7c340000 - 0x7c396000 	D:\Program Files\MATLAB\R2006b\bin\win32\MSVCR71.dll
0x781b0000 - 0x781bb000 	D:\Program Files\MATLAB\R2006b\bin\win32\icuio32.dll
0x7c3a0000 - 0x7c41b000 	D:\Program Files\MATLAB\R2006b\bin\win32\MSVCP71.dll
0x76c60000 - 0x76c89000 	C:\WINDOWS\system32\imagehlp.dll
0x77be0000 - 0x77c38000 	C:\WINDOWS\system32\msvcrt.dll
0x77d10000 - 0x77da0000 	C:\WINDOWS\system32\USER32.dll
0x77ef0000 - 0x77f39000 	C:\WINDOWS\system32\GDI32.dll
0x76990000 - 0x76acd000 	C:\WINDOWS\system32\ole32.dll
0x770f0000 - 0x7717b000 	C:\WINDOWS\system32\OLEAUT32.dll
0x78df0000 - 0x78fff000 	D:\Program Files\MATLAB\R2006b\bin\win32\libmwservices.dll
0x76320000 - 0x76367000 	C:\WINDOWS\system32\comdlg32.dll
0x5d170000 - 0x5d20a000 	C:\WINDOWS\system32\COMCTL32.dll
0x7d590000 - 0x7dd84000 	C:\WINDOWS\system32\SHELL32.dll
0x77f40000 - 0x77fb6000 	C:\WINDOWS\system32\SHLWAPI.dll
0x78590000 - 0x785aa000 	D:\Program Files\MATLAB\R2006b\bin\win32\mpath.dll
0x78500000 - 0x7854a000 	D:\Program Files\MATLAB\R2006b\bin\win32\libmx.dll
0x78430000 - 0x7843e000 	D:\Program Files\MATLAB\R2006b\bin\win32\libz.dll
0x00280000 - 0x002df000 	D:\Program Files\MATLAB\R2006b\bin\win32\libmwmathutil.dll
0x5fdd0000 - 0x5fe25000 	C:\WINDOWS\system32\NETAPI32.dll
0x71a20000 - 0x71a37000 	C:\WINDOWS\system32\WS2_32.dll
0x71a10000 - 0x71a18000 	C:\WINDOWS\system32\WS2HELP.dll
0x78550000 - 0x7855f000 	D:\Program Files\MATLAB\R2006b\bin\win32\libmex.dll
0x78580000 - 0x7858e000 	D:\Program Files\MATLAB\R2006b\bin\win32\mvalue.dll
0x786f0000 - 0x78751000 	D:\Program Files\MATLAB\R2006b\bin\win32\m_dispatcher.dll
0x78290000 - 0x78430000 	D:\Program Files\MATLAB\R2006b\bin\win32\xerces-c_2_6.dll
0x78dd0000 - 0x78de6000 	D:\Program Files\MATLAB\R2006b\bin\win32\datasvcs.dll
0x78560000 - 0x7857d000 	D:\Program Files\MATLAB\R2006b\bin\win32\libmat.dll
0x002e0000 - 0x003a7000 	D:\Program Files\MATLAB\R2006b\bin\win32\libhdf5.dll
0x79430000 - 0x7945c000 	D:\Program Files\MATLAB\R2006b\bin\win32\mcr.dll
0x79d00000 - 0x79d10000 	D:\Program Files\MATLAB\R2006b\bin\win32\mwoles05.dll
0x78760000 - 0x78b77000 	D:\Program Files\MATLAB\R2006b\bin\win32\m_interpreter.dll
0x78d70000 - 0x78d86000 	D:\Program Files\MATLAB\R2006b\bin\win32\m_pcodegen.dll
0x78d30000 - 0x78d64000 	D:\Program Files\MATLAB\R2006b\bin\win32\m_ir.dll
0x78d90000 - 0x78da4000 	D:\Program Files\MATLAB\R2006b\bin\win32\m_pcodeio.dll
0x78b80000 - 0x78d24000 	D:\Program Files\MATLAB\R2006b\bin\win32\m_parser.dll
0x78db0000 - 0x78dbd000 	D:\Program Files\MATLAB\R2006b\bin\win32\ir_xfmr.dll
0x785b0000 - 0x78660000 	D:\Program Files\MATLAB\R2006b\bin\win32\mcos.dll
0x003b0000 - 0x003dd000 	D:\Program Files\MATLAB\R2006b\bin\win32\profiler.dll
0x79db0000 - 0x79dec000 	D:\Program Files\MATLAB\R2006b\bin\win32\comcli.dll
0x79d70000 - 0x79da3000 	D:\Program Files\MATLAB\R2006b\bin\win32\jmi.dll
0x79e40000 - 0x79e5e000 	D:\Program Files\MATLAB\R2006b\bin\win32\bridge.dll
0x78660000 - 0x786e4000 	D:\Program Files\MATLAB\R2006b\bin\win32\udd.dll
0x79100000 - 0x79179000 	D:\Program Files\MATLAB\R2006b\bin\win32\uiw.dll
0x791b0000 - 0x791b9000 	D:\Program Files\MATLAB\R2006b\bin\win32\uinone.dll
0x79400000 - 0x7942b000 	D:\Program Files\MATLAB\R2006b\bin\win32\libmwhardcopy.dll
0x791c0000 - 0x7926a000 	D:\Program Files\MATLAB\R2006b\bin\win32\libmwgui.dll
0x79180000 - 0x791a8000 	D:\Program Files\MATLAB\R2006b\bin\win32\libuij.dll
0x7c140000 - 0x7c243000 	D:\Program Files\MATLAB\R2006b\bin\win32\MFC71.DLL
0x72f70000 - 0x72f96000 	C:\WINDOWS\system32\WINSPOOL.DRV
0x7c120000 - 0x7c139000 	D:\Program Files\MATLAB\R2006b\bin\win32\ATL71.DLL
0x79df0000 - 0x79df9000 	D:\Program Files\MATLAB\R2006b\bin\win32\mlautoregister.dll
0x79d10000 - 0x79d65000 	D:\Program Files\MATLAB\R2006b\bin\win32\udd_mi.dll
0x79270000 - 0x793c9000 	D:\Program Files\MATLAB\R2006b\bin\win32\hg.dll
0x79460000 - 0x795e7000 	D:\Program Files\MATLAB\R2006b\bin\win32\numerics.dll
0x79bf0000 - 0x79bf7000 	D:\Program Files\MATLAB\R2006b\bin\win32\libmwamd.dll
0x79c00000 - 0x79c5a000 	D:\Program Files\MATLAB\R2006b\bin\win32\libmwcholmod.dll
0x79c60000 - 0x79c67000 	D:\Program Files\MATLAB\R2006b\bin\win32\libmwcolamd.dll
0x795f0000 - 0x79613000 	D:\Program Files\MATLAB\R2006b\bin\win32\libmwlapack.dll
0x79650000 - 0x796d6000 	D:\Program Files\MATLAB\R2006b\bin\win32\libfftw3.dll
0x796e0000 - 0x7975f000 	D:\Program Files\MATLAB\R2006b\bin\win32\libfftw3f.dll
0x79c70000 - 0x79cf4000 	D:\Program Files\MATLAB\R2006b\bin\win32\libmwumfpack.dll
0x76300000 - 0x7631d000 	C:\WINDOWS\system32\IMM32.DLL
0x62c20000 - 0x62c29000 	C:\WINDOWS\system32\LPK.DLL
0x73fa0000 - 0x7400b000 	C:\WINDOWS\system32\USP10.dll
0x77180000 - 0x77283000 	C:\WINDOWS\WinSxS\x86_Microsoft.Windows.Common-Controls_6595b64144ccf1df_6.0.2600.6028_x-ww_61e65202\comctl32.dll
0x7c300000 - 0x7c30a000 	D:\Program Files\MATLAB\R2006b\bin\win32\MFC71CHS.DLL
0x79620000 - 0x79648000 	D:\Program Files\MATLAB\R2006b\bin\win32\mkl.dll
0x79760000 - 0x79be2000 	D:\Program Files\MATLAB\R2006b\bin\win32\lapack.dll
0x01fe0000 - 0x0208a000 	D:\Program Files\MATLAB\R2006b\bin\win32\libifcoremd.dll
0x02090000 - 0x022c0000 	D:\Program Files\MATLAB\R2006b\bin\win32\libmmd.dll
0x741f0000 - 0x741f4000 	C:\WINDOWS\system32\icmp.Dll
0x76d30000 - 0x76d48000 	C:\WINDOWS\system32\iphlpapi.dll
0x5adc0000 - 0x5adf7000 	C:\WINDOWS\system32\uxtheme.dll
0x70200000 - 0x7039d000 	D:\Program Files\360\360safe\safemon\safemon.dll
0x76bc0000 - 0x76bcb000 	C:\WINDOWS\system32\PSAPI.DLL
0x77bd0000 - 0x77bd8000 	C:\WINDOWS\system32\VERSION.dll
0x74680000 - 0x746cc000 	C:\WINDOWS\system32\MSCTF.dll
0x73640000 - 0x7366e000 	C:\WINDOWS\system32\msctfime.ime
0x03730000 - 0x03a89000 	C:\WINDOWS\system32\GOOGLEPINYIN2.IME
0x765e0000 - 0x76673000 	C:\WINDOWS\system32\CRYPT32.dll
0x76db0000 - 0x76dc2000 	C:\WINDOWS\system32\MSASN1.dll
0x76c00000 - 0x76c2e000 	C:\WINDOWS\system32\WINTRUST.dll
0x762f0000 - 0x762f5000 	C:\WINDOWS\system32\MSIMG32.dll
0x4ae90000 - 0x4b03b000 	C:\WINDOWS\WinSxS\x86_Microsoft.Windows.GdiPlus_6595b64144ccf1df_1.0.6002.23084_x-ww_f3f35550\gdiplus.dll
0x68d60000 - 0x68e01000 	C:\WINDOWS\system32\dbghelp.dll
0x76680000 - 0x76726000 	C:\WINDOWS\system32\WININET.dll
0x76b10000 - 0x76b3a000 	C:\WINDOWS\system32\WINMM.dll
0x6d640000 - 0x6d7c5000 	D:\Program Files\MATLAB\R2006b\sys\java\jre\win32\jre1.5.0\bin\client\jvm.dll
0x76fa0000 - 0x7701f000 	C:\WINDOWS\system32\CLBCATQ.DLL
0x77020000 - 0x770ba000 	C:\WINDOWS\system32\COMRes.dll
0x5dd50000 - 0x5de64000 	C:\WINDOWS\system32\msxml3.dll
0x6d280000 - 0x6d288000 	D:\Program Files\MATLAB\R2006b\sys\java\jre\win32\jre1.5.0\bin\hpi.dll
0x6d610000 - 0x6d61c000 	D:\Program Files\MATLAB\R2006b\sys\java\jre\win32\jre1.5.0\bin\verify.dll
0x6d300000 - 0x6d31d000 	D:\Program Files\MATLAB\R2006b\sys\java\jre\win32\jre1.5.0\bin\java.dll
0x6d630000 - 0x6d63f000 	D:\Program Files\MATLAB\R2006b\sys\java\jre\win32\jre1.5.0\bin\zip.dll
0x6d000000 - 0x6d166000 	D:\Program Files\MATLAB\R2006b\sys\java\jre\win32\jre1.5.0\bin\awt.dll
0x0b200000 - 0x0b20f000 	D:\Program Files\MATLAB\R2006b\bin\win32\nativejava.dll
0x0b210000 - 0x0b22d000 	D:\Program Files\MATLAB\R2006b\bin\win32\nativejmi.dll
0x0b2b0000 - 0x0b2b5000 	D:\Program Files\MATLAB\R2006b\bin\win32\nativeservices.dll
0x6d240000 - 0x6d27d000 	D:\Program Files\MATLAB\R2006b\sys\java\jre\win32\jre1.5.0\bin\fontmanager.dll
0x6d4c0000 - 0x6d4d3000 	D:\Program Files\MATLAB\R2006b\sys\java\jre\win32\jre1.5.0\bin\net.dll
0x6d4e0000 - 0x6d4e9000 	D:\Program Files\MATLAB\R2006b\sys\java\jre\win32\jre1.5.0\bin\nio.dll
0x7ae80000 - 0x7ae89000 	D:\Program Files\MATLAB\R2006b\bin\win32\nativelex.dll
0x0bf80000 - 0x0bf8d000 	D:\Program Files\MATLAB\R2006b\bin\win32\nativemlint.dll
0x0bf90000 - 0x0bfbb000 	D:\Program Files\MATLAB\R2006b\bin\win32\mwmlint.dll
0x79000000 - 0x790f6000 	D:\Program Files\MATLAB\R2006b\bin\win32\libmwbuiltins.dll
0x0cb50000 - 0x0cba4000 	D:\Program Files\MATLAB\R2006b\bin\win32\xmlcore.dll
0x08770000 - 0x08775000 	D:\Program Files\MATLAB\R2006b\toolbox\matlab\timefun\datenummx.mexw32
0x76060000 - 0x761b6000 	C:\WINDOWS\system32\SETUPAPI.dll
0x759d0000 - 0x75a7f000 	C:\WINDOWS\system32\USERENV.dll
0x76d70000 - 0x76d92000 	C:\WINDOWS\system32\appHelp.dll
0x0b5a0000 - 0x0b5b2000 	C:\Program Files\Common Files\TortoiseOverlays\TortoiseOverlays.dll
0x0b660000 - 0x0b66d000 	C:\Program Files\TortoiseSVN\bin\TortoiseStub32.dll
0x0d220000 - 0x0d28c000 	C:\Program Files\TortoiseSVN\bin\TortoiseSVN32.dll
0x0d290000 - 0x0d588000 	C:\Program Files\TortoiseSVN\bin\libsvn_tsvn32.dll
0x6eec0000 - 0x6eee4000 	C:\Program Files\TortoiseSVN\bin\libapr_tsvn32.dll
0x719c0000 - 0x719fe000 	C:\WINDOWS\system32\MSWSOCK.dll
0x0d590000 - 0x0d64f000 	C:\WINDOWS\system32\MSVCR100.dll

VM Arguments:
jvm_args: -Xss512k -XX:PermSize=16M -Xms64m -XX:NewRatio=3 -XX:MaxPermSize=32M -Xmx96m -Dsun.java2d.noddraw=true -Dsun.awt.nopixfmt=true -Xshare:off -Djava.library.path=D:\Program Files\MATLAB\R2006b\bin\win32 vfprintf abort
java_command: <unknown>

Environment Variables:
PATH=C:\WINDOWS\system32;C:\WINDOWS;C:\WINDOWS\system32\wbem;D:\Program Files\MATLAB\R2006b\bin;D:\Program Files\MATLAB\R2006b\bin\win32;D:\Program Files\CTEX\UserData\miktex\bin;D:\Program Files\CTEX\MiKTeX\miktex\bin;D:\Program Files\CTEX\CTeX\ctex\bin;D:\Program Files\CTEX\CTeX\cct\bin;D:\Program Files\CTEX\CTeX\ty\bin;D:\Program Files\CTEX\Ghostscript\gs9.00\bin;D:\Program Files\CTEX\GSview\gsview;D:\Program Files\CTEX\WinEdt;C:\Program Files\TortoiseSVN\bin;D:\Program Files\UltraEdit\UltraEdit\;D:\Program Files\IDM Computer Solutions\UltraEdit\
USERNAME=Administrator
OS=Windows_NT
PROCESSOR_IDENTIFIER=x86 Family 6 Model 15 Stepping 13, GenuineIntel


---------------  S Y S T E M  ---------------

OS: Windows XP Build 2600 Service Pack 3

CPU:total 2 family 6, cmov, cx8, fxsr, mmx, sse, sse2, ht

Memory: 4k page, physical 2095468k(1349148k free), swap 4031812k(3367620k free)

vm_info: Java HotSpot(TM) Client VM (1.5.0-b64) for windows-x86, built on Sep 15 2004 03:00:31 by "java_re" with MS VC++ 6.0

